빌드 시작: 2018-04-13 오후 4:13:02
     1>4 노드의 "C:\Users\daehyun.han\Documents\Visual Studio 2010\Projects\08LIB_18040206HanDaeHyun\Chapter(8-3 Explicit Dynamic Library)\Chapter(8-3 Explicit Dynamic Library).vcxproj" 프로젝트(build 대상)입니다.
     1>InitializeBuildStatus:
         "AlwaysCreate"이(가) 지정되었기 때문에 "Release\Chapter(8-3 Explicit Dynamic Library).unsuccessfulbuild"을(를) 만들고 있습니다.
       ClCompile:
         C:\Program Files (x86)\Microsoft Visual Studio 10.0\VC\bin\CL.exe /c /Zi /nologo /W3 /WX- /O2 /Oi /Oy- /GL /D WIN32 /D NDEBUG /D _CONSOLE /D _UNICODE /D UNICODE /Gm- /EHsc /MD /GS /Gy /fp:precise /Zc:wchar_t /Zc:forScope /Fo"Release\\" /Fd"Release\vc100.pdb" /Gd /TP /analyze- /errorReport:prompt "Chapter(8-3 Explicit Dynamic Library).cpp"
         Chapter(8-3 Explicit Dynamic Library).cpp
       Link:
         C:\Program Files (x86)\Microsoft Visual Studio 10.0\VC\bin\link.exe /ERRORREPORT:PROMPT /OUT:"C:\Users\daehyun.han\Documents\Visual Studio 2010\Projects\08LIB_18040206HanDaeHyun\Release\Chapter(8-3 Explicit Dynamic Library).exe" /INCREMENTAL:NO /NOLOGO kernel32.lib user32.lib gdi32.lib winspool.lib comdlg32.lib advapi32.lib shell32.lib ole32.lib oleaut32.lib uuid.lib odbc32.lib odbccp32.lib /MANIFEST /ManifestFile:"Release\Chapter(8-3 Explicit Dynamic Library).exe.intermediate.manifest" /MANIFESTUAC:"level='asInvoker' uiAccess='false'" /DEBUG /PDB:"C:\Users\daehyun.han\Documents\Visual Studio 2010\Projects\08LIB_18040206HanDaeHyun\Release\Chapter(8-3 Explicit Dynamic Library).pdb" /SUBSYSTEM:CONSOLE /OPT:REF /OPT:ICF /LTCG /TLBID:1 /DYNAMICBASE /NXCOMPAT /IMPLIB:"C:\Users\daehyun.han\Documents\Visual Studio 2010\Projects\08LIB_18040206HanDaeHyun\Release\Chapter(8-3 Explicit Dynamic Library).lib" /MACHINE:X86 "Release\Chapter(8-3 Explicit Dynamic Library).obj"
         코드를 생성하고 있습니다.
         코드를 생성했습니다.
         Chapter(8-3 Explicit Dynamic Library).vcxproj -> C:\Users\daehyun.han\Documents\Visual Studio 2010\Projects\08LIB_18040206HanDaeHyun\Release\Chapter(8-3 Explicit Dynamic Library).exe
       Manifest:
         C:\Program Files (x86)\Microsoft SDKs\Windows\v7.0A\bin\mt.exe /nologo /verbose /outputresource:"C:\Users\daehyun.han\Documents\Visual Studio 2010\Projects\08LIB_18040206HanDaeHyun\Release\Chapter(8-3 Explicit Dynamic Library).exe;#1" /manifest "Release\Chapter(8-3 Explicit Dynamic Library).exe.intermediate.manifest"
       FinalizeBuildStatus:
         "Release\Chapter(8-3 Explicit Dynamic Library).unsuccessfulbuild" 파일을 삭제하고 있습니다.
         "Release\Chapter(8-3 Explicit Dynamic Library).lastbuildstate"에 연결(touching)하고 있습니다.
     1>"C:\Users\daehyun.han\Documents\Visual Studio 2010\Projects\08LIB_18040206HanDaeHyun\Chapter(8-3 Explicit Dynamic Library)\Chapter(8-3 Explicit Dynamic Library).vcxproj" 프로젝트를 빌드했습니다(build 대상).

빌드했습니다.

경과 시간: 00:00:01.64
