C:\USERS\DAEHYUN.HAN\DOCUMENTS\VISUAL STUDIO 2010\PROJECTS\07OOP_18040206HANDAEHYUN\CHAPTER(7-10)\DEBUG\CHAPTER(7-10).EXE.EMBED.MANIFEST
C:\USERS\DAEHYUN.HAN\DOCUMENTS\VISUAL STUDIO 2010\PROJECTS\07OOP_18040206HANDAEHYUN\CHAPTER(7-10)\DEBUG\CHAPTER(7-10).EXE.EMBED.MANIFEST.RES
C:\USERS\DAEHYUN.HAN\DOCUMENTS\VISUAL STUDIO 2010\PROJECTS\07OOP_18040206HANDAEHYUN\CHAPTER(7-10)\DEBUG\CHAPTER(7-10).EXE.INTERMEDIATE.MANIFEST
C:\USERS\DAEHYUN.HAN\DOCUMENTS\VISUAL STUDIO 2010\PROJECTS\07OOP_18040206HANDAEHYUN\CHAPTER(7-10)\DEBUG\CHAPTER(7-10).OBJ
C:\Users\daehyun.han\Documents\Visual Studio 2010\Projects\07OOP_18040206HanDaeHyun\Chapter(7-10)\Debug\Chapter(7-10).vcxprojResolveAssemblyReference.cache
C:\Users\daehyun.han\Documents\Visual Studio 2010\Projects\07OOP_18040206HanDaeHyun\Chapter(7-10)\Debug\Chapter(7-10).write.1.tlog
C:\Users\daehyun.han\Documents\Visual Studio 2010\Projects\07OOP_18040206HanDaeHyun\Chapter(7-10)\Debug\Chapter(7-10)_manifest.rc
C:\Users\daehyun.han\Documents\Visual Studio 2010\Projects\07OOP_18040206HanDaeHyun\Chapter(7-10)\Debug\cl.command.1.tlog
C:\Users\daehyun.han\Documents\Visual Studio 2010\Projects\07OOP_18040206HanDaeHyun\Chapter(7-10)\Debug\CL.read.1.tlog
C:\Users\daehyun.han\Documents\Visual Studio 2010\Projects\07OOP_18040206HanDaeHyun\Chapter(7-10)\Debug\CL.write.1.tlog
C:\USERS\DAEHYUN.HAN\DOCUMENTS\VISUAL STUDIO 2010\PROJECTS\07OOP_18040206HANDAEHYUN\CHAPTER(7-10)\DEBUG\CMYSTRING.OBJ
C:\Users\daehyun.han\Documents\Visual Studio 2010\Projects\07OOP_18040206HanDaeHyun\Chapter(7-10)\Debug\link.4568.read.1.tlog
C:\Users\daehyun.han\Documents\Visual Studio 2010\Projects\07OOP_18040206HanDaeHyun\Chapter(7-10)\Debug\link.4568.write.1.tlog
C:\Users\daehyun.han\Documents\Visual Studio 2010\Projects\07OOP_18040206HanDaeHyun\Chapter(7-10)\Debug\link.4568-cvtres.read.1.tlog
C:\Users\daehyun.han\Documents\Visual Studio 2010\Projects\07OOP_18040206HanDaeHyun\Chapter(7-10)\Debug\link.4568-cvtres.write.1.tlog
C:\Users\daehyun.han\Documents\Visual Studio 2010\Projects\07OOP_18040206HanDaeHyun\Chapter(7-10)\Debug\link.command.1.tlog
C:\Users\daehyun.han\Documents\Visual Studio 2010\Projects\07OOP_18040206HanDaeHyun\Chapter(7-10)\Debug\link.read.1.tlog
C:\Users\daehyun.han\Documents\Visual Studio 2010\Projects\07OOP_18040206HanDaeHyun\Chapter(7-10)\Debug\link.write.1.tlog
C:\Users\daehyun.han\Documents\Visual Studio 2010\Projects\07OOP_18040206HanDaeHyun\Chapter(7-10)\Debug\link-cvtres.read.1.tlog
C:\Users\daehyun.han\Documents\Visual Studio 2010\Projects\07OOP_18040206HanDaeHyun\Chapter(7-10)\Debug\link-cvtres.write.1.tlog
C:\Users\daehyun.han\Documents\Visual Studio 2010\Projects\07OOP_18040206HanDaeHyun\Chapter(7-10)\Debug\mt.command.1.tlog
C:\Users\daehyun.han\Documents\Visual Studio 2010\Projects\07OOP_18040206HanDaeHyun\Chapter(7-10)\Debug\mt.read.1.tlog
C:\Users\daehyun.han\Documents\Visual Studio 2010\Projects\07OOP_18040206HanDaeHyun\Chapter(7-10)\Debug\mt.write.1.tlog
C:\Users\daehyun.han\Documents\Visual Studio 2010\Projects\07OOP_18040206HanDaeHyun\Chapter(7-10)\Debug\rc.command.1.tlog
C:\Users\daehyun.han\Documents\Visual Studio 2010\Projects\07OOP_18040206HanDaeHyun\Chapter(7-10)\Debug\rc.read.1.tlog
C:\Users\daehyun.han\Documents\Visual Studio 2010\Projects\07OOP_18040206HanDaeHyun\Chapter(7-10)\Debug\rc.write.1.tlog
C:\Users\daehyun.han\Documents\Visual Studio 2010\Projects\07OOP_18040206HanDaeHyun\Chapter(7-10)\Debug\vc100.idb
C:\USERS\DAEHYUN.HAN\DOCUMENTS\VISUAL STUDIO 2010\PROJECTS\07OOP_18040206HANDAEHYUN\CHAPTER(7-10)\DEBUG\VC100.PDB
C:\USERS\DAEHYUN.HAN\DOCUMENTS\VISUAL STUDIO 2010\PROJECTS\07OOP_18040206HANDAEHYUN\DEBUG\CHAPTER(7-10).EXE
C:\USERS\DAEHYUN.HAN\DOCUMENTS\VISUAL STUDIO 2010\PROJECTS\07OOP_18040206HANDAEHYUN\DEBUG\CHAPTER(7-10).ILK
C:\USERS\DAEHYUN.HAN\DOCUMENTS\VISUAL STUDIO 2010\PROJECTS\07OOP_18040206HANDAEHYUN\DEBUG\CHAPTER(7-10).PDB
