빌드 시작: 2018-04-13 오후 4:13:05
     1>4 노드의 "C:\Users\daehyun.han\Documents\Visual Studio 2010\Projects\08LIB_18040206HanDaeHyun\Chapter(8-2)\Chapter(8-2).vcxproj" 프로젝트(build 대상)입니다.
     1>InitializeBuildStatus:
         "AlwaysCreate"이(가) 지정되었기 때문에 "Release\Chapter(8-2 Static Library).unsuccessfulbuild"을(를) 만들고 있습니다.
       ClCompile:
         C:\Program Files (x86)\Microsoft Visual Studio 10.0\VC\bin\CL.exe /c /Zi /nologo /W3 /WX- /O2 /Oi /Oy- /GL /D WIN32 /D NDEBUG /D _CONSOLE /D _UNICODE /D UNICODE /Gm- /EHsc /MD /GS /Gy /fp:precise /Zc:wchar_t /Zc:forScope /Fo"Release\\" /Fd"Release\vc100.pdb" /Gd /TP /analyze- /errorReport:prompt "Chapter(8-2 Static Library).cpp" "Static Library.cpp"
         Chapter(8-2 Static Library).cpp
         Static Library.cpp
       Link:
         C:\Program Files (x86)\Microsoft Visual Studio 10.0\VC\bin\link.exe /ERRORREPORT:PROMPT /OUT:"C:\Users\daehyun.han\Documents\Visual Studio 2010\Projects\08LIB_18040206HanDaeHyun\Release\Chapter(8-2 Static Library).exe" /INCREMENTAL:NO /NOLOGO kernel32.lib user32.lib gdi32.lib winspool.lib comdlg32.lib advapi32.lib shell32.lib ole32.lib oleaut32.lib uuid.lib odbc32.lib odbccp32.lib /MANIFEST /ManifestFile:"Release\Chapter(8-2 Static Library).exe.intermediate.manifest" /MANIFESTUAC:"level='asInvoker' uiAccess='false'" /DEBUG /PDB:"C:\Users\daehyun.han\Documents\Visual Studio 2010\Projects\08LIB_18040206HanDaeHyun\Release\Chapter(8-2 Static Library).pdb" /SUBSYSTEM:CONSOLE /OPT:REF /OPT:ICF /LTCG /TLBID:1 /DYNAMICBASE /NXCOMPAT /IMPLIB:"C:\Users\daehyun.han\Documents\Visual Studio 2010\Projects\08LIB_18040206HanDaeHyun\Release\Chapter(8-2 Static Library).lib" /MACHINE:X86 "Release\Chapter(8-2 Static Library).obj"
         "Release\Static Library.obj"
     1>HDH_SLIB_Arithmetic.lib(calculation.obj) : warning LNK4075: '/EDITANDCONTINUE'이(가) '/OPT:ICF' 사양으로 인해 무시됩니다.
     1>LINK : warning LNK4098: 'MSVCRTD' defaultlib가 다른 라이브러리와 충돌합니다. /NODEFAULTLIB:library를 사용하십시오.
         코드를 생성하고 있습니다.
         코드를 생성했습니다.
     1>HDH_SLIB_Arithmetic.lib(calculation.obj) : warning LNK4099: 'vc100.pdb' PDB를 'HDH_SLIB_Arithmetic.lib(calculation.obj)' 또는 'C:\Users\daehyun.han\Documents\Visual Studio 2010\Projects\08LIB_18040206HanDaeHyun\Release\vc100.pdb'에서 찾을 수 없습니다. 디버그 정보가 없는 것처럼 개체를 링크합니다.
         Chapter(8-2).vcxproj -> C:\Users\daehyun.han\Documents\Visual Studio 2010\Projects\08LIB_18040206HanDaeHyun\Release\Chapter(8-2 Static Library).exe
       Manifest:
         C:\Program Files (x86)\Microsoft SDKs\Windows\v7.0A\bin\mt.exe /nologo /verbose /outputresource:"C:\Users\daehyun.han\Documents\Visual Studio 2010\Projects\08LIB_18040206HanDaeHyun\Release\Chapter(8-2 Static Library).exe;#1" /manifest "Release\Chapter(8-2 Static Library).exe.intermediate.manifest"
       FinalizeBuildStatus:
         "Release\Chapter(8-2 Static Library).unsuccessfulbuild" 파일을 삭제하고 있습니다.
         "Release\Chapter(8-2 Static Library).lastbuildstate"에 연결(touching)하고 있습니다.
     1>"C:\Users\daehyun.han\Documents\Visual Studio 2010\Projects\08LIB_18040206HanDaeHyun\Chapter(8-2)\Chapter(8-2).vcxproj" 프로젝트를 빌드했습니다(build 대상).

빌드했습니다.

경과 시간: 00:00:01.70
