C:\USERS\DAEHYUN.HAN\DOCUMENTS\VISUAL STUDIO 2010\PROJECTS\09COMMODULE_18040206HANDAEHYUN\CHAPTER(9-1)\DEBUG\CHAPTER(9-1).EXE.EMBED.MANIFEST
C:\USERS\DAEHYUN.HAN\DOCUMENTS\VISUAL STUDIO 2010\PROJECTS\09COMMODULE_18040206HANDAEHYUN\CHAPTER(9-1)\DEBUG\CHAPTER(9-1).EXE.EMBED.MANIFEST.RES
C:\USERS\DAEHYUN.HAN\DOCUMENTS\VISUAL STUDIO 2010\PROJECTS\09COMMODULE_18040206HANDAEHYUN\CHAPTER(9-1)\DEBUG\CHAPTER(9-1).EXE.INTERMEDIATE.MANIFEST
C:\USERS\DAEHYUN.HAN\DOCUMENTS\VISUAL STUDIO 2010\PROJECTS\09COMMODULE_18040206HANDAEHYUN\CHAPTER(9-1)\DEBUG\CHAPTER(9-1).OBJ
C:\USERS\DAEHYUN.HAN\DOCUMENTS\VISUAL STUDIO 2010\PROJECTS\09COMMODULE_18040206HANDAEHYUN\CHAPTER(9-1)\DEBUG\CHAPTER(9-1).PCH
C:\USERS\DAEHYUN.HAN\DOCUMENTS\VISUAL STUDIO 2010\PROJECTS\09COMMODULE_18040206HANDAEHYUN\CHAPTER(9-1)\DEBUG\CHAPTER(9-1).RES
C:\Users\daehyun.han\Documents\Visual Studio 2010\Projects\09COMmodule_18040206HanDaeHyun\Chapter(9-1)\Debug\Chapter(9-1).write.1.tlog
C:\Users\daehyun.han\Documents\Visual Studio 2010\Projects\09COMmodule_18040206HanDaeHyun\Chapter(9-1)\Debug\Chapter(9-1)_manifest.rc
C:\USERS\DAEHYUN.HAN\DOCUMENTS\VISUAL STUDIO 2010\PROJECTS\09COMMODULE_18040206HANDAEHYUN\CHAPTER(9-1)\DEBUG\CHAPTER(9-1)DLG.OBJ
C:\Users\daehyun.han\Documents\Visual Studio 2010\Projects\09COMmodule_18040206HanDaeHyun\Chapter(9-1)\Debug\cl.command.1.tlog
C:\Users\daehyun.han\Documents\Visual Studio 2010\Projects\09COMmodule_18040206HanDaeHyun\Chapter(9-1)\Debug\CL.read.1.tlog
C:\Users\daehyun.han\Documents\Visual Studio 2010\Projects\09COMmodule_18040206HanDaeHyun\Chapter(9-1)\Debug\CL.write.1.tlog
C:\USERS\DAEHYUN.HAN\DOCUMENTS\VISUAL STUDIO 2010\PROJECTS\09COMMODULE_18040206HANDAEHYUN\CHAPTER(9-1)\DEBUG\DLGMODALSERIAL.OBJ
C:\USERS\DAEHYUN.HAN\DOCUMENTS\VISUAL STUDIO 2010\PROJECTS\09COMMODULE_18040206HANDAEHYUN\CHAPTER(9-1)\DEBUG\DLGMODALTCP.OBJ
C:\USERS\DAEHYUN.HAN\DOCUMENTS\VISUAL STUDIO 2010\PROJECTS\09COMMODULE_18040206HANDAEHYUN\CHAPTER(9-1)\DEBUG\DLGMODALUDP.OBJ
C:\USERS\DAEHYUN.HAN\DOCUMENTS\VISUAL STUDIO 2010\PROJECTS\09COMMODULE_18040206HANDAEHYUN\CHAPTER(9-1)\DEBUG\DLGSERIAL.OBJ
C:\USERS\DAEHYUN.HAN\DOCUMENTS\VISUAL STUDIO 2010\PROJECTS\09COMMODULE_18040206HANDAEHYUN\CHAPTER(9-1)\DEBUG\DLGTCP.OBJ
C:\USERS\DAEHYUN.HAN\DOCUMENTS\VISUAL STUDIO 2010\PROJECTS\09COMMODULE_18040206HANDAEHYUN\CHAPTER(9-1)\DEBUG\DLGUDP.OBJ
C:\Users\daehyun.han\Documents\Visual Studio 2010\Projects\09COMmodule_18040206HanDaeHyun\Chapter(9-1)\Debug\link.command.1.tlog
C:\Users\daehyun.han\Documents\Visual Studio 2010\Projects\09COMmodule_18040206HanDaeHyun\Chapter(9-1)\Debug\link.read.1.tlog
C:\Users\daehyun.han\Documents\Visual Studio 2010\Projects\09COMmodule_18040206HanDaeHyun\Chapter(9-1)\Debug\link.write.1.tlog
C:\Users\daehyun.han\Documents\Visual Studio 2010\Projects\09COMmodule_18040206HanDaeHyun\Chapter(9-1)\Debug\link-cvtres.read.1.tlog
C:\Users\daehyun.han\Documents\Visual Studio 2010\Projects\09COMmodule_18040206HanDaeHyun\Chapter(9-1)\Debug\link-cvtres.write.1.tlog
C:\Users\daehyun.han\Documents\Visual Studio 2010\Projects\09COMmodule_18040206HanDaeHyun\Chapter(9-1)\Debug\mt.command.1.tlog
C:\Users\daehyun.han\Documents\Visual Studio 2010\Projects\09COMmodule_18040206HanDaeHyun\Chapter(9-1)\Debug\mt.read.1.tlog
C:\Users\daehyun.han\Documents\Visual Studio 2010\Projects\09COMmodule_18040206HanDaeHyun\Chapter(9-1)\Debug\mt.write.1.tlog
C:\Users\daehyun.han\Documents\Visual Studio 2010\Projects\09COMmodule_18040206HanDaeHyun\Chapter(9-1)\Debug\rc.command.1.tlog
C:\Users\daehyun.han\Documents\Visual Studio 2010\Projects\09COMmodule_18040206HanDaeHyun\Chapter(9-1)\Debug\rc.read.1.tlog
C:\Users\daehyun.han\Documents\Visual Studio 2010\Projects\09COMmodule_18040206HanDaeHyun\Chapter(9-1)\Debug\rc.write.1.tlog
C:\USERS\DAEHYUN.HAN\DOCUMENTS\VISUAL STUDIO 2010\PROJECTS\09COMMODULE_18040206HANDAEHYUN\CHAPTER(9-1)\DEBUG\STDAFX.OBJ
C:\Users\daehyun.han\Documents\Visual Studio 2010\Projects\09COMmodule_18040206HanDaeHyun\Chapter(9-1)\Debug\vc100.idb
C:\USERS\DAEHYUN.HAN\DOCUMENTS\VISUAL STUDIO 2010\PROJECTS\09COMMODULE_18040206HANDAEHYUN\CHAPTER(9-1)\DEBUG\VC100.PDB
C:\USERS\DAEHYUN.HAN\DOCUMENTS\VISUAL STUDIO 2010\PROJECTS\09COMMODULE_18040206HANDAEHYUN\DEBUG\CHAPTER(9-1).EXE
C:\Users\daehyun.han\Documents\Visual Studio 2010\Projects\09COMmodule_18040206HanDaeHyun\Debug\Chapter(9-1).exp
C:\Users\daehyun.han\Documents\Visual Studio 2010\Projects\09COMmodule_18040206HanDaeHyun\Debug\Chapter(9-1).lib
C:\USERS\DAEHYUN.HAN\DOCUMENTS\VISUAL STUDIO 2010\PROJECTS\09COMMODULE_18040206HANDAEHYUN\DEBUG\CHAPTER(9-1).PDB
