빌드 시작: 2018-04-13 오후 3:11:25
     1>4 노드의 "C:\Users\daehyun.han\Documents\Visual Studio 2010\Projects\08LIB_18040206HanDaeHyun\HDH_DLIB_Arithmetic\HDH_DLIB_Arithmetic.vcxproj" 프로젝트(rebuild 대상)입니다.
     1>_PrepareForClean:
         "Debug\Chapter(8-2 HDH_DLIB_Arithmetic).lastbuildstate" 파일을 삭제하고 있습니다.
       InitializeBuildStatus:
         "AlwaysCreate"이(가) 지정되었기 때문에 "Debug\Chapter(8-2 HDH_DLIB_Arithmetic).unsuccessfulbuild"을(를) 만들고 있습니다.
       ClCompile:
         C:\Program Files (x86)\Microsoft Visual Studio 10.0\VC\bin\CL.exe /c /ZI /nologo /W3 /WX- /Od /Oy- /D WIN32 /D _DEBUG /D _WINDOWS /D _USRDLL /D HDH_DLIB_ARITHMETIC_EXPORTS /D _WINDLL /D _UNICODE /D UNICODE /D _AFXDLL /Gm /EHsc /RTC1 /MDd /GS /fp:precise /Zc:wchar_t /Zc:forScope /Yc"StdAfx.h" /Fp"Debug\Chapter(8-2 HDH_DLIB_Arithmetic).pch" /Fo"Debug\\" /Fd"Debug\vc100.pdb" /Gd /TP /analyze- /errorReport:prompt stdafx.cpp
         stdafx.cpp
         C:\Program Files (x86)\Microsoft Visual Studio 10.0\VC\bin\CL.exe /c /ZI /nologo /W3 /WX- /Od /Oy- /D WIN32 /D _DEBUG /D _WINDOWS /D _USRDLL /D HDH_DLIB_ARITHMETIC_EXPORTS /D _WINDLL /D _UNICODE /D UNICODE /D _AFXDLL /Gm /EHsc /RTC1 /MDd /GS /fp:precise /Zc:wchar_t /Zc:forScope /Yu"StdAfx.h" /Fp"Debug\Chapter(8-2 HDH_DLIB_Arithmetic).pch" /Fo"Debug\\" /Fd"Debug\vc100.pdb" /Gd /TP /analyze- /errorReport:prompt HDH_DLIB_Arithmetic.cpp
         HDH_DLIB_Arithmetic.cpp
       ResourceCompile:
         C:\Program Files (x86)\Microsoft SDKs\Windows\v7.0A\bin\rc.exe /D _UNICODE /D UNICODE /D _AFXDLL /l"0x0409" /nologo /fo"Debug\HDH_DLIB_Arithmetic.res" HDH_DLIB_Arithmetic.rc 
       ManifestResourceCompile:
         C:\Program Files (x86)\Microsoft SDKs\Windows\v7.0A\bin\rc.exe /nologo /fo"Debug\Chapter(8-2 HDH_DLIB_Arithmetic).dll.embed.manifest.res" "Debug\Chapter(8-2 HDH_DLIB_Arithmetic)_manifest.rc" 
       Link:
         C:\Program Files (x86)\Microsoft Visual Studio 10.0\VC\bin\link.exe /ERRORREPORT:PROMPT /OUT:"C:\Users\daehyun.han\Documents\Visual Studio 2010\Projects\08LIB_18040206HanDaeHyun\Debug\Chapter(8-2 HDH_DLIB_Arithmetic).dll" /INCREMENTAL /NOLOGO /MANIFEST /ManifestFile:"Debug\Chapter(8-2 HDH_DLIB_Arithmetic).dll.intermediate.manifest" /MANIFESTUAC:"level='asInvoker' uiAccess='false'" /DEBUG /PDB:"C:\Users\daehyun.han\Documents\Visual Studio 2010\Projects\08LIB_18040206HanDaeHyun\Debug\Chapter(8-2 HDH_DLIB_Arithmetic).pdb" /SUBSYSTEM:WINDOWS /TLBID:1 /DYNAMICBASE /NXCOMPAT /IMPLIB:"C:\Users\daehyun.han\Documents\Visual Studio 2010\Projects\08LIB_18040206HanDaeHyun\Debug\Chapter(8-2 HDH_DLIB_Arithmetic).lib" /MACHINE:X86 /DLL Debug\HDH_DLIB_Arithmetic.res
         "Debug\Chapter(8-2 HDH_DLIB_Arithmetic).dll.embed.manifest.res"
         Debug\HDH_DLIB_Arithmetic.obj
         Debug\stdafx.obj
            C:\Users\daehyun.han\Documents\Visual Studio 2010\Projects\08LIB_18040206HanDaeHyun\Debug\Chapter(8-2 HDH_DLIB_Arithmetic).lib 라이브러리 및 C:\Users\daehyun.han\Documents\Visual Studio 2010\Projects\08LIB_18040206HanDaeHyun\Debug\Chapter(8-2 HDH_DLIB_Arithmetic).exp 개체를 생성하고 있습니다.
       Manifest:
         "Debug\Chapter(8-2 HDH_DLIB_Arithmetic).dll.embed.manifest" 파일을 삭제하고 있습니다.
         C:\Program Files (x86)\Microsoft SDKs\Windows\v7.0A\bin\mt.exe /nologo /verbose /out:"Debug\Chapter(8-2 HDH_DLIB_Arithmetic).dll.embed.manifest" /manifest "Debug\Chapter(8-2 HDH_DLIB_Arithmetic).dll.intermediate.manifest" "C:\Program Files (x86)\Microsoft Visual Studio 10.0\VC\Include\Manifest\dpiaware.manifest"
         C:\Program Files (x86)\Microsoft SDKs\Windows\v7.0A\bin\rc.exe /nologo /fo"Debug\Chapter(8-2 HDH_DLIB_Arithmetic).dll.embed.manifest.res" "Debug\Chapter(8-2 HDH_DLIB_Arithmetic)_manifest.rc" 
       LinkEmbedManifest:
         C:\Program Files (x86)\Microsoft Visual Studio 10.0\VC\bin\link.exe /ERRORREPORT:PROMPT /OUT:"C:\Users\daehyun.han\Documents\Visual Studio 2010\Projects\08LIB_18040206HanDaeHyun\Debug\Chapter(8-2 HDH_DLIB_Arithmetic).dll" /INCREMENTAL /NOLOGO /MANIFEST /ManifestFile:"Debug\Chapter(8-2 HDH_DLIB_Arithmetic).dll.intermediate.manifest" /MANIFESTUAC:"level='asInvoker' uiAccess='false'" /DEBUG /PDB:"C:\Users\daehyun.han\Documents\Visual Studio 2010\Projects\08LIB_18040206HanDaeHyun\Debug\Chapter(8-2 HDH_DLIB_Arithmetic).pdb" /SUBSYSTEM:WINDOWS /TLBID:1 /DYNAMICBASE /NXCOMPAT /IMPLIB:"C:\Users\daehyun.han\Documents\Visual Studio 2010\Projects\08LIB_18040206HanDaeHyun\Debug\Chapter(8-2 HDH_DLIB_Arithmetic).lib" /MACHINE:X86 /DLL Debug\HDH_DLIB_Arithmetic.res
         "Debug\Chapter(8-2 HDH_DLIB_Arithmetic).dll.embed.manifest.res"
         Debug\HDH_DLIB_Arithmetic.obj
         Debug\stdafx.obj
            C:\Users\daehyun.han\Documents\Visual Studio 2010\Projects\08LIB_18040206HanDaeHyun\Debug\Chapter(8-2 HDH_DLIB_Arithmetic).lib 라이브러리 및 C:\Users\daehyun.han\Documents\Visual Studio 2010\Projects\08LIB_18040206HanDaeHyun\Debug\Chapter(8-2 HDH_DLIB_Arithmetic).exp 개체를 생성하고 있습니다.
         HDH_DLIB_Arithmetic.vcxproj -> C:\Users\daehyun.han\Documents\Visual Studio 2010\Projects\08LIB_18040206HanDaeHyun\Debug\Chapter(8-2 HDH_DLIB_Arithmetic).dll
       FinalizeBuildStatus:
         "Debug\Chapter(8-2 HDH_DLIB_Arithmetic).unsuccessfulbuild" 파일을 삭제하고 있습니다.
         "Debug\Chapter(8-2 HDH_DLIB_Arithmetic).lastbuildstate"에 연결(touching)하고 있습니다.
     1>"C:\Users\daehyun.han\Documents\Visual Studio 2010\Projects\08LIB_18040206HanDaeHyun\HDH_DLIB_Arithmetic\HDH_DLIB_Arithmetic.vcxproj" 프로젝트를 빌드했습니다(rebuild 대상).

빌드했습니다.

경과 시간: 00:00:04.85
