C:\USERS\DAEHYUN.HAN\DOCUMENTS\VISUAL STUDIO 2010\PROJECTS\08LIB_18040206HANDAEHYUN\CHAPTER(8-1)\DEBUG\CHAP(8-1).OBJ
C:\USERS\DAEHYUN.HAN\DOCUMENTS\VISUAL STUDIO 2010\PROJECTS\08LIB_18040206HANDAEHYUN\CHAPTER(8-1)\DEBUG\CHAPTER(8-1 STATIC LIBRARY).EXE.EMBED.MANIFEST
C:\USERS\DAEHYUN.HAN\DOCUMENTS\VISUAL STUDIO 2010\PROJECTS\08LIB_18040206HANDAEHYUN\CHAPTER(8-1)\DEBUG\CHAPTER(8-1 STATIC LIBRARY).EXE.EMBED.MANIFEST.RES
C:\USERS\DAEHYUN.HAN\DOCUMENTS\VISUAL STUDIO 2010\PROJECTS\08LIB_18040206HANDAEHYUN\CHAPTER(8-1)\DEBUG\CHAPTER(8-1 STATIC LIBRARY).EXE.INTERMEDIATE.MANIFEST
C:\Users\daehyun.han\Documents\Visual Studio 2010\Projects\08LIB_18040206HanDaeHyun\Chapter(8-1)\Debug\Chapter(8-1 Static Library).write.1.tlog
C:\Users\daehyun.han\Documents\Visual Studio 2010\Projects\08LIB_18040206HanDaeHyun\Chapter(8-1)\Debug\Chapter(8-1 Static Library)_manifest.rc
C:\Users\daehyun.han\Documents\Visual Studio 2010\Projects\08LIB_18040206HanDaeHyun\Chapter(8-1)\Debug\cl.command.1.tlog
C:\Users\daehyun.han\Documents\Visual Studio 2010\Projects\08LIB_18040206HanDaeHyun\Chapter(8-1)\Debug\CL.read.1.tlog
C:\Users\daehyun.han\Documents\Visual Studio 2010\Projects\08LIB_18040206HanDaeHyun\Chapter(8-1)\Debug\CL.write.1.tlog
C:\Users\daehyun.han\Documents\Visual Studio 2010\Projects\08LIB_18040206HanDaeHyun\Chapter(8-1)\Debug\link.6668.read.1.tlog
C:\Users\daehyun.han\Documents\Visual Studio 2010\Projects\08LIB_18040206HanDaeHyun\Chapter(8-1)\Debug\link.6668.read.2.tlog
C:\Users\daehyun.han\Documents\Visual Studio 2010\Projects\08LIB_18040206HanDaeHyun\Chapter(8-1)\Debug\link.6668.write.1.tlog
C:\Users\daehyun.han\Documents\Visual Studio 2010\Projects\08LIB_18040206HanDaeHyun\Chapter(8-1)\Debug\link.6668-cvtres.read.1.tlog
C:\Users\daehyun.han\Documents\Visual Studio 2010\Projects\08LIB_18040206HanDaeHyun\Chapter(8-1)\Debug\link.6668-cvtres.write.1.tlog
C:\Users\daehyun.han\Documents\Visual Studio 2010\Projects\08LIB_18040206HanDaeHyun\Chapter(8-1)\Debug\link.command.1.tlog
C:\Users\daehyun.han\Documents\Visual Studio 2010\Projects\08LIB_18040206HanDaeHyun\Chapter(8-1)\Debug\link.read.1.tlog
C:\Users\daehyun.han\Documents\Visual Studio 2010\Projects\08LIB_18040206HanDaeHyun\Chapter(8-1)\Debug\link.read.2.tlog
C:\Users\daehyun.han\Documents\Visual Studio 2010\Projects\08LIB_18040206HanDaeHyun\Chapter(8-1)\Debug\link.write.1.tlog
C:\Users\daehyun.han\Documents\Visual Studio 2010\Projects\08LIB_18040206HanDaeHyun\Chapter(8-1)\Debug\link-cvtres.read.1.tlog
C:\Users\daehyun.han\Documents\Visual Studio 2010\Projects\08LIB_18040206HanDaeHyun\Chapter(8-1)\Debug\link-cvtres.write.1.tlog
C:\Users\daehyun.han\Documents\Visual Studio 2010\Projects\08LIB_18040206HanDaeHyun\Chapter(8-1)\Debug\mt.command.1.tlog
C:\Users\daehyun.han\Documents\Visual Studio 2010\Projects\08LIB_18040206HanDaeHyun\Chapter(8-1)\Debug\mt.read.1.tlog
C:\Users\daehyun.han\Documents\Visual Studio 2010\Projects\08LIB_18040206HanDaeHyun\Chapter(8-1)\Debug\mt.write.1.tlog
C:\Users\daehyun.han\Documents\Visual Studio 2010\Projects\08LIB_18040206HanDaeHyun\Chapter(8-1)\Debug\rc.command.1.tlog
C:\Users\daehyun.han\Documents\Visual Studio 2010\Projects\08LIB_18040206HanDaeHyun\Chapter(8-1)\Debug\rc.read.1.tlog
C:\Users\daehyun.han\Documents\Visual Studio 2010\Projects\08LIB_18040206HanDaeHyun\Chapter(8-1)\Debug\rc.write.1.tlog
C:\Users\daehyun.han\Documents\Visual Studio 2010\Projects\08LIB_18040206HanDaeHyun\Chapter(8-1)\Debug\vc100.idb
C:\USERS\DAEHYUN.HAN\DOCUMENTS\VISUAL STUDIO 2010\PROJECTS\08LIB_18040206HANDAEHYUN\CHAPTER(8-1)\DEBUG\VC100.PDB
C:\USERS\DAEHYUN.HAN\DOCUMENTS\VISUAL STUDIO 2010\PROJECTS\08LIB_18040206HANDAEHYUN\DEBUG\CHAPTER(8-1 STATIC LIBRARY).EXE
C:\USERS\DAEHYUN.HAN\DOCUMENTS\VISUAL STUDIO 2010\PROJECTS\08LIB_18040206HANDAEHYUN\DEBUG\CHAPTER(8-1 STATIC LIBRARY).ILK
C:\USERS\DAEHYUN.HAN\DOCUMENTS\VISUAL STUDIO 2010\PROJECTS\08LIB_18040206HANDAEHYUN\DEBUG\CHAPTER(8-1 STATIC LIBRARY).PDB
