C:\USERS\DAEHYUN.HAN\DOCUMENTS\VISUAL STUDIO 2010\PROJECTS\08LIB_18040206HANDAEHYUN\CHAPTER(8-2 EXPLICIT DYNAMIC LIBRARY)\DEBUG\CHAPTER(8-2 EXPLICIT DYNAMIC LIBRARY).EXE.EMBED.MANIFEST
C:\USERS\DAEHYUN.HAN\DOCUMENTS\VISUAL STUDIO 2010\PROJECTS\08LIB_18040206HANDAEHYUN\CHAPTER(8-2 EXPLICIT DYNAMIC LIBRARY)\DEBUG\CHAPTER(8-2 EXPLICIT DYNAMIC LIBRARY).EXE.EMBED.MANIFEST.RES
C:\USERS\DAEHYUN.HAN\DOCUMENTS\VISUAL STUDIO 2010\PROJECTS\08LIB_18040206HANDAEHYUN\CHAPTER(8-2 EXPLICIT DYNAMIC LIBRARY)\DEBUG\CHAPTER(8-2 EXPLICIT DYNAMIC LIBRARY).EXE.INTERMEDIATE.MANIFEST
C:\Users\daehyun.han\Documents\Visual Studio 2010\Projects\08LIB_18040206HanDaeHyun\Chapter(8-2 Explicit Dynamic Library)\Debug\Chapter(8-2 Explicit Dynamic Library).write.1.tlog
C:\Users\daehyun.han\Documents\Visual Studio 2010\Projects\08LIB_18040206HanDaeHyun\Chapter(8-2 Explicit Dynamic Library)\Debug\Chapter(8-2 Explicit Dynamic Library)_manifest.rc
C:\USERS\DAEHYUN.HAN\DOCUMENTS\VISUAL STUDIO 2010\PROJECTS\08LIB_18040206HANDAEHYUN\CHAPTER(8-2 EXPLICIT DYNAMIC LIBRARY)\DEBUG\CHAPTER(8-2 EXPLICIT DYNAMIN LIBRARY).OBJ
C:\Users\daehyun.han\Documents\Visual Studio 2010\Projects\08LIB_18040206HanDaeHyun\Chapter(8-2 Explicit Dynamic Library)\Debug\cl.command.1.tlog
C:\Users\daehyun.han\Documents\Visual Studio 2010\Projects\08LIB_18040206HanDaeHyun\Chapter(8-2 Explicit Dynamic Library)\Debug\CL.read.1.tlog
C:\Users\daehyun.han\Documents\Visual Studio 2010\Projects\08LIB_18040206HanDaeHyun\Chapter(8-2 Explicit Dynamic Library)\Debug\CL.write.1.tlog
C:\USERS\DAEHYUN.HAN\DOCUMENTS\VISUAL STUDIO 2010\PROJECTS\08LIB_18040206HANDAEHYUN\CHAPTER(8-2 EXPLICIT DYNAMIC LIBRARY)\DEBUG\EXPLICIT DYNAMIC LIBRARY.OBJ
C:\Users\daehyun.han\Documents\Visual Studio 2010\Projects\08LIB_18040206HanDaeHyun\Chapter(8-2 Explicit Dynamic Library)\Debug\link.8584.read.1.tlog
C:\Users\daehyun.han\Documents\Visual Studio 2010\Projects\08LIB_18040206HanDaeHyun\Chapter(8-2 Explicit Dynamic Library)\Debug\link.8584.write.1.tlog
C:\Users\daehyun.han\Documents\Visual Studio 2010\Projects\08LIB_18040206HanDaeHyun\Chapter(8-2 Explicit Dynamic Library)\Debug\link.8584-cvtres.read.1.tlog
C:\Users\daehyun.han\Documents\Visual Studio 2010\Projects\08LIB_18040206HanDaeHyun\Chapter(8-2 Explicit Dynamic Library)\Debug\link.8584-cvtres.write.1.tlog
C:\Users\daehyun.han\Documents\Visual Studio 2010\Projects\08LIB_18040206HanDaeHyun\Chapter(8-2 Explicit Dynamic Library)\Debug\link.command.1.tlog
C:\Users\daehyun.han\Documents\Visual Studio 2010\Projects\08LIB_18040206HanDaeHyun\Chapter(8-2 Explicit Dynamic Library)\Debug\link.read.1.tlog
C:\Users\daehyun.han\Documents\Visual Studio 2010\Projects\08LIB_18040206HanDaeHyun\Chapter(8-2 Explicit Dynamic Library)\Debug\link.write.1.tlog
C:\Users\daehyun.han\Documents\Visual Studio 2010\Projects\08LIB_18040206HanDaeHyun\Chapter(8-2 Explicit Dynamic Library)\Debug\link-cvtres.read.1.tlog
C:\Users\daehyun.han\Documents\Visual Studio 2010\Projects\08LIB_18040206HanDaeHyun\Chapter(8-2 Explicit Dynamic Library)\Debug\link-cvtres.write.1.tlog
C:\Users\daehyun.han\Documents\Visual Studio 2010\Projects\08LIB_18040206HanDaeHyun\Chapter(8-2 Explicit Dynamic Library)\Debug\mt.command.1.tlog
C:\Users\daehyun.han\Documents\Visual Studio 2010\Projects\08LIB_18040206HanDaeHyun\Chapter(8-2 Explicit Dynamic Library)\Debug\mt.read.1.tlog
C:\Users\daehyun.han\Documents\Visual Studio 2010\Projects\08LIB_18040206HanDaeHyun\Chapter(8-2 Explicit Dynamic Library)\Debug\mt.write.1.tlog
C:\Users\daehyun.han\Documents\Visual Studio 2010\Projects\08LIB_18040206HanDaeHyun\Chapter(8-2 Explicit Dynamic Library)\Debug\rc.command.1.tlog
C:\Users\daehyun.han\Documents\Visual Studio 2010\Projects\08LIB_18040206HanDaeHyun\Chapter(8-2 Explicit Dynamic Library)\Debug\rc.read.1.tlog
C:\Users\daehyun.han\Documents\Visual Studio 2010\Projects\08LIB_18040206HanDaeHyun\Chapter(8-2 Explicit Dynamic Library)\Debug\rc.write.1.tlog
C:\Users\daehyun.han\Documents\Visual Studio 2010\Projects\08LIB_18040206HanDaeHyun\Chapter(8-2 Explicit Dynamic Library)\Debug\vc100.idb
C:\USERS\DAEHYUN.HAN\DOCUMENTS\VISUAL STUDIO 2010\PROJECTS\08LIB_18040206HANDAEHYUN\CHAPTER(8-2 EXPLICIT DYNAMIC LIBRARY)\DEBUG\VC100.PDB
C:\USERS\DAEHYUN.HAN\DOCUMENTS\VISUAL STUDIO 2010\PROJECTS\08LIB_18040206HANDAEHYUN\DEBUG\CHAPTER(8-2 EXPLICIT DYNAMIC LIBRARY).EXE
C:\USERS\DAEHYUN.HAN\DOCUMENTS\VISUAL STUDIO 2010\PROJECTS\08LIB_18040206HANDAEHYUN\DEBUG\CHAPTER(8-2 EXPLICIT DYNAMIC LIBRARY).ILK
C:\USERS\DAEHYUN.HAN\DOCUMENTS\VISUAL STUDIO 2010\PROJECTS\08LIB_18040206HANDAEHYUN\DEBUG\CHAPTER(8-2 EXPLICIT DYNAMIC LIBRARY).PDB
