빌드 시작: 2018-04-16 오전 8:51:23
     1>4 노드의 "C:\Users\daehyun.han\Documents\Visual Studio 2010\Projects\07OOP_18040206HanDaeHyun\Chapter(7-8)\Chapter(7-8).vcxproj" 프로젝트(build 대상)입니다.
     1>InitializeBuildStatus:
         "AlwaysCreate"이(가) 지정되었기 때문에 "Debug\Chapter(7-8).unsuccessfulbuild"을(를) 만들고 있습니다.
       ClCompile:
         C:\Program Files (x86)\Microsoft Visual Studio 10.0\VC\bin\CL.exe /c /ZI /nologo /W3 /WX- /Od /Oy- /D WIN32 /D _DEBUG /D _CONSOLE /D _UNICODE /D UNICODE /Gm /EHsc /RTC1 /MDd /GS /fp:precise /Zc:wchar_t /Zc:forScope /Fo"Debug\\" /Fd"Debug\vc100.pdb" /Gd /TP /analyze- /errorReport:prompt "Chapter(7-8).cpp" CLogger.cpp CMyString.cpp
         CMyString.cpp
     1>c:\users\daehyun.han\documents\visual studio 2010\projects\07oop_18040206handaehyun\chapter(7-8)\cmystring.cpp(41): warning C4996: 'strcpy': This function or variable may be unsafe. Consider using strcpy_s instead. To disable deprecation, use _CRT_SECURE_NO_WARNINGS. See online help for details.
                 c:\program files (x86)\microsoft visual studio 10.0\vc\include\string.h(105) : 'strcpy' 선언을 참조하십시오.
     1>c:\users\daehyun.han\documents\visual studio 2010\projects\07oop_18040206handaehyun\chapter(7-8)\cmystring.cpp(56): warning C4996: 'strcpy': This function or variable may be unsafe. Consider using strcpy_s instead. To disable deprecation, use _CRT_SECURE_NO_WARNINGS. See online help for details.
                 c:\program files (x86)\microsoft visual studio 10.0\vc\include\string.h(105) : 'strcpy' 선언을 참조하십시오.
     1>c:\users\daehyun.han\documents\visual studio 2010\projects\07oop_18040206handaehyun\chapter(7-8)\cmystring.cpp(122): warning C4996: 'strcpy': This function or variable may be unsafe. Consider using strcpy_s instead. To disable deprecation, use _CRT_SECURE_NO_WARNINGS. See online help for details.
                 c:\program files (x86)\microsoft visual studio 10.0\vc\include\string.h(105) : 'strcpy' 선언을 참조하십시오.
     1>c:\users\daehyun.han\documents\visual studio 2010\projects\07oop_18040206handaehyun\chapter(7-8)\cmystring.cpp(123): warning C4996: 'strcat': This function or variable may be unsafe. Consider using strcat_s instead. To disable deprecation, use _CRT_SECURE_NO_WARNINGS. See online help for details.
                 c:\program files (x86)\microsoft visual studio 10.0\vc\include\string.h(110) : 'strcat' 선언을 참조하십시오.
     1>c:\users\daehyun.han\documents\visual studio 2010\projects\07oop_18040206handaehyun\chapter(7-8)\cmystring.cpp(147): warning C4996: 'strcpy': This function or variable may be unsafe. Consider using strcpy_s instead. To disable deprecation, use _CRT_SECURE_NO_WARNINGS. See online help for details.
                 c:\program files (x86)\microsoft visual studio 10.0\vc\include\string.h(105) : 'strcpy' 선언을 참조하십시오.
     1>c:\users\daehyun.han\documents\visual studio 2010\projects\07oop_18040206handaehyun\chapter(7-8)\cmystring.cpp(148): warning C4996: 'strcat': This function or variable may be unsafe. Consider using strcat_s instead. To disable deprecation, use _CRT_SECURE_NO_WARNINGS. See online help for details.
                 c:\program files (x86)\microsoft visual studio 10.0\vc\include\string.h(110) : 'strcat' 선언을 참조하십시오.
     1>c:\users\daehyun.han\documents\visual studio 2010\projects\07oop_18040206handaehyun\chapter(7-8)\cmystring.cpp(170): warning C4996: 'strcpy': This function or variable may be unsafe. Consider using strcpy_s instead. To disable deprecation, use _CRT_SECURE_NO_WARNINGS. See online help for details.
                 c:\program files (x86)\microsoft visual studio 10.0\vc\include\string.h(105) : 'strcpy' 선언을 참조하십시오.
     1>c:\users\daehyun.han\documents\visual studio 2010\projects\07oop_18040206handaehyun\chapter(7-8)\cmystring.cpp(189): warning C4996: 'strcpy': This function or variable may be unsafe. Consider using strcpy_s instead. To disable deprecation, use _CRT_SECURE_NO_WARNINGS. See online help for details.
                 c:\program files (x86)\microsoft visual studio 10.0\vc\include\string.h(105) : 'strcpy' 선언을 참조하십시오.
     1>c:\users\daehyun.han\documents\visual studio 2010\projects\07oop_18040206handaehyun\chapter(7-8)\cmystring.cpp(211): warning C4996: 'strcpy': This function or variable may be unsafe. Consider using strcpy_s instead. To disable deprecation, use _CRT_SECURE_NO_WARNINGS. See online help for details.
                 c:\program files (x86)\microsoft visual studio 10.0\vc\include\string.h(105) : 'strcpy' 선언을 참조하십시오.
     1>c:\users\daehyun.han\documents\visual studio 2010\projects\07oop_18040206handaehyun\chapter(7-8)\cmystring.cpp(215): warning C4996: 'itoa': The POSIX name for this item is deprecated. Instead, use the ISO C++ conformant name: _itoa. See online help for details.
                 c:\program files (x86)\microsoft visual studio 10.0\vc\include\stdlib.h(867) : 'itoa' 선언을 참조하십시오.
     1>c:\users\daehyun.han\documents\visual studio 2010\projects\07oop_18040206handaehyun\chapter(7-8)\cmystring.cpp(239): warning C4996: 'strcpy': This function or variable may be unsafe. Consider using strcpy_s instead. To disable deprecation, use _CRT_SECURE_NO_WARNINGS. See online help for details.
                 c:\program files (x86)\microsoft visual studio 10.0\vc\include\string.h(105) : 'strcpy' 선언을 참조하십시오.
     1>c:\users\daehyun.han\documents\visual studio 2010\projects\07oop_18040206handaehyun\chapter(7-8)\cmystring.cpp(240): warning C4996: 'strcpy': This function or variable may be unsafe. Consider using strcpy_s instead. To disable deprecation, use _CRT_SECURE_NO_WARNINGS. See online help for details.
                 c:\program files (x86)\microsoft visual studio 10.0\vc\include\string.h(105) : 'strcpy' 선언을 참조하십시오.
     1>c:\users\daehyun.han\documents\visual studio 2010\projects\07oop_18040206handaehyun\chapter(7-8)\cmystring.cpp(298): warning C4996: 'strcpy': This function or variable may be unsafe. Consider using strcpy_s instead. To disable deprecation, use _CRT_SECURE_NO_WARNINGS. See online help for details.
                 c:\program files (x86)\microsoft visual studio 10.0\vc\include\string.h(105) : 'strcpy' 선언을 참조하십시오.
         CLogger.cpp
     1>c:\users\daehyun.han\documents\visual studio 2010\projects\07oop_18040206handaehyun\chapter(7-8)\clogger.cpp(56): warning C4996: 'sprintf': This function or variable may be unsafe. Consider using sprintf_s instead. To disable deprecation, use _CRT_SECURE_NO_WARNINGS. See online help for details.
                 c:\program files (x86)\microsoft visual studio 10.0\vc\include\stdio.h(371) : 'sprintf' 선언을 참조하십시오.
     1>c:\users\daehyun.han\documents\visual studio 2010\projects\07oop_18040206handaehyun\chapter(7-8)\clogger.cpp(76): warning C4996: 'sprintf': This function or variable may be unsafe. Consider using sprintf_s instead. To disable deprecation, use _CRT_SECURE_NO_WARNINGS. See online help for details.
                 c:\program files (x86)\microsoft visual studio 10.0\vc\include\stdio.h(371) : 'sprintf' 선언을 참조하십시오.
         Chapter(7-8).cpp
         코드를 생성하고 있습니다...
       ManifestResourceCompile:
         C:\Program Files (x86)\Microsoft SDKs\Windows\v7.0A\bin\rc.exe /nologo /fo"Debug\Chapter(7-8).exe.embed.manifest.res" "Debug\Chapter(7-8)_manifest.rc" 
       Link:
         C:\Program Files (x86)\Microsoft Visual Studio 10.0\VC\bin\link.exe /ERRORREPORT:PROMPT /OUT:"C:\Users\daehyun.han\Documents\Visual Studio 2010\Projects\07OOP_18040206HanDaeHyun\Debug\Chapter(7-8).exe" /INCREMENTAL /NOLOGO kernel32.lib user32.lib gdi32.lib winspool.lib comdlg32.lib advapi32.lib shell32.lib ole32.lib oleaut32.lib uuid.lib odbc32.lib odbccp32.lib /MANIFEST /ManifestFile:"Debug\Chapter(7-8).exe.intermediate.manifest" /MANIFESTUAC:"level='asInvoker' uiAccess='false'" /DEBUG /PDB:"C:\Users\daehyun.han\Documents\Visual Studio 2010\Projects\07OOP_18040206HanDaeHyun\Debug\Chapter(7-8).pdb" /SUBSYSTEM:CONSOLE /TLBID:1 /DYNAMICBASE /NXCOMPAT /IMPLIB:"C:\Users\daehyun.han\Documents\Visual Studio 2010\Projects\07OOP_18040206HanDaeHyun\Debug\Chapter(7-8).lib" /MACHINE:X86 "Debug\Chapter(7-8).exe.embed.manifest.res"
         "Debug\Chapter(7-8).obj"
         Debug\CLogger.obj
         Debug\CMyString.obj
       Manifest:
         C:\Program Files (x86)\Microsoft SDKs\Windows\v7.0A\bin\mt.exe /nologo /verbose /out:"Debug\Chapter(7-8).exe.embed.manifest" /manifest "Debug\Chapter(7-8).exe.intermediate.manifest"
         C:\Program Files (x86)\Microsoft SDKs\Windows\v7.0A\bin\rc.exe /nologo /fo"Debug\Chapter(7-8).exe.embed.manifest.res" "Debug\Chapter(7-8)_manifest.rc" 
       LinkEmbedManifest:
         C:\Program Files (x86)\Microsoft Visual Studio 10.0\VC\bin\link.exe /ERRORREPORT:PROMPT /OUT:"C:\Users\daehyun.han\Documents\Visual Studio 2010\Projects\07OOP_18040206HanDaeHyun\Debug\Chapter(7-8).exe" /INCREMENTAL /NOLOGO kernel32.lib user32.lib gdi32.lib winspool.lib comdlg32.lib advapi32.lib shell32.lib ole32.lib oleaut32.lib uuid.lib odbc32.lib odbccp32.lib /MANIFEST /ManifestFile:"Debug\Chapter(7-8).exe.intermediate.manifest" /MANIFESTUAC:"level='asInvoker' uiAccess='false'" /DEBUG /PDB:"C:\Users\daehyun.han\Documents\Visual Studio 2010\Projects\07OOP_18040206HanDaeHyun\Debug\Chapter(7-8).pdb" /SUBSYSTEM:CONSOLE /TLBID:1 /DYNAMICBASE /NXCOMPAT /IMPLIB:"C:\Users\daehyun.han\Documents\Visual Studio 2010\Projects\07OOP_18040206HanDaeHyun\Debug\Chapter(7-8).lib" /MACHINE:X86 "Debug\Chapter(7-8).exe.embed.manifest.res"
         "Debug\Chapter(7-8).obj"
         Debug\CLogger.obj
         Debug\CMyString.obj
         Chapter(7-8).vcxproj -> C:\Users\daehyun.han\Documents\Visual Studio 2010\Projects\07OOP_18040206HanDaeHyun\Debug\Chapter(7-8).exe
       FinalizeBuildStatus:
         "Debug\Chapter(7-8).unsuccessfulbuild" 파일을 삭제하고 있습니다.
         "Debug\Chapter(7-8).lastbuildstate"에 연결(touching)하고 있습니다.
     1>"C:\Users\daehyun.han\Documents\Visual Studio 2010\Projects\07OOP_18040206HanDaeHyun\Chapter(7-8)\Chapter(7-8).vcxproj" 프로젝트를 빌드했습니다(build 대상).

빌드했습니다.

경과 시간: 00:00:07.14
