빌드 시작: 2018-04-13 오후 3:11:16
     1>4 노드의 "C:\Users\daehyun.han\Documents\Visual Studio 2010\Projects\08LIB_18040206HanDaeHyun\Chapter(8-3 Implicit Dynamic Library)\Chapter(8-3 Implicit Dynamic Library).vcxproj" 프로젝트(rebuild 대상)입니다.
     1>_PrepareForClean:
         "Debug\Chapter(8-3 Implicit Dynamic Library).lastbuildstate" 파일을 삭제하고 있습니다.
       InitializeBuildStatus:
         "AlwaysCreate"이(가) 지정되었기 때문에 "Debug\Chapter(8-3 Implicit Dynamic Library).unsuccessfulbuild"을(를) 만들고 있습니다.
       ClCompile:
         C:\Program Files (x86)\Microsoft Visual Studio 10.0\VC\bin\CL.exe /c /ZI /nologo /W3 /WX- /Od /Oy- /D WIN32 /D _DEBUG /D _CONSOLE /D _UNICODE /D UNICODE /Gm /EHsc /RTC1 /MDd /GS /fp:precise /Zc:wchar_t /Zc:forScope /Fo"Debug\\" /Fd"Debug\vc100.pdb" /Gd /TP /analyze- /errorReport:prompt "Chapter(8-3 Implicit Dynamic Library).cpp"
         Chapter(8-3 Implicit Dynamic Library).cpp
       ManifestResourceCompile:
         C:\Program Files (x86)\Microsoft SDKs\Windows\v7.0A\bin\rc.exe /nologo /fo"Debug\Chapter(8-3 Implicit Dynamic Library).exe.embed.manifest.res" "Debug\Chapter(8-3 Implicit Dynamic Library)_manifest.rc" 
       Link:
         C:\Program Files (x86)\Microsoft Visual Studio 10.0\VC\bin\link.exe /ERRORREPORT:PROMPT /OUT:"C:\Users\daehyun.han\Documents\Visual Studio 2010\Projects\08LIB_18040206HanDaeHyun\Debug\Chapter(8-3 Implicit Dynamic Library).exe" /INCREMENTAL /NOLOGO "Chapter(8-3 HDH_DLIB_Math).lib" kernel32.lib user32.lib gdi32.lib winspool.lib comdlg32.lib advapi32.lib shell32.lib ole32.lib oleaut32.lib uuid.lib odbc32.lib odbccp32.lib /MANIFEST /ManifestFile:"Debug\Chapter(8-3 Implicit Dynamic Library).exe.intermediate.manifest" /MANIFESTUAC:"level='asInvoker' uiAccess='false'" /DEBUG /PDB:"C:\Users\daehyun.han\Documents\Visual Studio 2010\Projects\08LIB_18040206HanDaeHyun\Debug\Chapter(8-3 Implicit Dynamic Library).pdb" /SUBSYSTEM:CONSOLE /TLBID:1 /DYNAMICBASE /NXCOMPAT /IMPLIB:"C:\Users\daehyun.han\Documents\Visual Studio 2010\Projects\08LIB_18040206HanDaeHyun\Debug\Chapter(8-3 Implicit Dynamic Library).lib" /MACHINE:X86 "Debug\Chapter(8-3 Implicit Dynamic Library).exe.embed.manifest.res"
         "Debug\Chapter(8-3 Implicit Dynamic Library).obj"
       Manifest:
         "Debug\Chapter(8-3 Implicit Dynamic Library).exe.embed.manifest" 파일을 삭제하고 있습니다.
         C:\Program Files (x86)\Microsoft SDKs\Windows\v7.0A\bin\mt.exe /nologo /verbose /out:"Debug\Chapter(8-3 Implicit Dynamic Library).exe.embed.manifest" /manifest "Debug\Chapter(8-3 Implicit Dynamic Library).exe.intermediate.manifest"
         C:\Program Files (x86)\Microsoft SDKs\Windows\v7.0A\bin\rc.exe /nologo /fo"Debug\Chapter(8-3 Implicit Dynamic Library).exe.embed.manifest.res" "Debug\Chapter(8-3 Implicit Dynamic Library)_manifest.rc" 
       LinkEmbedManifest:
         C:\Program Files (x86)\Microsoft Visual Studio 10.0\VC\bin\link.exe /ERRORREPORT:PROMPT /OUT:"C:\Users\daehyun.han\Documents\Visual Studio 2010\Projects\08LIB_18040206HanDaeHyun\Debug\Chapter(8-3 Implicit Dynamic Library).exe" /INCREMENTAL /NOLOGO "Chapter(8-3 HDH_DLIB_Math).lib" kernel32.lib user32.lib gdi32.lib winspool.lib comdlg32.lib advapi32.lib shell32.lib ole32.lib oleaut32.lib uuid.lib odbc32.lib odbccp32.lib /MANIFEST /ManifestFile:"Debug\Chapter(8-3 Implicit Dynamic Library).exe.intermediate.manifest" /MANIFESTUAC:"level='asInvoker' uiAccess='false'" /DEBUG /PDB:"C:\Users\daehyun.han\Documents\Visual Studio 2010\Projects\08LIB_18040206HanDaeHyun\Debug\Chapter(8-3 Implicit Dynamic Library).pdb" /SUBSYSTEM:CONSOLE /TLBID:1 /DYNAMICBASE /NXCOMPAT /IMPLIB:"C:\Users\daehyun.han\Documents\Visual Studio 2010\Projects\08LIB_18040206HanDaeHyun\Debug\Chapter(8-3 Implicit Dynamic Library).lib" /MACHINE:X86 "Debug\Chapter(8-3 Implicit Dynamic Library).exe.embed.manifest.res"
         "Debug\Chapter(8-3 Implicit Dynamic Library).obj"
         Chapter(8-3 Implicit Dynamic Library).vcxproj -> C:\Users\daehyun.han\Documents\Visual Studio 2010\Projects\08LIB_18040206HanDaeHyun\Debug\Chapter(8-3 Implicit Dynamic Library).exe
       FinalizeBuildStatus:
         "Debug\Chapter(8-3 Implicit Dynamic Library).unsuccessfulbuild" 파일을 삭제하고 있습니다.
         "Debug\Chapter(8-3 Implicit Dynamic Library).lastbuildstate"에 연결(touching)하고 있습니다.
     1>"C:\Users\daehyun.han\Documents\Visual Studio 2010\Projects\08LIB_18040206HanDaeHyun\Chapter(8-3 Implicit Dynamic Library)\Chapter(8-3 Implicit Dynamic Library).vcxproj" 프로젝트를 빌드했습니다(rebuild 대상).

빌드했습니다.

경과 시간: 00:00:01.58
