C:\USERS\DAEHYUN.HAN\DOCUMENTS\VISUAL STUDIO 2010\PROJECTS\08LIB_18040206HANDAEHYUN\CHAPTER(8-2)\DEBUG\CHAPTER(8-2 STATIC LIBRARY).EXE.EMBED.MANIFEST
C:\USERS\DAEHYUN.HAN\DOCUMENTS\VISUAL STUDIO 2010\PROJECTS\08LIB_18040206HANDAEHYUN\CHAPTER(8-2)\DEBUG\CHAPTER(8-2 STATIC LIBRARY).EXE.EMBED.MANIFEST.RES
C:\USERS\DAEHYUN.HAN\DOCUMENTS\VISUAL STUDIO 2010\PROJECTS\08LIB_18040206HANDAEHYUN\CHAPTER(8-2)\DEBUG\CHAPTER(8-2 STATIC LIBRARY).EXE.INTERMEDIATE.MANIFEST
C:\USERS\DAEHYUN.HAN\DOCUMENTS\VISUAL STUDIO 2010\PROJECTS\08LIB_18040206HANDAEHYUN\CHAPTER(8-2)\DEBUG\CHAPTER(8-2 STATIC LIBRARY).OBJ
C:\Users\daehyun.han\Documents\Visual Studio 2010\Projects\08LIB_18040206HanDaeHyun\Chapter(8-2)\Debug\Chapter(8-2 Static Library).write.1.tlog
C:\Users\daehyun.han\Documents\Visual Studio 2010\Projects\08LIB_18040206HanDaeHyun\Chapter(8-2)\Debug\Chapter(8-2 Static Library)_manifest.rc
C:\Users\daehyun.han\Documents\Visual Studio 2010\Projects\08LIB_18040206HanDaeHyun\Chapter(8-2)\Debug\cl.command.1.tlog
C:\Users\daehyun.han\Documents\Visual Studio 2010\Projects\08LIB_18040206HanDaeHyun\Chapter(8-2)\Debug\CL.read.1.tlog
C:\Users\daehyun.han\Documents\Visual Studio 2010\Projects\08LIB_18040206HanDaeHyun\Chapter(8-2)\Debug\CL.write.1.tlog
C:\Users\daehyun.han\Documents\Visual Studio 2010\Projects\08LIB_18040206HanDaeHyun\Chapter(8-2)\Debug\link.8740.read.1.tlog
C:\Users\daehyun.han\Documents\Visual Studio 2010\Projects\08LIB_18040206HanDaeHyun\Chapter(8-2)\Debug\link.8740.read.2.tlog
C:\Users\daehyun.han\Documents\Visual Studio 2010\Projects\08LIB_18040206HanDaeHyun\Chapter(8-2)\Debug\link.8740.write.1.tlog
C:\Users\daehyun.han\Documents\Visual Studio 2010\Projects\08LIB_18040206HanDaeHyun\Chapter(8-2)\Debug\link.8740-cvtres.read.1.tlog
C:\Users\daehyun.han\Documents\Visual Studio 2010\Projects\08LIB_18040206HanDaeHyun\Chapter(8-2)\Debug\link.8740-cvtres.write.1.tlog
C:\Users\daehyun.han\Documents\Visual Studio 2010\Projects\08LIB_18040206HanDaeHyun\Chapter(8-2)\Debug\link.command.1.tlog
C:\Users\daehyun.han\Documents\Visual Studio 2010\Projects\08LIB_18040206HanDaeHyun\Chapter(8-2)\Debug\link.read.1.tlog
C:\Users\daehyun.han\Documents\Visual Studio 2010\Projects\08LIB_18040206HanDaeHyun\Chapter(8-2)\Debug\link.read.2.tlog
C:\Users\daehyun.han\Documents\Visual Studio 2010\Projects\08LIB_18040206HanDaeHyun\Chapter(8-2)\Debug\link.write.1.tlog
C:\Users\daehyun.han\Documents\Visual Studio 2010\Projects\08LIB_18040206HanDaeHyun\Chapter(8-2)\Debug\link-cvtres.read.1.tlog
C:\Users\daehyun.han\Documents\Visual Studio 2010\Projects\08LIB_18040206HanDaeHyun\Chapter(8-2)\Debug\link-cvtres.write.1.tlog
C:\Users\daehyun.han\Documents\Visual Studio 2010\Projects\08LIB_18040206HanDaeHyun\Chapter(8-2)\Debug\mt.command.1.tlog
C:\Users\daehyun.han\Documents\Visual Studio 2010\Projects\08LIB_18040206HanDaeHyun\Chapter(8-2)\Debug\mt.read.1.tlog
C:\Users\daehyun.han\Documents\Visual Studio 2010\Projects\08LIB_18040206HanDaeHyun\Chapter(8-2)\Debug\mt.write.1.tlog
C:\Users\daehyun.han\Documents\Visual Studio 2010\Projects\08LIB_18040206HanDaeHyun\Chapter(8-2)\Debug\rc.command.1.tlog
C:\Users\daehyun.han\Documents\Visual Studio 2010\Projects\08LIB_18040206HanDaeHyun\Chapter(8-2)\Debug\rc.read.1.tlog
C:\Users\daehyun.han\Documents\Visual Studio 2010\Projects\08LIB_18040206HanDaeHyun\Chapter(8-2)\Debug\rc.write.1.tlog
C:\USERS\DAEHYUN.HAN\DOCUMENTS\VISUAL STUDIO 2010\PROJECTS\08LIB_18040206HANDAEHYUN\CHAPTER(8-2)\DEBUG\STATIC LIBRARY.OBJ
C:\Users\daehyun.han\Documents\Visual Studio 2010\Projects\08LIB_18040206HanDaeHyun\Chapter(8-2)\Debug\vc100.idb
C:\USERS\DAEHYUN.HAN\DOCUMENTS\VISUAL STUDIO 2010\PROJECTS\08LIB_18040206HANDAEHYUN\CHAPTER(8-2)\DEBUG\VC100.PDB
C:\USERS\DAEHYUN.HAN\DOCUMENTS\VISUAL STUDIO 2010\PROJECTS\08LIB_18040206HANDAEHYUN\DEBUG\CHAPTER(8-2 STATIC LIBRARY).EXE
C:\USERS\DAEHYUN.HAN\DOCUMENTS\VISUAL STUDIO 2010\PROJECTS\08LIB_18040206HANDAEHYUN\DEBUG\CHAPTER(8-2 STATIC LIBRARY).ILK
C:\USERS\DAEHYUN.HAN\DOCUMENTS\VISUAL STUDIO 2010\PROJECTS\08LIB_18040206HANDAEHYUN\DEBUG\CHAPTER(8-2 STATIC LIBRARY).PDB
