C:\USERS\DAEHYUN.HAN\DOCUMENTS\VISUAL STUDIO 2010\PROJECTS\08LIB_18040206HANDAEHYUN\CHAPTER(8-1 IMPLICIT DYNAMIC LIBRARY)\DEBUG\CHAPTER(8-1 IMPLICIT DYNAMIC LIBRARY).EXE.EMBED.MANIFEST
C:\USERS\DAEHYUN.HAN\DOCUMENTS\VISUAL STUDIO 2010\PROJECTS\08LIB_18040206HANDAEHYUN\CHAPTER(8-1 IMPLICIT DYNAMIC LIBRARY)\DEBUG\CHAPTER(8-1 IMPLICIT DYNAMIC LIBRARY).EXE.EMBED.MANIFEST.RES
C:\USERS\DAEHYUN.HAN\DOCUMENTS\VISUAL STUDIO 2010\PROJECTS\08LIB_18040206HANDAEHYUN\CHAPTER(8-1 IMPLICIT DYNAMIC LIBRARY)\DEBUG\CHAPTER(8-1 IMPLICIT DYNAMIC LIBRARY).EXE.INTERMEDIATE.MANIFEST
C:\USERS\DAEHYUN.HAN\DOCUMENTS\VISUAL STUDIO 2010\PROJECTS\08LIB_18040206HANDAEHYUN\CHAPTER(8-1 IMPLICIT DYNAMIC LIBRARY)\DEBUG\CHAPTER(8-1 IMPLICIT DYNAMIC LIBRARY).OBJ
C:\Users\daehyun.han\Documents\Visual Studio 2010\Projects\08LIB_18040206HanDaeHyun\Chapter(8-1 Implicit Dynamic Library)\Debug\Chapter(8-1 Implicit Dynamic Library).vcxprojResolveAssemblyReference.cache
C:\Users\daehyun.han\Documents\Visual Studio 2010\Projects\08LIB_18040206HanDaeHyun\Chapter(8-1 Implicit Dynamic Library)\Debug\Chapter(8-1 Implicit Dynamic Library).write.1.tlog
C:\Users\daehyun.han\Documents\Visual Studio 2010\Projects\08LIB_18040206HanDaeHyun\Chapter(8-1 Implicit Dynamic Library)\Debug\Chapter(8-1 Implicit Dynamic Library)_manifest.rc
C:\Users\daehyun.han\Documents\Visual Studio 2010\Projects\08LIB_18040206HanDaeHyun\Chapter(8-1 Implicit Dynamic Library)\Debug\cl.command.1.tlog
C:\Users\daehyun.han\Documents\Visual Studio 2010\Projects\08LIB_18040206HanDaeHyun\Chapter(8-1 Implicit Dynamic Library)\Debug\CL.read.1.tlog
C:\Users\daehyun.han\Documents\Visual Studio 2010\Projects\08LIB_18040206HanDaeHyun\Chapter(8-1 Implicit Dynamic Library)\Debug\CL.write.1.tlog
C:\Users\daehyun.han\Documents\Visual Studio 2010\Projects\08LIB_18040206HanDaeHyun\Chapter(8-1 Implicit Dynamic Library)\Debug\link.8272.read.1.tlog
C:\Users\daehyun.han\Documents\Visual Studio 2010\Projects\08LIB_18040206HanDaeHyun\Chapter(8-1 Implicit Dynamic Library)\Debug\link.8272.write.1.tlog
C:\Users\daehyun.han\Documents\Visual Studio 2010\Projects\08LIB_18040206HanDaeHyun\Chapter(8-1 Implicit Dynamic Library)\Debug\link.8272-cvtres.read.1.tlog
C:\Users\daehyun.han\Documents\Visual Studio 2010\Projects\08LIB_18040206HanDaeHyun\Chapter(8-1 Implicit Dynamic Library)\Debug\link.8272-cvtres.write.1.tlog
C:\Users\daehyun.han\Documents\Visual Studio 2010\Projects\08LIB_18040206HanDaeHyun\Chapter(8-1 Implicit Dynamic Library)\Debug\link.command.1.tlog
C:\Users\daehyun.han\Documents\Visual Studio 2010\Projects\08LIB_18040206HanDaeHyun\Chapter(8-1 Implicit Dynamic Library)\Debug\link.read.1.tlog
C:\Users\daehyun.han\Documents\Visual Studio 2010\Projects\08LIB_18040206HanDaeHyun\Chapter(8-1 Implicit Dynamic Library)\Debug\link.write.1.tlog
C:\Users\daehyun.han\Documents\Visual Studio 2010\Projects\08LIB_18040206HanDaeHyun\Chapter(8-1 Implicit Dynamic Library)\Debug\link-cvtres.read.1.tlog
C:\Users\daehyun.han\Documents\Visual Studio 2010\Projects\08LIB_18040206HanDaeHyun\Chapter(8-1 Implicit Dynamic Library)\Debug\link-cvtres.write.1.tlog
C:\Users\daehyun.han\Documents\Visual Studio 2010\Projects\08LIB_18040206HanDaeHyun\Chapter(8-1 Implicit Dynamic Library)\Debug\mt.command.1.tlog
C:\Users\daehyun.han\Documents\Visual Studio 2010\Projects\08LIB_18040206HanDaeHyun\Chapter(8-1 Implicit Dynamic Library)\Debug\mt.read.1.tlog
C:\Users\daehyun.han\Documents\Visual Studio 2010\Projects\08LIB_18040206HanDaeHyun\Chapter(8-1 Implicit Dynamic Library)\Debug\mt.write.1.tlog
C:\Users\daehyun.han\Documents\Visual Studio 2010\Projects\08LIB_18040206HanDaeHyun\Chapter(8-1 Implicit Dynamic Library)\Debug\rc.command.1.tlog
C:\Users\daehyun.han\Documents\Visual Studio 2010\Projects\08LIB_18040206HanDaeHyun\Chapter(8-1 Implicit Dynamic Library)\Debug\rc.read.1.tlog
C:\Users\daehyun.han\Documents\Visual Studio 2010\Projects\08LIB_18040206HanDaeHyun\Chapter(8-1 Implicit Dynamic Library)\Debug\rc.write.1.tlog
C:\Users\daehyun.han\Documents\Visual Studio 2010\Projects\08LIB_18040206HanDaeHyun\Chapter(8-1 Implicit Dynamic Library)\Debug\vc100.idb
C:\USERS\DAEHYUN.HAN\DOCUMENTS\VISUAL STUDIO 2010\PROJECTS\08LIB_18040206HANDAEHYUN\CHAPTER(8-1 IMPLICIT DYNAMIC LIBRARY)\DEBUG\VC100.PDB
C:\USERS\DAEHYUN.HAN\DOCUMENTS\VISUAL STUDIO 2010\PROJECTS\08LIB_18040206HANDAEHYUN\DEBUG\CHAPTER(8-1 IMPLICIT DYNAMIC LIBRARY).EXE
C:\USERS\DAEHYUN.HAN\DOCUMENTS\VISUAL STUDIO 2010\PROJECTS\08LIB_18040206HANDAEHYUN\DEBUG\CHAPTER(8-1 IMPLICIT DYNAMIC LIBRARY).ILK
C:\USERS\DAEHYUN.HAN\DOCUMENTS\VISUAL STUDIO 2010\PROJECTS\08LIB_18040206HANDAEHYUN\DEBUG\CHAPTER(8-1 IMPLICIT DYNAMIC LIBRARY).PDB
