C:\USERS\DAEHYUN.HAN\DOCUMENTS\VISUAL STUDIO 2010\PROJECTS\09COMMODULE_18040206HANDAEHYUN\CHAPTER09 DLL\DEBUG\CHAPTER09 DLL.DLL.EMBED.MANIFEST
C:\USERS\DAEHYUN.HAN\DOCUMENTS\VISUAL STUDIO 2010\PROJECTS\09COMMODULE_18040206HANDAEHYUN\CHAPTER09 DLL\DEBUG\CHAPTER09 DLL.DLL.EMBED.MANIFEST.RES
C:\USERS\DAEHYUN.HAN\DOCUMENTS\VISUAL STUDIO 2010\PROJECTS\09COMMODULE_18040206HANDAEHYUN\CHAPTER09 DLL\DEBUG\CHAPTER09 DLL.DLL.INTERMEDIATE.MANIFEST
C:\USERS\DAEHYUN.HAN\DOCUMENTS\VISUAL STUDIO 2010\PROJECTS\09COMMODULE_18040206HANDAEHYUN\CHAPTER09 DLL\DEBUG\CHAPTER09 DLL.OBJ
C:\USERS\DAEHYUN.HAN\DOCUMENTS\VISUAL STUDIO 2010\PROJECTS\09COMMODULE_18040206HANDAEHYUN\CHAPTER09 DLL\DEBUG\CHAPTER09 DLL.PCH
C:\USERS\DAEHYUN.HAN\DOCUMENTS\VISUAL STUDIO 2010\PROJECTS\09COMMODULE_18040206HANDAEHYUN\CHAPTER09 DLL\DEBUG\CHAPTER09 DLL.RES
C:\Users\daehyun.han\Documents\Visual Studio 2010\Projects\09COMmodule_18040206HanDaeHyun\Chapter09 dll\Debug\Chapter09 dll.write.1.tlog
C:\Users\daehyun.han\Documents\Visual Studio 2010\Projects\09COMmodule_18040206HanDaeHyun\Chapter09 dll\Debug\Chapter09 dll_manifest.rc
C:\Users\daehyun.han\Documents\Visual Studio 2010\Projects\09COMmodule_18040206HanDaeHyun\Chapter09 dll\Debug\cl.command.1.tlog
C:\Users\daehyun.han\Documents\Visual Studio 2010\Projects\09COMmodule_18040206HanDaeHyun\Chapter09 dll\Debug\CL.read.1.tlog
C:\Users\daehyun.han\Documents\Visual Studio 2010\Projects\09COMmodule_18040206HanDaeHyun\Chapter09 dll\Debug\CL.write.1.tlog
C:\USERS\DAEHYUN.HAN\DOCUMENTS\VISUAL STUDIO 2010\PROJECTS\09COMMODULE_18040206HANDAEHYUN\CHAPTER09 DLL\DEBUG\CMYSTRING.OBJ
C:\USERS\DAEHYUN.HAN\DOCUMENTS\VISUAL STUDIO 2010\PROJECTS\09COMMODULE_18040206HANDAEHYUN\CHAPTER09 DLL\DEBUG\COMMUCATION.OBJ
C:\USERS\DAEHYUN.HAN\DOCUMENTS\VISUAL STUDIO 2010\PROJECTS\09COMMODULE_18040206HANDAEHYUN\CHAPTER09 DLL\DEBUG\ETHERNET.OBJ
C:\Users\daehyun.han\Documents\Visual Studio 2010\Projects\09COMmodule_18040206HanDaeHyun\Chapter09 dll\Debug\link.command.1.tlog
C:\Users\daehyun.han\Documents\Visual Studio 2010\Projects\09COMmodule_18040206HanDaeHyun\Chapter09 dll\Debug\link.read.1.tlog
C:\Users\daehyun.han\Documents\Visual Studio 2010\Projects\09COMmodule_18040206HanDaeHyun\Chapter09 dll\Debug\link.write.1.tlog
C:\Users\daehyun.han\Documents\Visual Studio 2010\Projects\09COMmodule_18040206HanDaeHyun\Chapter09 dll\Debug\link-cvtres.read.1.tlog
C:\Users\daehyun.han\Documents\Visual Studio 2010\Projects\09COMmodule_18040206HanDaeHyun\Chapter09 dll\Debug\link-cvtres.write.1.tlog
C:\Users\daehyun.han\Documents\Visual Studio 2010\Projects\09COMmodule_18040206HanDaeHyun\Chapter09 dll\Debug\mt.command.1.tlog
C:\Users\daehyun.han\Documents\Visual Studio 2010\Projects\09COMmodule_18040206HanDaeHyun\Chapter09 dll\Debug\mt.read.1.tlog
C:\Users\daehyun.han\Documents\Visual Studio 2010\Projects\09COMmodule_18040206HanDaeHyun\Chapter09 dll\Debug\mt.write.1.tlog
C:\Users\daehyun.han\Documents\Visual Studio 2010\Projects\09COMmodule_18040206HanDaeHyun\Chapter09 dll\Debug\rc.command.1.tlog
C:\Users\daehyun.han\Documents\Visual Studio 2010\Projects\09COMmodule_18040206HanDaeHyun\Chapter09 dll\Debug\rc.read.1.tlog
C:\Users\daehyun.han\Documents\Visual Studio 2010\Projects\09COMmodule_18040206HanDaeHyun\Chapter09 dll\Debug\rc.write.1.tlog
C:\USERS\DAEHYUN.HAN\DOCUMENTS\VISUAL STUDIO 2010\PROJECTS\09COMMODULE_18040206HANDAEHYUN\CHAPTER09 DLL\DEBUG\SERIAL.OBJ
C:\USERS\DAEHYUN.HAN\DOCUMENTS\VISUAL STUDIO 2010\PROJECTS\09COMMODULE_18040206HANDAEHYUN\CHAPTER09 DLL\DEBUG\STDAFX.OBJ
C:\USERS\DAEHYUN.HAN\DOCUMENTS\VISUAL STUDIO 2010\PROJECTS\09COMMODULE_18040206HANDAEHYUN\CHAPTER09 DLL\DEBUG\TCPCLIENT.OBJ
C:\USERS\DAEHYUN.HAN\DOCUMENTS\VISUAL STUDIO 2010\PROJECTS\09COMMODULE_18040206HANDAEHYUN\CHAPTER09 DLL\DEBUG\TCPSERVER.OBJ
C:\USERS\DAEHYUN.HAN\DOCUMENTS\VISUAL STUDIO 2010\PROJECTS\09COMMODULE_18040206HANDAEHYUN\CHAPTER09 DLL\DEBUG\UDP.OBJ
C:\Users\daehyun.han\Documents\Visual Studio 2010\Projects\09COMmodule_18040206HanDaeHyun\Chapter09 dll\Debug\vc100.idb
C:\USERS\DAEHYUN.HAN\DOCUMENTS\VISUAL STUDIO 2010\PROJECTS\09COMMODULE_18040206HANDAEHYUN\CHAPTER09 DLL\DEBUG\VC100.PDB
C:\USERS\DAEHYUN.HAN\DOCUMENTS\VISUAL STUDIO 2010\PROJECTS\09COMMODULE_18040206HANDAEHYUN\DEBUG\CHAPTER09 DLL.DLL
C:\Users\daehyun.han\Documents\Visual Studio 2010\Projects\09COMmodule_18040206HanDaeHyun\Debug\Chapter09 dll.exp
C:\Users\daehyun.han\Documents\Visual Studio 2010\Projects\09COMmodule_18040206HanDaeHyun\Debug\Chapter09 dll.lib
C:\USERS\DAEHYUN.HAN\DOCUMENTS\VISUAL STUDIO 2010\PROJECTS\09COMMODULE_18040206HANDAEHYUN\DEBUG\CHAPTER09 DLL.PDB
