빌드 시작: 2018-04-25 오후 3:22:34
     1>2 노드의 "C:\Users\daehyun.han\Documents\Visual Studio 2010\Projects\09COMmodule_18040206HanDaeHyun\Chapter09 dll\Chapter09 dll.vcxproj" 프로젝트(rebuild 대상)입니다.
     1>_PrepareForClean:
         "Debug\Chapter09 dll.lastbuildstate" 파일을 삭제하고 있습니다.
       InitializeBuildStatus:
         "AlwaysCreate"이(가) 지정되었기 때문에 "Debug\Chapter09 dll.unsuccessfulbuild"을(를) 만들고 있습니다.
       ClCompile:
         C:\Program Files (x86)\Microsoft Visual Studio 10.0\VC\bin\CL.exe /c /ZI /nologo /W3 /WX- /Od /Oy- /D WIN32 /D _DEBUG /D _WINDOWS /D _USRDLL /D CHAPTER09DLL_EXPORTS /D _WINDLL /D _UNICODE /D UNICODE /D _AFXDLL /Gm /EHsc /RTC1 /MDd /GS /fp:precise /Zc:wchar_t /Zc:forScope /Yc"StdAfx.h" /Fp"Debug\Chapter09 dll.pch" /Fo"Debug\\" /Fd"Debug\vc100.pdb" /Gd /TP /analyze- /errorReport:prompt stdafx.cpp
         stdafx.cpp
         C:\Program Files (x86)\Microsoft Visual Studio 10.0\VC\bin\CL.exe /c /ZI /nologo /W3 /WX- /Od /Oy- /D WIN32 /D _DEBUG /D _WINDOWS /D _USRDLL /D CHAPTER09DLL_EXPORTS /D _WINDLL /D _UNICODE /D UNICODE /D _AFXDLL /Gm /EHsc /RTC1 /MDd /GS /fp:precise /Zc:wchar_t /Zc:forScope /Yu"StdAfx.h" /Fp"Debug\Chapter09 dll.pch" /Fo"Debug\\" /Fd"Debug\vc100.pdb" /Gd /TP /analyze- /errorReport:prompt "Chapter09 dll.cpp" CMyString.cpp Commucation.cpp Ethernet.cpp Serial.cpp TCPClient.cpp TCPServer.cpp UDP.cpp
         UDP.cpp
     1>c:\users\daehyun.han\documents\visual studio 2010\projects\09commodule_18040206handaehyun\chapter09 dll\cmystring.h(6): warning C4005: 'TRUE' : 매크로 재정의
                 c:\program files (x86)\microsoft visual studio 10.0\vc\atlmfc\include\afx.h(235) : 'TRUE'의 이전 정의를 참조하십시오.
     1>c:\users\daehyun.han\documents\visual studio 2010\projects\09commodule_18040206handaehyun\chapter09 dll\cmystring.h(7): warning C4005: 'FALSE' : 매크로 재정의
                 c:\program files (x86)\microsoft visual studio 10.0\vc\atlmfc\include\afx.h(234) : 'FALSE'의 이전 정의를 참조하십시오.
     1>c:\users\daehyun.han\documents\visual studio 2010\projects\09commodule_18040206handaehyun\chapter09 dll\cmystring.h(44): warning C4273: 'CMyString::CMyString' : dll 링크가 일치하지 않습니다.
                 c:\users\daehyun.han\documents\visual studio 2010\projects\09commodule_18040206handaehyun\chapter09 dll\cmystring.h(18) : '{ctor}'의 이전 정의를 참조하십시오.
     1>c:\users\daehyun.han\documents\visual studio 2010\projects\09commodule_18040206handaehyun\chapter09 dll\cmystring.h(60): warning C4273: 'CMyString::CMyString' : dll 링크가 일치하지 않습니다.
                 c:\users\daehyun.han\documents\visual studio 2010\projects\09commodule_18040206handaehyun\chapter09 dll\cmystring.h(20) : '{ctor}'의 이전 정의를 참조하십시오.
     1>c:\users\daehyun.han\documents\visual studio 2010\projects\09commodule_18040206handaehyun\chapter09 dll\cmystring.h(68): warning C4996: 'strcpy': This function or variable may be unsafe. Consider using strcpy_s instead. To disable deprecation, use _CRT_SECURE_NO_WARNINGS. See online help for details.
                 c:\program files (x86)\microsoft visual studio 10.0\vc\include\string.h(105) : 'strcpy' 선언을 참조하십시오.
     1>c:\users\daehyun.han\documents\visual studio 2010\projects\09commodule_18040206handaehyun\chapter09 dll\cmystring.h(80): warning C4273: 'CMyString::CMyString' : dll 링크가 일치하지 않습니다.
                 c:\users\daehyun.han\documents\visual studio 2010\projects\09commodule_18040206handaehyun\chapter09 dll\cmystring.h(19) : '{ctor}'의 이전 정의를 참조하십시오.
     1>c:\users\daehyun.han\documents\visual studio 2010\projects\09commodule_18040206handaehyun\chapter09 dll\cmystring.h(83): warning C4996: 'strcpy': This function or variable may be unsafe. Consider using strcpy_s instead. To disable deprecation, use _CRT_SECURE_NO_WARNINGS. See online help for details.
                 c:\program files (x86)\microsoft visual studio 10.0\vc\include\string.h(105) : 'strcpy' 선언을 참조하십시오.
     1>c:\users\daehyun.han\documents\visual studio 2010\projects\09commodule_18040206handaehyun\chapter09 dll\cmystring.h(93): warning C4273: 'CMyString::~CMyString' : dll 링크가 일치하지 않습니다.
                 c:\users\daehyun.han\documents\visual studio 2010\projects\09commodule_18040206handaehyun\chapter09 dll\cmystring.h(21) : '{dtor}'의 이전 정의를 참조하십시오.
     1>c:\users\daehyun.han\documents\visual studio 2010\projects\09commodule_18040206handaehyun\chapter09 dll\cmystring.h(105): warning C4273: 'CMyString::getSize' : dll 링크가 일치하지 않습니다.
                 c:\users\daehyun.han\documents\visual studio 2010\projects\09commodule_18040206handaehyun\chapter09 dll\cmystring.h(22) : 'getSize'의 이전 정의를 참조하십시오.
     1>c:\users\daehyun.han\documents\visual studio 2010\projects\09commodule_18040206handaehyun\chapter09 dll\cmystring.h(118): warning C4273: 'CMyString::getSize' : dll 링크가 일치하지 않습니다.
                 c:\users\daehyun.han\documents\visual studio 2010\projects\09commodule_18040206handaehyun\chapter09 dll\cmystring.h(23) : 'getSize'의 이전 정의를 참조하십시오.
     1>c:\users\daehyun.han\documents\visual studio 2010\projects\09commodule_18040206handaehyun\chapter09 dll\cmystring.h(133): warning C4273: 'CMyString::print' : dll 링크가 일치하지 않습니다.
                 c:\users\daehyun.han\documents\visual studio 2010\projects\09commodule_18040206handaehyun\chapter09 dll\cmystring.h(24) : 'print'의 이전 정의를 참조하십시오.
     1>c:\users\daehyun.han\documents\visual studio 2010\projects\09commodule_18040206handaehyun\chapter09 dll\cmystring.h(149): warning C4996: 'strcpy': This function or variable may be unsafe. Consider using strcpy_s instead. To disable deprecation, use _CRT_SECURE_NO_WARNINGS. See online help for details.
                 c:\program files (x86)\microsoft visual studio 10.0\vc\include\string.h(105) : 'strcpy' 선언을 참조하십시오.
     1>c:\users\daehyun.han\documents\visual studio 2010\projects\09commodule_18040206handaehyun\chapter09 dll\cmystring.h(150): warning C4996: 'strcat': This function or variable may be unsafe. Consider using strcat_s instead. To disable deprecation, use _CRT_SECURE_NO_WARNINGS. See online help for details.
                 c:\program files (x86)\microsoft visual studio 10.0\vc\include\string.h(110) : 'strcat' 선언을 참조하십시오.
     1>c:\users\daehyun.han\documents\visual studio 2010\projects\09commodule_18040206handaehyun\chapter09 dll\cmystring.h(174): warning C4996: 'strcpy': This function or variable may be unsafe. Consider using strcpy_s instead. To disable deprecation, use _CRT_SECURE_NO_WARNINGS. See online help for details.
                 c:\program files (x86)\microsoft visual studio 10.0\vc\include\string.h(105) : 'strcpy' 선언을 참조하십시오.
     1>c:\users\daehyun.han\documents\visual studio 2010\projects\09commodule_18040206handaehyun\chapter09 dll\cmystring.h(175): warning C4996: 'strcat': This function or variable may be unsafe. Consider using strcat_s instead. To disable deprecation, use _CRT_SECURE_NO_WARNINGS. See online help for details.
                 c:\program files (x86)\microsoft visual studio 10.0\vc\include\string.h(110) : 'strcat' 선언을 참조하십시오.
     1>c:\users\daehyun.han\documents\visual studio 2010\projects\09commodule_18040206handaehyun\chapter09 dll\cmystring.h(195): warning C4273: 'CMyString::operator =' : dll 링크가 일치하지 않습니다.
                 c:\users\daehyun.han\documents\visual studio 2010\projects\09commodule_18040206handaehyun\chapter09 dll\cmystring.h(29) : '='의 이전 정의를 참조하십시오.
     1>c:\users\daehyun.han\documents\visual studio 2010\projects\09commodule_18040206handaehyun\chapter09 dll\cmystring.h(198): warning C4996: 'strcpy': This function or variable may be unsafe. Consider using strcpy_s instead. To disable deprecation, use _CRT_SECURE_NO_WARNINGS. See online help for details.
                 c:\program files (x86)\microsoft visual studio 10.0\vc\include\string.h(105) : 'strcpy' 선언을 참조하십시오.
     1>c:\users\daehyun.han\documents\visual studio 2010\projects\09commodule_18040206handaehyun\chapter09 dll\cmystring.h(214): warning C4273: 'CMyString::operator =' : dll 링크가 일치하지 않습니다.
                 c:\users\daehyun.han\documents\visual studio 2010\projects\09commodule_18040206handaehyun\chapter09 dll\cmystring.h(28) : '='의 이전 정의를 참조하십시오.
     1>c:\users\daehyun.han\documents\visual studio 2010\projects\09commodule_18040206handaehyun\chapter09 dll\cmystring.h(217): warning C4996: 'strcpy': This function or variable may be unsafe. Consider using strcpy_s instead. To disable deprecation, use _CRT_SECURE_NO_WARNINGS. See online help for details.
                 c:\program files (x86)\microsoft visual studio 10.0\vc\include\string.h(105) : 'strcpy' 선언을 참조하십시오.
     1>c:\users\daehyun.han\documents\visual studio 2010\projects\09commodule_18040206handaehyun\chapter09 dll\cmystring.h(233): warning C4273: 'CMyString::operator =' : dll 링크가 일치하지 않습니다.
                 c:\users\daehyun.han\documents\visual studio 2010\projects\09commodule_18040206handaehyun\chapter09 dll\cmystring.h(30) : '='의 이전 정의를 참조하십시오.
     1>c:\users\daehyun.han\documents\visual studio 2010\projects\09commodule_18040206handaehyun\chapter09 dll\cmystring.h(239): warning C4996: 'strcpy': This function or variable may be unsafe. Consider using strcpy_s instead. To disable deprecation, use _CRT_SECURE_NO_WARNINGS. See online help for details.
                 c:\program files (x86)\microsoft visual studio 10.0\vc\include\string.h(105) : 'strcpy' 선언을 참조하십시오.
     1>c:\users\daehyun.han\documents\visual studio 2010\projects\09commodule_18040206handaehyun\chapter09 dll\cmystring.h(243): warning C4996: 'itoa': The POSIX name for this item is deprecated. Instead, use the ISO C++ conformant name: _itoa. See online help for details.
                 c:\program files (x86)\microsoft visual studio 10.0\vc\include\stdlib.h(867) : 'itoa' 선언을 참조하십시오.
     1>c:\users\daehyun.han\documents\visual studio 2010\projects\09commodule_18040206handaehyun\chapter09 dll\cmystring.h(267): warning C4996: 'strcpy': This function or variable may be unsafe. Consider using strcpy_s instead. To disable deprecation, use _CRT_SECURE_NO_WARNINGS. See online help for details.
                 c:\program files (x86)\microsoft visual studio 10.0\vc\include\string.h(105) : 'strcpy' 선언을 참조하십시오.
     1>c:\users\daehyun.han\documents\visual studio 2010\projects\09commodule_18040206handaehyun\chapter09 dll\cmystring.h(268): warning C4996: 'strcpy': This function or variable may be unsafe. Consider using strcpy_s instead. To disable deprecation, use _CRT_SECURE_NO_WARNINGS. See online help for details.
                 c:\program files (x86)\microsoft visual studio 10.0\vc\include\string.h(105) : 'strcpy' 선언을 참조하십시오.
     1>c:\users\daehyun.han\documents\visual studio 2010\projects\09commodule_18040206handaehyun\chapter09 dll\cmystring.h(296): warning C4273: 'CMyString::operator char *' : dll 링크가 일치하지 않습니다.
                 c:\users\daehyun.han\documents\visual studio 2010\projects\09commodule_18040206handaehyun\chapter09 dll\cmystring.h(33) : '.PAD'의 이전 정의를 참조하십시오.
     1>c:\users\daehyun.han\documents\visual studio 2010\projects\09commodule_18040206handaehyun\chapter09 dll\cmystring.h(326): warning C4996: 'strcpy': This function or variable may be unsafe. Consider using strcpy_s instead. To disable deprecation, use _CRT_SECURE_NO_WARNINGS. See online help for details.
                 c:\program files (x86)\microsoft visual studio 10.0\vc\include\string.h(105) : 'strcpy' 선언을 참조하십시오.
     1>c:\users\daehyun.han\documents\visual studio 2010\projects\09commodule_18040206handaehyun\chapter09 dll\cmystring.h(353): warning C4273: 'CMyString::SetStringSize' : dll 링크가 일치하지 않습니다.
                 c:\users\daehyun.han\documents\visual studio 2010\projects\09commodule_18040206handaehyun\chapter09 dll\cmystring.h(34) : 'SetStringSize'의 이전 정의를 참조하십시오.
         TCPServer.cpp
     1>c:\users\daehyun.han\documents\visual studio 2010\projects\09commodule_18040206handaehyun\chapter09 dll\cmystring.h(6): warning C4005: 'TRUE' : 매크로 재정의
                 c:\program files (x86)\microsoft visual studio 10.0\vc\atlmfc\include\afx.h(235) : 'TRUE'의 이전 정의를 참조하십시오.
     1>c:\users\daehyun.han\documents\visual studio 2010\projects\09commodule_18040206handaehyun\chapter09 dll\cmystring.h(7): warning C4005: 'FALSE' : 매크로 재정의
                 c:\program files (x86)\microsoft visual studio 10.0\vc\atlmfc\include\afx.h(234) : 'FALSE'의 이전 정의를 참조하십시오.
     1>c:\users\daehyun.han\documents\visual studio 2010\projects\09commodule_18040206handaehyun\chapter09 dll\cmystring.h(44): warning C4273: 'CMyString::CMyString' : dll 링크가 일치하지 않습니다.
                 c:\users\daehyun.han\documents\visual studio 2010\projects\09commodule_18040206handaehyun\chapter09 dll\cmystring.h(18) : '{ctor}'의 이전 정의를 참조하십시오.
     1>c:\users\daehyun.han\documents\visual studio 2010\projects\09commodule_18040206handaehyun\chapter09 dll\cmystring.h(60): warning C4273: 'CMyString::CMyString' : dll 링크가 일치하지 않습니다.
                 c:\users\daehyun.han\documents\visual studio 2010\projects\09commodule_18040206handaehyun\chapter09 dll\cmystring.h(20) : '{ctor}'의 이전 정의를 참조하십시오.
     1>c:\users\daehyun.han\documents\visual studio 2010\projects\09commodule_18040206handaehyun\chapter09 dll\cmystring.h(68): warning C4996: 'strcpy': This function or variable may be unsafe. Consider using strcpy_s instead. To disable deprecation, use _CRT_SECURE_NO_WARNINGS. See online help for details.
                 c:\program files (x86)\microsoft visual studio 10.0\vc\include\string.h(105) : 'strcpy' 선언을 참조하십시오.
     1>c:\users\daehyun.han\documents\visual studio 2010\projects\09commodule_18040206handaehyun\chapter09 dll\cmystring.h(80): warning C4273: 'CMyString::CMyString' : dll 링크가 일치하지 않습니다.
                 c:\users\daehyun.han\documents\visual studio 2010\projects\09commodule_18040206handaehyun\chapter09 dll\cmystring.h(19) : '{ctor}'의 이전 정의를 참조하십시오.
     1>c:\users\daehyun.han\documents\visual studio 2010\projects\09commodule_18040206handaehyun\chapter09 dll\cmystring.h(83): warning C4996: 'strcpy': This function or variable may be unsafe. Consider using strcpy_s instead. To disable deprecation, use _CRT_SECURE_NO_WARNINGS. See online help for details.
                 c:\program files (x86)\microsoft visual studio 10.0\vc\include\string.h(105) : 'strcpy' 선언을 참조하십시오.
     1>c:\users\daehyun.han\documents\visual studio 2010\projects\09commodule_18040206handaehyun\chapter09 dll\cmystring.h(93): warning C4273: 'CMyString::~CMyString' : dll 링크가 일치하지 않습니다.
                 c:\users\daehyun.han\documents\visual studio 2010\projects\09commodule_18040206handaehyun\chapter09 dll\cmystring.h(21) : '{dtor}'의 이전 정의를 참조하십시오.
     1>c:\users\daehyun.han\documents\visual studio 2010\projects\09commodule_18040206handaehyun\chapter09 dll\cmystring.h(105): warning C4273: 'CMyString::getSize' : dll 링크가 일치하지 않습니다.
                 c:\users\daehyun.han\documents\visual studio 2010\projects\09commodule_18040206handaehyun\chapter09 dll\cmystring.h(22) : 'getSize'의 이전 정의를 참조하십시오.
     1>c:\users\daehyun.han\documents\visual studio 2010\projects\09commodule_18040206handaehyun\chapter09 dll\cmystring.h(118): warning C4273: 'CMyString::getSize' : dll 링크가 일치하지 않습니다.
                 c:\users\daehyun.han\documents\visual studio 2010\projects\09commodule_18040206handaehyun\chapter09 dll\cmystring.h(23) : 'getSize'의 이전 정의를 참조하십시오.
     1>c:\users\daehyun.han\documents\visual studio 2010\projects\09commodule_18040206handaehyun\chapter09 dll\cmystring.h(133): warning C4273: 'CMyString::print' : dll 링크가 일치하지 않습니다.
                 c:\users\daehyun.han\documents\visual studio 2010\projects\09commodule_18040206handaehyun\chapter09 dll\cmystring.h(24) : 'print'의 이전 정의를 참조하십시오.
     1>c:\users\daehyun.han\documents\visual studio 2010\projects\09commodule_18040206handaehyun\chapter09 dll\cmystring.h(149): warning C4996: 'strcpy': This function or variable may be unsafe. Consider using strcpy_s instead. To disable deprecation, use _CRT_SECURE_NO_WARNINGS. See online help for details.
                 c:\program files (x86)\microsoft visual studio 10.0\vc\include\string.h(105) : 'strcpy' 선언을 참조하십시오.
     1>c:\users\daehyun.han\documents\visual studio 2010\projects\09commodule_18040206handaehyun\chapter09 dll\cmystring.h(150): warning C4996: 'strcat': This function or variable may be unsafe. Consider using strcat_s instead. To disable deprecation, use _CRT_SECURE_NO_WARNINGS. See online help for details.
                 c:\program files (x86)\microsoft visual studio 10.0\vc\include\string.h(110) : 'strcat' 선언을 참조하십시오.
     1>c:\users\daehyun.han\documents\visual studio 2010\projects\09commodule_18040206handaehyun\chapter09 dll\cmystring.h(174): warning C4996: 'strcpy': This function or variable may be unsafe. Consider using strcpy_s instead. To disable deprecation, use _CRT_SECURE_NO_WARNINGS. See online help for details.
                 c:\program files (x86)\microsoft visual studio 10.0\vc\include\string.h(105) : 'strcpy' 선언을 참조하십시오.
     1>c:\users\daehyun.han\documents\visual studio 2010\projects\09commodule_18040206handaehyun\chapter09 dll\cmystring.h(175): warning C4996: 'strcat': This function or variable may be unsafe. Consider using strcat_s instead. To disable deprecation, use _CRT_SECURE_NO_WARNINGS. See online help for details.
                 c:\program files (x86)\microsoft visual studio 10.0\vc\include\string.h(110) : 'strcat' 선언을 참조하십시오.
     1>c:\users\daehyun.han\documents\visual studio 2010\projects\09commodule_18040206handaehyun\chapter09 dll\cmystring.h(195): warning C4273: 'CMyString::operator =' : dll 링크가 일치하지 않습니다.
                 c:\users\daehyun.han\documents\visual studio 2010\projects\09commodule_18040206handaehyun\chapter09 dll\cmystring.h(29) : '='의 이전 정의를 참조하십시오.
     1>c:\users\daehyun.han\documents\visual studio 2010\projects\09commodule_18040206handaehyun\chapter09 dll\cmystring.h(198): warning C4996: 'strcpy': This function or variable may be unsafe. Consider using strcpy_s instead. To disable deprecation, use _CRT_SECURE_NO_WARNINGS. See online help for details.
                 c:\program files (x86)\microsoft visual studio 10.0\vc\include\string.h(105) : 'strcpy' 선언을 참조하십시오.
     1>c:\users\daehyun.han\documents\visual studio 2010\projects\09commodule_18040206handaehyun\chapter09 dll\cmystring.h(214): warning C4273: 'CMyString::operator =' : dll 링크가 일치하지 않습니다.
                 c:\users\daehyun.han\documents\visual studio 2010\projects\09commodule_18040206handaehyun\chapter09 dll\cmystring.h(28) : '='의 이전 정의를 참조하십시오.
     1>c:\users\daehyun.han\documents\visual studio 2010\projects\09commodule_18040206handaehyun\chapter09 dll\cmystring.h(217): warning C4996: 'strcpy': This function or variable may be unsafe. Consider using strcpy_s instead. To disable deprecation, use _CRT_SECURE_NO_WARNINGS. See online help for details.
                 c:\program files (x86)\microsoft visual studio 10.0\vc\include\string.h(105) : 'strcpy' 선언을 참조하십시오.
     1>c:\users\daehyun.han\documents\visual studio 2010\projects\09commodule_18040206handaehyun\chapter09 dll\cmystring.h(233): warning C4273: 'CMyString::operator =' : dll 링크가 일치하지 않습니다.
                 c:\users\daehyun.han\documents\visual studio 2010\projects\09commodule_18040206handaehyun\chapter09 dll\cmystring.h(30) : '='의 이전 정의를 참조하십시오.
     1>c:\users\daehyun.han\documents\visual studio 2010\projects\09commodule_18040206handaehyun\chapter09 dll\cmystring.h(239): warning C4996: 'strcpy': This function or variable may be unsafe. Consider using strcpy_s instead. To disable deprecation, use _CRT_SECURE_NO_WARNINGS. See online help for details.
                 c:\program files (x86)\microsoft visual studio 10.0\vc\include\string.h(105) : 'strcpy' 선언을 참조하십시오.
     1>c:\users\daehyun.han\documents\visual studio 2010\projects\09commodule_18040206handaehyun\chapter09 dll\cmystring.h(243): warning C4996: 'itoa': The POSIX name for this item is deprecated. Instead, use the ISO C++ conformant name: _itoa. See online help for details.
                 c:\program files (x86)\microsoft visual studio 10.0\vc\include\stdlib.h(867) : 'itoa' 선언을 참조하십시오.
     1>c:\users\daehyun.han\documents\visual studio 2010\projects\09commodule_18040206handaehyun\chapter09 dll\cmystring.h(267): warning C4996: 'strcpy': This function or variable may be unsafe. Consider using strcpy_s instead. To disable deprecation, use _CRT_SECURE_NO_WARNINGS. See online help for details.
                 c:\program files (x86)\microsoft visual studio 10.0\vc\include\string.h(105) : 'strcpy' 선언을 참조하십시오.
     1>c:\users\daehyun.han\documents\visual studio 2010\projects\09commodule_18040206handaehyun\chapter09 dll\cmystring.h(268): warning C4996: 'strcpy': This function or variable may be unsafe. Consider using strcpy_s instead. To disable deprecation, use _CRT_SECURE_NO_WARNINGS. See online help for details.
                 c:\program files (x86)\microsoft visual studio 10.0\vc\include\string.h(105) : 'strcpy' 선언을 참조하십시오.
     1>c:\users\daehyun.han\documents\visual studio 2010\projects\09commodule_18040206handaehyun\chapter09 dll\cmystring.h(296): warning C4273: 'CMyString::operator char *' : dll 링크가 일치하지 않습니다.
                 c:\users\daehyun.han\documents\visual studio 2010\projects\09commodule_18040206handaehyun\chapter09 dll\cmystring.h(33) : '.PAD'의 이전 정의를 참조하십시오.
     1>c:\users\daehyun.han\documents\visual studio 2010\projects\09commodule_18040206handaehyun\chapter09 dll\cmystring.h(326): warning C4996: 'strcpy': This function or variable may be unsafe. Consider using strcpy_s instead. To disable deprecation, use _CRT_SECURE_NO_WARNINGS. See online help for details.
                 c:\program files (x86)\microsoft visual studio 10.0\vc\include\string.h(105) : 'strcpy' 선언을 참조하십시오.
     1>c:\users\daehyun.han\documents\visual studio 2010\projects\09commodule_18040206handaehyun\chapter09 dll\cmystring.h(353): warning C4273: 'CMyString::SetStringSize' : dll 링크가 일치하지 않습니다.
                 c:\users\daehyun.han\documents\visual studio 2010\projects\09commodule_18040206handaehyun\chapter09 dll\cmystring.h(34) : 'SetStringSize'의 이전 정의를 참조하십시오.
         TCPClient.cpp
     1>c:\users\daehyun.han\documents\visual studio 2010\projects\09commodule_18040206handaehyun\chapter09 dll\cmystring.h(6): warning C4005: 'TRUE' : 매크로 재정의
                 c:\program files (x86)\microsoft visual studio 10.0\vc\atlmfc\include\afx.h(235) : 'TRUE'의 이전 정의를 참조하십시오.
     1>c:\users\daehyun.han\documents\visual studio 2010\projects\09commodule_18040206handaehyun\chapter09 dll\cmystring.h(7): warning C4005: 'FALSE' : 매크로 재정의
                 c:\program files (x86)\microsoft visual studio 10.0\vc\atlmfc\include\afx.h(234) : 'FALSE'의 이전 정의를 참조하십시오.
     1>c:\users\daehyun.han\documents\visual studio 2010\projects\09commodule_18040206handaehyun\chapter09 dll\cmystring.h(44): warning C4273: 'CMyString::CMyString' : dll 링크가 일치하지 않습니다.
                 c:\users\daehyun.han\documents\visual studio 2010\projects\09commodule_18040206handaehyun\chapter09 dll\cmystring.h(18) : '{ctor}'의 이전 정의를 참조하십시오.
     1>c:\users\daehyun.han\documents\visual studio 2010\projects\09commodule_18040206handaehyun\chapter09 dll\cmystring.h(60): warning C4273: 'CMyString::CMyString' : dll 링크가 일치하지 않습니다.
                 c:\users\daehyun.han\documents\visual studio 2010\projects\09commodule_18040206handaehyun\chapter09 dll\cmystring.h(20) : '{ctor}'의 이전 정의를 참조하십시오.
     1>c:\users\daehyun.han\documents\visual studio 2010\projects\09commodule_18040206handaehyun\chapter09 dll\cmystring.h(68): warning C4996: 'strcpy': This function or variable may be unsafe. Consider using strcpy_s instead. To disable deprecation, use _CRT_SECURE_NO_WARNINGS. See online help for details.
                 c:\program files (x86)\microsoft visual studio 10.0\vc\include\string.h(105) : 'strcpy' 선언을 참조하십시오.
     1>c:\users\daehyun.han\documents\visual studio 2010\projects\09commodule_18040206handaehyun\chapter09 dll\cmystring.h(80): warning C4273: 'CMyString::CMyString' : dll 링크가 일치하지 않습니다.
                 c:\users\daehyun.han\documents\visual studio 2010\projects\09commodule_18040206handaehyun\chapter09 dll\cmystring.h(19) : '{ctor}'의 이전 정의를 참조하십시오.
     1>c:\users\daehyun.han\documents\visual studio 2010\projects\09commodule_18040206handaehyun\chapter09 dll\cmystring.h(83): warning C4996: 'strcpy': This function or variable may be unsafe. Consider using strcpy_s instead. To disable deprecation, use _CRT_SECURE_NO_WARNINGS. See online help for details.
                 c:\program files (x86)\microsoft visual studio 10.0\vc\include\string.h(105) : 'strcpy' 선언을 참조하십시오.
     1>c:\users\daehyun.han\documents\visual studio 2010\projects\09commodule_18040206handaehyun\chapter09 dll\cmystring.h(93): warning C4273: 'CMyString::~CMyString' : dll 링크가 일치하지 않습니다.
                 c:\users\daehyun.han\documents\visual studio 2010\projects\09commodule_18040206handaehyun\chapter09 dll\cmystring.h(21) : '{dtor}'의 이전 정의를 참조하십시오.
     1>c:\users\daehyun.han\documents\visual studio 2010\projects\09commodule_18040206handaehyun\chapter09 dll\cmystring.h(105): warning C4273: 'CMyString::getSize' : dll 링크가 일치하지 않습니다.
                 c:\users\daehyun.han\documents\visual studio 2010\projects\09commodule_18040206handaehyun\chapter09 dll\cmystring.h(22) : 'getSize'의 이전 정의를 참조하십시오.
     1>c:\users\daehyun.han\documents\visual studio 2010\projects\09commodule_18040206handaehyun\chapter09 dll\cmystring.h(118): warning C4273: 'CMyString::getSize' : dll 링크가 일치하지 않습니다.
                 c:\users\daehyun.han\documents\visual studio 2010\projects\09commodule_18040206handaehyun\chapter09 dll\cmystring.h(23) : 'getSize'의 이전 정의를 참조하십시오.
     1>c:\users\daehyun.han\documents\visual studio 2010\projects\09commodule_18040206handaehyun\chapter09 dll\cmystring.h(133): warning C4273: 'CMyString::print' : dll 링크가 일치하지 않습니다.
                 c:\users\daehyun.han\documents\visual studio 2010\projects\09commodule_18040206handaehyun\chapter09 dll\cmystring.h(24) : 'print'의 이전 정의를 참조하십시오.
     1>c:\users\daehyun.han\documents\visual studio 2010\projects\09commodule_18040206handaehyun\chapter09 dll\cmystring.h(149): warning C4996: 'strcpy': This function or variable may be unsafe. Consider using strcpy_s instead. To disable deprecation, use _CRT_SECURE_NO_WARNINGS. See online help for details.
                 c:\program files (x86)\microsoft visual studio 10.0\vc\include\string.h(105) : 'strcpy' 선언을 참조하십시오.
     1>c:\users\daehyun.han\documents\visual studio 2010\projects\09commodule_18040206handaehyun\chapter09 dll\cmystring.h(150): warning C4996: 'strcat': This function or variable may be unsafe. Consider using strcat_s instead. To disable deprecation, use _CRT_SECURE_NO_WARNINGS. See online help for details.
                 c:\program files (x86)\microsoft visual studio 10.0\vc\include\string.h(110) : 'strcat' 선언을 참조하십시오.
     1>c:\users\daehyun.han\documents\visual studio 2010\projects\09commodule_18040206handaehyun\chapter09 dll\cmystring.h(174): warning C4996: 'strcpy': This function or variable may be unsafe. Consider using strcpy_s instead. To disable deprecation, use _CRT_SECURE_NO_WARNINGS. See online help for details.
                 c:\program files (x86)\microsoft visual studio 10.0\vc\include\string.h(105) : 'strcpy' 선언을 참조하십시오.
     1>c:\users\daehyun.han\documents\visual studio 2010\projects\09commodule_18040206handaehyun\chapter09 dll\cmystring.h(175): warning C4996: 'strcat': This function or variable may be unsafe. Consider using strcat_s instead. To disable deprecation, use _CRT_SECURE_NO_WARNINGS. See online help for details.
                 c:\program files (x86)\microsoft visual studio 10.0\vc\include\string.h(110) : 'strcat' 선언을 참조하십시오.
     1>c:\users\daehyun.han\documents\visual studio 2010\projects\09commodule_18040206handaehyun\chapter09 dll\cmystring.h(195): warning C4273: 'CMyString::operator =' : dll 링크가 일치하지 않습니다.
                 c:\users\daehyun.han\documents\visual studio 2010\projects\09commodule_18040206handaehyun\chapter09 dll\cmystring.h(29) : '='의 이전 정의를 참조하십시오.
     1>c:\users\daehyun.han\documents\visual studio 2010\projects\09commodule_18040206handaehyun\chapter09 dll\cmystring.h(198): warning C4996: 'strcpy': This function or variable may be unsafe. Consider using strcpy_s instead. To disable deprecation, use _CRT_SECURE_NO_WARNINGS. See online help for details.
                 c:\program files (x86)\microsoft visual studio 10.0\vc\include\string.h(105) : 'strcpy' 선언을 참조하십시오.
     1>c:\users\daehyun.han\documents\visual studio 2010\projects\09commodule_18040206handaehyun\chapter09 dll\cmystring.h(214): warning C4273: 'CMyString::operator =' : dll 링크가 일치하지 않습니다.
                 c:\users\daehyun.han\documents\visual studio 2010\projects\09commodule_18040206handaehyun\chapter09 dll\cmystring.h(28) : '='의 이전 정의를 참조하십시오.
     1>c:\users\daehyun.han\documents\visual studio 2010\projects\09commodule_18040206handaehyun\chapter09 dll\cmystring.h(217): warning C4996: 'strcpy': This function or variable may be unsafe. Consider using strcpy_s instead. To disable deprecation, use _CRT_SECURE_NO_WARNINGS. See online help for details.
                 c:\program files (x86)\microsoft visual studio 10.0\vc\include\string.h(105) : 'strcpy' 선언을 참조하십시오.
     1>c:\users\daehyun.han\documents\visual studio 2010\projects\09commodule_18040206handaehyun\chapter09 dll\cmystring.h(233): warning C4273: 'CMyString::operator =' : dll 링크가 일치하지 않습니다.
                 c:\users\daehyun.han\documents\visual studio 2010\projects\09commodule_18040206handaehyun\chapter09 dll\cmystring.h(30) : '='의 이전 정의를 참조하십시오.
     1>c:\users\daehyun.han\documents\visual studio 2010\projects\09commodule_18040206handaehyun\chapter09 dll\cmystring.h(239): warning C4996: 'strcpy': This function or variable may be unsafe. Consider using strcpy_s instead. To disable deprecation, use _CRT_SECURE_NO_WARNINGS. See online help for details.
                 c:\program files (x86)\microsoft visual studio 10.0\vc\include\string.h(105) : 'strcpy' 선언을 참조하십시오.
     1>c:\users\daehyun.han\documents\visual studio 2010\projects\09commodule_18040206handaehyun\chapter09 dll\cmystring.h(243): warning C4996: 'itoa': The POSIX name for this item is deprecated. Instead, use the ISO C++ conformant name: _itoa. See online help for details.
                 c:\program files (x86)\microsoft visual studio 10.0\vc\include\stdlib.h(867) : 'itoa' 선언을 참조하십시오.
     1>c:\users\daehyun.han\documents\visual studio 2010\projects\09commodule_18040206handaehyun\chapter09 dll\cmystring.h(267): warning C4996: 'strcpy': This function or variable may be unsafe. Consider using strcpy_s instead. To disable deprecation, use _CRT_SECURE_NO_WARNINGS. See online help for details.
                 c:\program files (x86)\microsoft visual studio 10.0\vc\include\string.h(105) : 'strcpy' 선언을 참조하십시오.
     1>c:\users\daehyun.han\documents\visual studio 2010\projects\09commodule_18040206handaehyun\chapter09 dll\cmystring.h(268): warning C4996: 'strcpy': This function or variable may be unsafe. Consider using strcpy_s instead. To disable deprecation, use _CRT_SECURE_NO_WARNINGS. See online help for details.
                 c:\program files (x86)\microsoft visual studio 10.0\vc\include\string.h(105) : 'strcpy' 선언을 참조하십시오.
     1>c:\users\daehyun.han\documents\visual studio 2010\projects\09commodule_18040206handaehyun\chapter09 dll\cmystring.h(296): warning C4273: 'CMyString::operator char *' : dll 링크가 일치하지 않습니다.
                 c:\users\daehyun.han\documents\visual studio 2010\projects\09commodule_18040206handaehyun\chapter09 dll\cmystring.h(33) : '.PAD'의 이전 정의를 참조하십시오.
     1>c:\users\daehyun.han\documents\visual studio 2010\projects\09commodule_18040206handaehyun\chapter09 dll\cmystring.h(326): warning C4996: 'strcpy': This function or variable may be unsafe. Consider using strcpy_s instead. To disable deprecation, use _CRT_SECURE_NO_WARNINGS. See online help for details.
                 c:\program files (x86)\microsoft visual studio 10.0\vc\include\string.h(105) : 'strcpy' 선언을 참조하십시오.
     1>c:\users\daehyun.han\documents\visual studio 2010\projects\09commodule_18040206handaehyun\chapter09 dll\cmystring.h(353): warning C4273: 'CMyString::SetStringSize' : dll 링크가 일치하지 않습니다.
                 c:\users\daehyun.han\documents\visual studio 2010\projects\09commodule_18040206handaehyun\chapter09 dll\cmystring.h(34) : 'SetStringSize'의 이전 정의를 참조하십시오.
     1>c:\users\daehyun.han\documents\visual studio 2010\projects\09commodule_18040206handaehyun\chapter09 dll\tcpclient.cpp(131): warning C4101: 'm_SendAddr' :참조되지 않은 지역 변수입니다.
         Serial.cpp
         Ethernet.cpp
     1>c:\users\daehyun.han\documents\visual studio 2010\projects\09commodule_18040206handaehyun\chapter09 dll\cmystring.h(6): warning C4005: 'TRUE' : 매크로 재정의
                 c:\program files (x86)\microsoft visual studio 10.0\vc\atlmfc\include\afx.h(235) : 'TRUE'의 이전 정의를 참조하십시오.
     1>c:\users\daehyun.han\documents\visual studio 2010\projects\09commodule_18040206handaehyun\chapter09 dll\cmystring.h(7): warning C4005: 'FALSE' : 매크로 재정의
                 c:\program files (x86)\microsoft visual studio 10.0\vc\atlmfc\include\afx.h(234) : 'FALSE'의 이전 정의를 참조하십시오.
     1>c:\users\daehyun.han\documents\visual studio 2010\projects\09commodule_18040206handaehyun\chapter09 dll\cmystring.h(44): warning C4273: 'CMyString::CMyString' : dll 링크가 일치하지 않습니다.
                 c:\users\daehyun.han\documents\visual studio 2010\projects\09commodule_18040206handaehyun\chapter09 dll\cmystring.h(18) : '{ctor}'의 이전 정의를 참조하십시오.
     1>c:\users\daehyun.han\documents\visual studio 2010\projects\09commodule_18040206handaehyun\chapter09 dll\cmystring.h(60): warning C4273: 'CMyString::CMyString' : dll 링크가 일치하지 않습니다.
                 c:\users\daehyun.han\documents\visual studio 2010\projects\09commodule_18040206handaehyun\chapter09 dll\cmystring.h(20) : '{ctor}'의 이전 정의를 참조하십시오.
     1>c:\users\daehyun.han\documents\visual studio 2010\projects\09commodule_18040206handaehyun\chapter09 dll\cmystring.h(68): warning C4996: 'strcpy': This function or variable may be unsafe. Consider using strcpy_s instead. To disable deprecation, use _CRT_SECURE_NO_WARNINGS. See online help for details.
                 c:\program files (x86)\microsoft visual studio 10.0\vc\include\string.h(105) : 'strcpy' 선언을 참조하십시오.
     1>c:\users\daehyun.han\documents\visual studio 2010\projects\09commodule_18040206handaehyun\chapter09 dll\cmystring.h(80): warning C4273: 'CMyString::CMyString' : dll 링크가 일치하지 않습니다.
                 c:\users\daehyun.han\documents\visual studio 2010\projects\09commodule_18040206handaehyun\chapter09 dll\cmystring.h(19) : '{ctor}'의 이전 정의를 참조하십시오.
     1>c:\users\daehyun.han\documents\visual studio 2010\projects\09commodule_18040206handaehyun\chapter09 dll\cmystring.h(83): warning C4996: 'strcpy': This function or variable may be unsafe. Consider using strcpy_s instead. To disable deprecation, use _CRT_SECURE_NO_WARNINGS. See online help for details.
                 c:\program files (x86)\microsoft visual studio 10.0\vc\include\string.h(105) : 'strcpy' 선언을 참조하십시오.
     1>c:\users\daehyun.han\documents\visual studio 2010\projects\09commodule_18040206handaehyun\chapter09 dll\cmystring.h(93): warning C4273: 'CMyString::~CMyString' : dll 링크가 일치하지 않습니다.
                 c:\users\daehyun.han\documents\visual studio 2010\projects\09commodule_18040206handaehyun\chapter09 dll\cmystring.h(21) : '{dtor}'의 이전 정의를 참조하십시오.
     1>c:\users\daehyun.han\documents\visual studio 2010\projects\09commodule_18040206handaehyun\chapter09 dll\cmystring.h(105): warning C4273: 'CMyString::getSize' : dll 링크가 일치하지 않습니다.
                 c:\users\daehyun.han\documents\visual studio 2010\projects\09commodule_18040206handaehyun\chapter09 dll\cmystring.h(22) : 'getSize'의 이전 정의를 참조하십시오.
     1>c:\users\daehyun.han\documents\visual studio 2010\projects\09commodule_18040206handaehyun\chapter09 dll\cmystring.h(118): warning C4273: 'CMyString::getSize' : dll 링크가 일치하지 않습니다.
                 c:\users\daehyun.han\documents\visual studio 2010\projects\09commodule_18040206handaehyun\chapter09 dll\cmystring.h(23) : 'getSize'의 이전 정의를 참조하십시오.
     1>c:\users\daehyun.han\documents\visual studio 2010\projects\09commodule_18040206handaehyun\chapter09 dll\cmystring.h(133): warning C4273: 'CMyString::print' : dll 링크가 일치하지 않습니다.
                 c:\users\daehyun.han\documents\visual studio 2010\projects\09commodule_18040206handaehyun\chapter09 dll\cmystring.h(24) : 'print'의 이전 정의를 참조하십시오.
     1>c:\users\daehyun.han\documents\visual studio 2010\projects\09commodule_18040206handaehyun\chapter09 dll\cmystring.h(149): warning C4996: 'strcpy': This function or variable may be unsafe. Consider using strcpy_s instead. To disable deprecation, use _CRT_SECURE_NO_WARNINGS. See online help for details.
                 c:\program files (x86)\microsoft visual studio 10.0\vc\include\string.h(105) : 'strcpy' 선언을 참조하십시오.
     1>c:\users\daehyun.han\documents\visual studio 2010\projects\09commodule_18040206handaehyun\chapter09 dll\cmystring.h(150): warning C4996: 'strcat': This function or variable may be unsafe. Consider using strcat_s instead. To disable deprecation, use _CRT_SECURE_NO_WARNINGS. See online help for details.
                 c:\program files (x86)\microsoft visual studio 10.0\vc\include\string.h(110) : 'strcat' 선언을 참조하십시오.
     1>c:\users\daehyun.han\documents\visual studio 2010\projects\09commodule_18040206handaehyun\chapter09 dll\cmystring.h(174): warning C4996: 'strcpy': This function or variable may be unsafe. Consider using strcpy_s instead. To disable deprecation, use _CRT_SECURE_NO_WARNINGS. See online help for details.
                 c:\program files (x86)\microsoft visual studio 10.0\vc\include\string.h(105) : 'strcpy' 선언을 참조하십시오.
     1>c:\users\daehyun.han\documents\visual studio 2010\projects\09commodule_18040206handaehyun\chapter09 dll\cmystring.h(175): warning C4996: 'strcat': This function or variable may be unsafe. Consider using strcat_s instead. To disable deprecation, use _CRT_SECURE_NO_WARNINGS. See online help for details.
                 c:\program files (x86)\microsoft visual studio 10.0\vc\include\string.h(110) : 'strcat' 선언을 참조하십시오.
     1>c:\users\daehyun.han\documents\visual studio 2010\projects\09commodule_18040206handaehyun\chapter09 dll\cmystring.h(195): warning C4273: 'CMyString::operator =' : dll 링크가 일치하지 않습니다.
                 c:\users\daehyun.han\documents\visual studio 2010\projects\09commodule_18040206handaehyun\chapter09 dll\cmystring.h(29) : '='의 이전 정의를 참조하십시오.
     1>c:\users\daehyun.han\documents\visual studio 2010\projects\09commodule_18040206handaehyun\chapter09 dll\cmystring.h(198): warning C4996: 'strcpy': This function or variable may be unsafe. Consider using strcpy_s instead. To disable deprecation, use _CRT_SECURE_NO_WARNINGS. See online help for details.
                 c:\program files (x86)\microsoft visual studio 10.0\vc\include\string.h(105) : 'strcpy' 선언을 참조하십시오.
     1>c:\users\daehyun.han\documents\visual studio 2010\projects\09commodule_18040206handaehyun\chapter09 dll\cmystring.h(214): warning C4273: 'CMyString::operator =' : dll 링크가 일치하지 않습니다.
                 c:\users\daehyun.han\documents\visual studio 2010\projects\09commodule_18040206handaehyun\chapter09 dll\cmystring.h(28) : '='의 이전 정의를 참조하십시오.
     1>c:\users\daehyun.han\documents\visual studio 2010\projects\09commodule_18040206handaehyun\chapter09 dll\cmystring.h(217): warning C4996: 'strcpy': This function or variable may be unsafe. Consider using strcpy_s instead. To disable deprecation, use _CRT_SECURE_NO_WARNINGS. See online help for details.
                 c:\program files (x86)\microsoft visual studio 10.0\vc\include\string.h(105) : 'strcpy' 선언을 참조하십시오.
     1>c:\users\daehyun.han\documents\visual studio 2010\projects\09commodule_18040206handaehyun\chapter09 dll\cmystring.h(233): warning C4273: 'CMyString::operator =' : dll 링크가 일치하지 않습니다.
                 c:\users\daehyun.han\documents\visual studio 2010\projects\09commodule_18040206handaehyun\chapter09 dll\cmystring.h(30) : '='의 이전 정의를 참조하십시오.
     1>c:\users\daehyun.han\documents\visual studio 2010\projects\09commodule_18040206handaehyun\chapter09 dll\cmystring.h(239): warning C4996: 'strcpy': This function or variable may be unsafe. Consider using strcpy_s instead. To disable deprecation, use _CRT_SECURE_NO_WARNINGS. See online help for details.
                 c:\program files (x86)\microsoft visual studio 10.0\vc\include\string.h(105) : 'strcpy' 선언을 참조하십시오.
     1>c:\users\daehyun.han\documents\visual studio 2010\projects\09commodule_18040206handaehyun\chapter09 dll\cmystring.h(243): warning C4996: 'itoa': The POSIX name for this item is deprecated. Instead, use the ISO C++ conformant name: _itoa. See online help for details.
                 c:\program files (x86)\microsoft visual studio 10.0\vc\include\stdlib.h(867) : 'itoa' 선언을 참조하십시오.
     1>c:\users\daehyun.han\documents\visual studio 2010\projects\09commodule_18040206handaehyun\chapter09 dll\cmystring.h(267): warning C4996: 'strcpy': This function or variable may be unsafe. Consider using strcpy_s instead. To disable deprecation, use _CRT_SECURE_NO_WARNINGS. See online help for details.
                 c:\program files (x86)\microsoft visual studio 10.0\vc\include\string.h(105) : 'strcpy' 선언을 참조하십시오.
     1>c:\users\daehyun.han\documents\visual studio 2010\projects\09commodule_18040206handaehyun\chapter09 dll\cmystring.h(268): warning C4996: 'strcpy': This function or variable may be unsafe. Consider using strcpy_s instead. To disable deprecation, use _CRT_SECURE_NO_WARNINGS. See online help for details.
                 c:\program files (x86)\microsoft visual studio 10.0\vc\include\string.h(105) : 'strcpy' 선언을 참조하십시오.
     1>c:\users\daehyun.han\documents\visual studio 2010\projects\09commodule_18040206handaehyun\chapter09 dll\cmystring.h(296): warning C4273: 'CMyString::operator char *' : dll 링크가 일치하지 않습니다.
                 c:\users\daehyun.han\documents\visual studio 2010\projects\09commodule_18040206handaehyun\chapter09 dll\cmystring.h(33) : '.PAD'의 이전 정의를 참조하십시오.
     1>c:\users\daehyun.han\documents\visual studio 2010\projects\09commodule_18040206handaehyun\chapter09 dll\cmystring.h(326): warning C4996: 'strcpy': This function or variable may be unsafe. Consider using strcpy_s instead. To disable deprecation, use _CRT_SECURE_NO_WARNINGS. See online help for details.
                 c:\program files (x86)\microsoft visual studio 10.0\vc\include\string.h(105) : 'strcpy' 선언을 참조하십시오.
     1>c:\users\daehyun.han\documents\visual studio 2010\projects\09commodule_18040206handaehyun\chapter09 dll\cmystring.h(353): warning C4273: 'CMyString::SetStringSize' : dll 링크가 일치하지 않습니다.
                 c:\users\daehyun.han\documents\visual studio 2010\projects\09commodule_18040206handaehyun\chapter09 dll\cmystring.h(34) : 'SetStringSize'의 이전 정의를 참조하십시오.
         Commucation.cpp
     1>c:\users\daehyun.han\documents\visual studio 2010\projects\09commodule_18040206handaehyun\chapter09 dll\cmystring.h(6): warning C4005: 'TRUE' : 매크로 재정의
                 c:\program files (x86)\microsoft visual studio 10.0\vc\atlmfc\include\afx.h(235) : 'TRUE'의 이전 정의를 참조하십시오.
     1>c:\users\daehyun.han\documents\visual studio 2010\projects\09commodule_18040206handaehyun\chapter09 dll\cmystring.h(7): warning C4005: 'FALSE' : 매크로 재정의
                 c:\program files (x86)\microsoft visual studio 10.0\vc\atlmfc\include\afx.h(234) : 'FALSE'의 이전 정의를 참조하십시오.
     1>c:\users\daehyun.han\documents\visual studio 2010\projects\09commodule_18040206handaehyun\chapter09 dll\cmystring.h(44): warning C4273: 'CMyString::CMyString' : dll 링크가 일치하지 않습니다.
                 c:\users\daehyun.han\documents\visual studio 2010\projects\09commodule_18040206handaehyun\chapter09 dll\cmystring.h(18) : '{ctor}'의 이전 정의를 참조하십시오.
     1>c:\users\daehyun.han\documents\visual studio 2010\projects\09commodule_18040206handaehyun\chapter09 dll\cmystring.h(60): warning C4273: 'CMyString::CMyString' : dll 링크가 일치하지 않습니다.
                 c:\users\daehyun.han\documents\visual studio 2010\projects\09commodule_18040206handaehyun\chapter09 dll\cmystring.h(20) : '{ctor}'의 이전 정의를 참조하십시오.
     1>c:\users\daehyun.han\documents\visual studio 2010\projects\09commodule_18040206handaehyun\chapter09 dll\cmystring.h(68): warning C4996: 'strcpy': This function or variable may be unsafe. Consider using strcpy_s instead. To disable deprecation, use _CRT_SECURE_NO_WARNINGS. See online help for details.
                 c:\program files (x86)\microsoft visual studio 10.0\vc\include\string.h(105) : 'strcpy' 선언을 참조하십시오.
     1>c:\users\daehyun.han\documents\visual studio 2010\projects\09commodule_18040206handaehyun\chapter09 dll\cmystring.h(80): warning C4273: 'CMyString::CMyString' : dll 링크가 일치하지 않습니다.
                 c:\users\daehyun.han\documents\visual studio 2010\projects\09commodule_18040206handaehyun\chapter09 dll\cmystring.h(19) : '{ctor}'의 이전 정의를 참조하십시오.
     1>c:\users\daehyun.han\documents\visual studio 2010\projects\09commodule_18040206handaehyun\chapter09 dll\cmystring.h(83): warning C4996: 'strcpy': This function or variable may be unsafe. Consider using strcpy_s instead. To disable deprecation, use _CRT_SECURE_NO_WARNINGS. See online help for details.
                 c:\program files (x86)\microsoft visual studio 10.0\vc\include\string.h(105) : 'strcpy' 선언을 참조하십시오.
     1>c:\users\daehyun.han\documents\visual studio 2010\projects\09commodule_18040206handaehyun\chapter09 dll\cmystring.h(93): warning C4273: 'CMyString::~CMyString' : dll 링크가 일치하지 않습니다.
                 c:\users\daehyun.han\documents\visual studio 2010\projects\09commodule_18040206handaehyun\chapter09 dll\cmystring.h(21) : '{dtor}'의 이전 정의를 참조하십시오.
     1>c:\users\daehyun.han\documents\visual studio 2010\projects\09commodule_18040206handaehyun\chapter09 dll\cmystring.h(105): warning C4273: 'CMyString::getSize' : dll 링크가 일치하지 않습니다.
                 c:\users\daehyun.han\documents\visual studio 2010\projects\09commodule_18040206handaehyun\chapter09 dll\cmystring.h(22) : 'getSize'의 이전 정의를 참조하십시오.
     1>c:\users\daehyun.han\documents\visual studio 2010\projects\09commodule_18040206handaehyun\chapter09 dll\cmystring.h(118): warning C4273: 'CMyString::getSize' : dll 링크가 일치하지 않습니다.
                 c:\users\daehyun.han\documents\visual studio 2010\projects\09commodule_18040206handaehyun\chapter09 dll\cmystring.h(23) : 'getSize'의 이전 정의를 참조하십시오.
     1>c:\users\daehyun.han\documents\visual studio 2010\projects\09commodule_18040206handaehyun\chapter09 dll\cmystring.h(133): warning C4273: 'CMyString::print' : dll 링크가 일치하지 않습니다.
                 c:\users\daehyun.han\documents\visual studio 2010\projects\09commodule_18040206handaehyun\chapter09 dll\cmystring.h(24) : 'print'의 이전 정의를 참조하십시오.
     1>c:\users\daehyun.han\documents\visual studio 2010\projects\09commodule_18040206handaehyun\chapter09 dll\cmystring.h(149): warning C4996: 'strcpy': This function or variable may be unsafe. Consider using strcpy_s instead. To disable deprecation, use _CRT_SECURE_NO_WARNINGS. See online help for details.
                 c:\program files (x86)\microsoft visual studio 10.0\vc\include\string.h(105) : 'strcpy' 선언을 참조하십시오.
     1>c:\users\daehyun.han\documents\visual studio 2010\projects\09commodule_18040206handaehyun\chapter09 dll\cmystring.h(150): warning C4996: 'strcat': This function or variable may be unsafe. Consider using strcat_s instead. To disable deprecation, use _CRT_SECURE_NO_WARNINGS. See online help for details.
                 c:\program files (x86)\microsoft visual studio 10.0\vc\include\string.h(110) : 'strcat' 선언을 참조하십시오.
     1>c:\users\daehyun.han\documents\visual studio 2010\projects\09commodule_18040206handaehyun\chapter09 dll\cmystring.h(174): warning C4996: 'strcpy': This function or variable may be unsafe. Consider using strcpy_s instead. To disable deprecation, use _CRT_SECURE_NO_WARNINGS. See online help for details.
                 c:\program files (x86)\microsoft visual studio 10.0\vc\include\string.h(105) : 'strcpy' 선언을 참조하십시오.
     1>c:\users\daehyun.han\documents\visual studio 2010\projects\09commodule_18040206handaehyun\chapter09 dll\cmystring.h(175): warning C4996: 'strcat': This function or variable may be unsafe. Consider using strcat_s instead. To disable deprecation, use _CRT_SECURE_NO_WARNINGS. See online help for details.
                 c:\program files (x86)\microsoft visual studio 10.0\vc\include\string.h(110) : 'strcat' 선언을 참조하십시오.
     1>c:\users\daehyun.han\documents\visual studio 2010\projects\09commodule_18040206handaehyun\chapter09 dll\cmystring.h(195): warning C4273: 'CMyString::operator =' : dll 링크가 일치하지 않습니다.
                 c:\users\daehyun.han\documents\visual studio 2010\projects\09commodule_18040206handaehyun\chapter09 dll\cmystring.h(29) : '='의 이전 정의를 참조하십시오.
     1>c:\users\daehyun.han\documents\visual studio 2010\projects\09commodule_18040206handaehyun\chapter09 dll\cmystring.h(198): warning C4996: 'strcpy': This function or variable may be unsafe. Consider using strcpy_s instead. To disable deprecation, use _CRT_SECURE_NO_WARNINGS. See online help for details.
                 c:\program files (x86)\microsoft visual studio 10.0\vc\include\string.h(105) : 'strcpy' 선언을 참조하십시오.
     1>c:\users\daehyun.han\documents\visual studio 2010\projects\09commodule_18040206handaehyun\chapter09 dll\cmystring.h(214): warning C4273: 'CMyString::operator =' : dll 링크가 일치하지 않습니다.
                 c:\users\daehyun.han\documents\visual studio 2010\projects\09commodule_18040206handaehyun\chapter09 dll\cmystring.h(28) : '='의 이전 정의를 참조하십시오.
     1>c:\users\daehyun.han\documents\visual studio 2010\projects\09commodule_18040206handaehyun\chapter09 dll\cmystring.h(217): warning C4996: 'strcpy': This function or variable may be unsafe. Consider using strcpy_s instead. To disable deprecation, use _CRT_SECURE_NO_WARNINGS. See online help for details.
                 c:\program files (x86)\microsoft visual studio 10.0\vc\include\string.h(105) : 'strcpy' 선언을 참조하십시오.
     1>c:\users\daehyun.han\documents\visual studio 2010\projects\09commodule_18040206handaehyun\chapter09 dll\cmystring.h(233): warning C4273: 'CMyString::operator =' : dll 링크가 일치하지 않습니다.
                 c:\users\daehyun.han\documents\visual studio 2010\projects\09commodule_18040206handaehyun\chapter09 dll\cmystring.h(30) : '='의 이전 정의를 참조하십시오.
     1>c:\users\daehyun.han\documents\visual studio 2010\projects\09commodule_18040206handaehyun\chapter09 dll\cmystring.h(239): warning C4996: 'strcpy': This function or variable may be unsafe. Consider using strcpy_s instead. To disable deprecation, use _CRT_SECURE_NO_WARNINGS. See online help for details.
                 c:\program files (x86)\microsoft visual studio 10.0\vc\include\string.h(105) : 'strcpy' 선언을 참조하십시오.
     1>c:\users\daehyun.han\documents\visual studio 2010\projects\09commodule_18040206handaehyun\chapter09 dll\cmystring.h(243): warning C4996: 'itoa': The POSIX name for this item is deprecated. Instead, use the ISO C++ conformant name: _itoa. See online help for details.
                 c:\program files (x86)\microsoft visual studio 10.0\vc\include\stdlib.h(867) : 'itoa' 선언을 참조하십시오.
     1>c:\users\daehyun.han\documents\visual studio 2010\projects\09commodule_18040206handaehyun\chapter09 dll\cmystring.h(267): warning C4996: 'strcpy': This function or variable may be unsafe. Consider using strcpy_s instead. To disable deprecation, use _CRT_SECURE_NO_WARNINGS. See online help for details.
                 c:\program files (x86)\microsoft visual studio 10.0\vc\include\string.h(105) : 'strcpy' 선언을 참조하십시오.
     1>c:\users\daehyun.han\documents\visual studio 2010\projects\09commodule_18040206handaehyun\chapter09 dll\cmystring.h(268): warning C4996: 'strcpy': This function or variable may be unsafe. Consider using strcpy_s instead. To disable deprecation, use _CRT_SECURE_NO_WARNINGS. See online help for details.
                 c:\program files (x86)\microsoft visual studio 10.0\vc\include\string.h(105) : 'strcpy' 선언을 참조하십시오.
     1>c:\users\daehyun.han\documents\visual studio 2010\projects\09commodule_18040206handaehyun\chapter09 dll\cmystring.h(296): warning C4273: 'CMyString::operator char *' : dll 링크가 일치하지 않습니다.
                 c:\users\daehyun.han\documents\visual studio 2010\projects\09commodule_18040206handaehyun\chapter09 dll\cmystring.h(33) : '.PAD'의 이전 정의를 참조하십시오.
     1>c:\users\daehyun.han\documents\visual studio 2010\projects\09commodule_18040206handaehyun\chapter09 dll\cmystring.h(326): warning C4996: 'strcpy': This function or variable may be unsafe. Consider using strcpy_s instead. To disable deprecation, use _CRT_SECURE_NO_WARNINGS. See online help for details.
                 c:\program files (x86)\microsoft visual studio 10.0\vc\include\string.h(105) : 'strcpy' 선언을 참조하십시오.
     1>c:\users\daehyun.han\documents\visual studio 2010\projects\09commodule_18040206handaehyun\chapter09 dll\cmystring.h(353): warning C4273: 'CMyString::SetStringSize' : dll 링크가 일치하지 않습니다.
                 c:\users\daehyun.han\documents\visual studio 2010\projects\09commodule_18040206handaehyun\chapter09 dll\cmystring.h(34) : 'SetStringSize'의 이전 정의를 참조하십시오.
         CMyString.cpp
     1>c:\users\daehyun.han\documents\visual studio 2010\projects\09commodule_18040206handaehyun\chapter09 dll\cmystring.cpp(1): warning C4627: '#include "CMyString.h"': 미리 컴파일된 헤더 사용을 찾을 때 건너뛰었습니다.
                 'StdAfx.h'에 지시문 추가 또는 미리 컴파일된 헤더 다시 빌드
         Chapter09 dll.cpp
         코드를 생성하고 있습니다...
       ResourceCompile:
         C:\Program Files (x86)\Microsoft SDKs\Windows\v7.0A\bin\rc.exe /D _UNICODE /D UNICODE /D _AFXDLL /l"0x0409" /nologo /fo"Debug\Chapter09 dll.res" "Chapter09 dll.rc" 
       ManifestResourceCompile:
         C:\Program Files (x86)\Microsoft SDKs\Windows\v7.0A\bin\rc.exe /nologo /fo"Debug\Chapter09 dll.dll.embed.manifest.res" "Debug\Chapter09 dll_manifest.rc" 
       Link:
         C:\Program Files (x86)\Microsoft Visual Studio 10.0\VC\bin\link.exe /ERRORREPORT:PROMPT /OUT:"C:\Users\daehyun.han\Documents\Visual Studio 2010\Projects\09COMmodule_18040206HanDaeHyun\Debug\Chapter09 dll.dll" /INCREMENTAL /NOLOGO ws2_32.lib /MANIFEST /ManifestFile:"Debug\Chapter09 dll.dll.intermediate.manifest" /MANIFESTUAC:"level='asInvoker' uiAccess='false'" /DEBUG /PDB:"C:\Users\daehyun.han\Documents\Visual Studio 2010\Projects\09COMmodule_18040206HanDaeHyun\Debug\Chapter09 dll.pdb" /SUBSYSTEM:WINDOWS /TLBID:1 /DYNAMICBASE /NXCOMPAT /IMPLIB:"C:\Users\daehyun.han\Documents\Visual Studio 2010\Projects\09COMmodule_18040206HanDaeHyun\Debug\Chapter09 dll.lib" /MACHINE:X86 /DLL "Debug\Chapter09 dll.res"
         "Debug\Chapter09 dll.dll.embed.manifest.res"
         "Debug\Chapter09 dll.obj"
         Debug\CMyString.obj
         Debug\Commucation.obj
         Debug\Ethernet.obj
         Debug\Serial.obj
         Debug\stdafx.obj
         Debug\TCPClient.obj
         Debug\TCPServer.obj
         Debug\UDP.obj /FORCE:MULTIPLE 
     1>LINK : warning LNK4075: '/INCREMENTAL'이(가) '/FORCE' 사양으로 인해 무시됩니다.
     1>Ethernet.obj : warning LNK4006: "public: __thiscall CMyString::CMyString(void)" (??0CMyString@@QAE@XZ)이(가) Commucation.obj에 이미 정의되어 있습니다. 초 정의가 무시됩니다.
     1>Ethernet.obj : warning LNK4006: "public: __thiscall CMyString::CMyString(char *)" (??0CMyString@@QAE@PAD@Z)이(가) Commucation.obj에 이미 정의되어 있습니다. 초 정의가 무시됩니다.
     1>Ethernet.obj : warning LNK4006: "public: __thiscall CMyString::CMyString(class CMyString &)" (??0CMyString@@QAE@AAV0@@Z)이(가) Commucation.obj에 이미 정의되어 있습니다. 초 정의가 무시됩니다.
     1>Ethernet.obj : warning LNK4006: "public: __thiscall CMyString::~CMyString(void)" (??1CMyString@@QAE@XZ)이(가) Commucation.obj에 이미 정의되어 있습니다. 초 정의가 무시됩니다.
     1>Ethernet.obj : warning LNK4006: "public: int __thiscall CMyString::getSize(void)" (?getSize@CMyString@@QAEHXZ)이(가) Commucation.obj에 이미 정의되어 있습니다. 초 정의가 무시됩니다.
     1>Ethernet.obj : warning LNK4006: "public: int __thiscall CMyString::getSize(char *)" (?getSize@CMyString@@QAEHPAD@Z)이(가) Commucation.obj에 이미 정의되어 있습니다. 초 정의가 무시됩니다.
     1>Ethernet.obj : warning LNK4006: "public: void __thiscall CMyString::print(void)" (?print@CMyString@@QAEXXZ)이(가) Commucation.obj에 이미 정의되어 있습니다. 초 정의가 무시됩니다.
     1>Ethernet.obj : warning LNK4006: "class CMyString __cdecl operator+(class CMyString &,class CMyString &)" (??H@YA?AVCMyString@@AAV0@0@Z)이(가) Commucation.obj에 이미 정의되어 있습니다. 초 정의가 무시됩니다.
     1>Ethernet.obj : warning LNK4006: "class CMyString __cdecl operator+=(class CMyString &,class CMyString &)" (??Y@YA?AVCMyString@@AAV0@0@Z)이(가) Commucation.obj에 이미 정의되어 있습니다. 초 정의가 무시됩니다.
     1>Ethernet.obj : warning LNK4006: "public: class CMyString __thiscall CMyString::operator=(class CMyString &)" (??4CMyString@@QAE?AV0@AAV0@@Z)이(가) Commucation.obj에 이미 정의되어 있습니다. 초 정의가 무시됩니다.
     1>Ethernet.obj : warning LNK4006: "public: class CMyString __thiscall CMyString::operator=(char *)" (??4CMyString@@QAE?AV0@PAD@Z)이(가) Commucation.obj에 이미 정의되어 있습니다. 초 정의가 무시됩니다.
     1>Ethernet.obj : warning LNK4006: "public: class CMyString __thiscall CMyString::operator=(int)" (??4CMyString@@QAE?AV0@H@Z)이(가) Commucation.obj에 이미 정의되어 있습니다. 초 정의가 무시됩니다.
     1>Ethernet.obj : warning LNK4006: "bool __cdecl operator==(class CMyString &,class CMyString &)" (??8@YA_NAAVCMyString@@0@Z)이(가) Commucation.obj에 이미 정의되어 있습니다. 초 정의가 무시됩니다.
     1>Ethernet.obj : warning LNK4006: "public: __thiscall CMyString::operator char *(void)const " (??BCMyString@@QBEPADXZ)이(가) Commucation.obj에 이미 정의되어 있습니다. 초 정의가 무시됩니다.
     1>Ethernet.obj : warning LNK4006: "class std::basic_istream<char,struct std::char_traits<char> > & __cdecl operator>>(class std::basic_istream<char,struct std::char_traits<char> > &,class CMyString &)" (??5@YAAAV?$basic_istream@DU?$char_traits@D@std@@@std@@AAV01@AAVCMyString@@@Z)이(가) Commucation.obj에 이미 정의되어 있습니다. 초 정의가 무시됩니다.
     1>Ethernet.obj : warning LNK4006: "public: void __thiscall CMyString::SetStringSize(void)" (?SetStringSize@CMyString@@QAEXXZ)이(가) Commucation.obj에 이미 정의되어 있습니다. 초 정의가 무시됩니다.
     1>TCPClient.obj : warning LNK4006: "public: __thiscall CMyString::CMyString(void)" (??0CMyString@@QAE@XZ)이(가) Commucation.obj에 이미 정의되어 있습니다. 초 정의가 무시됩니다.
     1>TCPClient.obj : warning LNK4006: "public: __thiscall CMyString::CMyString(char *)" (??0CMyString@@QAE@PAD@Z)이(가) Commucation.obj에 이미 정의되어 있습니다. 초 정의가 무시됩니다.
     1>TCPClient.obj : warning LNK4006: "public: __thiscall CMyString::CMyString(class CMyString &)" (??0CMyString@@QAE@AAV0@@Z)이(가) Commucation.obj에 이미 정의되어 있습니다. 초 정의가 무시됩니다.
     1>TCPClient.obj : warning LNK4006: "public: __thiscall CMyString::~CMyString(void)" (??1CMyString@@QAE@XZ)이(가) Commucation.obj에 이미 정의되어 있습니다. 초 정의가 무시됩니다.
     1>TCPClient.obj : warning LNK4006: "public: int __thiscall CMyString::getSize(void)" (?getSize@CMyString@@QAEHXZ)이(가) Commucation.obj에 이미 정의되어 있습니다. 초 정의가 무시됩니다.
     1>TCPClient.obj : warning LNK4006: "public: int __thiscall CMyString::getSize(char *)" (?getSize@CMyString@@QAEHPAD@Z)이(가) Commucation.obj에 이미 정의되어 있습니다. 초 정의가 무시됩니다.
     1>TCPClient.obj : warning LNK4006: "public: void __thiscall CMyString::print(void)" (?print@CMyString@@QAEXXZ)이(가) Commucation.obj에 이미 정의되어 있습니다. 초 정의가 무시됩니다.
     1>TCPClient.obj : warning LNK4006: "class CMyString __cdecl operator+(class CMyString &,class CMyString &)" (??H@YA?AVCMyString@@AAV0@0@Z)이(가) Commucation.obj에 이미 정의되어 있습니다. 초 정의가 무시됩니다.
     1>TCPClient.obj : warning LNK4006: "class CMyString __cdecl operator+=(class CMyString &,class CMyString &)" (??Y@YA?AVCMyString@@AAV0@0@Z)이(가) Commucation.obj에 이미 정의되어 있습니다. 초 정의가 무시됩니다.
     1>TCPClient.obj : warning LNK4006: "public: class CMyString __thiscall CMyString::operator=(class CMyString &)" (??4CMyString@@QAE?AV0@AAV0@@Z)이(가) Commucation.obj에 이미 정의되어 있습니다. 초 정의가 무시됩니다.
     1>TCPClient.obj : warning LNK4006: "public: class CMyString __thiscall CMyString::operator=(char *)" (??4CMyString@@QAE?AV0@PAD@Z)이(가) Commucation.obj에 이미 정의되어 있습니다. 초 정의가 무시됩니다.
     1>TCPClient.obj : warning LNK4006: "public: class CMyString __thiscall CMyString::operator=(int)" (??4CMyString@@QAE?AV0@H@Z)이(가) Commucation.obj에 이미 정의되어 있습니다. 초 정의가 무시됩니다.
     1>TCPClient.obj : warning LNK4006: "bool __cdecl operator==(class CMyString &,class CMyString &)" (??8@YA_NAAVCMyString@@0@Z)이(가) Commucation.obj에 이미 정의되어 있습니다. 초 정의가 무시됩니다.
     1>TCPClient.obj : warning LNK4006: "public: __thiscall CMyString::operator char *(void)const " (??BCMyString@@QBEPADXZ)이(가) Commucation.obj에 이미 정의되어 있습니다. 초 정의가 무시됩니다.
     1>TCPClient.obj : warning LNK4006: "class std::basic_istream<char,struct std::char_traits<char> > & __cdecl operator>>(class std::basic_istream<char,struct std::char_traits<char> > &,class CMyString &)" (??5@YAAAV?$basic_istream@DU?$char_traits@D@std@@@std@@AAV01@AAVCMyString@@@Z)이(가) Commucation.obj에 이미 정의되어 있습니다. 초 정의가 무시됩니다.
     1>TCPClient.obj : warning LNK4006: "public: void __thiscall CMyString::SetStringSize(void)" (?SetStringSize@CMyString@@QAEXXZ)이(가) Commucation.obj에 이미 정의되어 있습니다. 초 정의가 무시됩니다.
     1>TCPServer.obj : warning LNK4006: "public: __thiscall CMyString::CMyString(void)" (??0CMyString@@QAE@XZ)이(가) Commucation.obj에 이미 정의되어 있습니다. 초 정의가 무시됩니다.
     1>TCPServer.obj : warning LNK4006: "public: __thiscall CMyString::CMyString(char *)" (??0CMyString@@QAE@PAD@Z)이(가) Commucation.obj에 이미 정의되어 있습니다. 초 정의가 무시됩니다.
     1>TCPServer.obj : warning LNK4006: "public: __thiscall CMyString::CMyString(class CMyString &)" (??0CMyString@@QAE@AAV0@@Z)이(가) Commucation.obj에 이미 정의되어 있습니다. 초 정의가 무시됩니다.
     1>TCPServer.obj : warning LNK4006: "public: __thiscall CMyString::~CMyString(void)" (??1CMyString@@QAE@XZ)이(가) Commucation.obj에 이미 정의되어 있습니다. 초 정의가 무시됩니다.
     1>TCPServer.obj : warning LNK4006: "public: int __thiscall CMyString::getSize(void)" (?getSize@CMyString@@QAEHXZ)이(가) Commucation.obj에 이미 정의되어 있습니다. 초 정의가 무시됩니다.
     1>TCPServer.obj : warning LNK4006: "public: int __thiscall CMyString::getSize(char *)" (?getSize@CMyString@@QAEHPAD@Z)이(가) Commucation.obj에 이미 정의되어 있습니다. 초 정의가 무시됩니다.
     1>TCPServer.obj : warning LNK4006: "public: void __thiscall CMyString::print(void)" (?print@CMyString@@QAEXXZ)이(가) Commucation.obj에 이미 정의되어 있습니다. 초 정의가 무시됩니다.
     1>TCPServer.obj : warning LNK4006: "class CMyString __cdecl operator+(class CMyString &,class CMyString &)" (??H@YA?AVCMyString@@AAV0@0@Z)이(가) Commucation.obj에 이미 정의되어 있습니다. 초 정의가 무시됩니다.
     1>TCPServer.obj : warning LNK4006: "class CMyString __cdecl operator+=(class CMyString &,class CMyString &)" (??Y@YA?AVCMyString@@AAV0@0@Z)이(가) Commucation.obj에 이미 정의되어 있습니다. 초 정의가 무시됩니다.
     1>TCPServer.obj : warning LNK4006: "public: class CMyString __thiscall CMyString::operator=(class CMyString &)" (??4CMyString@@QAE?AV0@AAV0@@Z)이(가) Commucation.obj에 이미 정의되어 있습니다. 초 정의가 무시됩니다.
     1>TCPServer.obj : warning LNK4006: "public: class CMyString __thiscall CMyString::operator=(char *)" (??4CMyString@@QAE?AV0@PAD@Z)이(가) Commucation.obj에 이미 정의되어 있습니다. 초 정의가 무시됩니다.
     1>TCPServer.obj : warning LNK4006: "public: class CMyString __thiscall CMyString::operator=(int)" (??4CMyString@@QAE?AV0@H@Z)이(가) Commucation.obj에 이미 정의되어 있습니다. 초 정의가 무시됩니다.
     1>TCPServer.obj : warning LNK4006: "bool __cdecl operator==(class CMyString &,class CMyString &)" (??8@YA_NAAVCMyString@@0@Z)이(가) Commucation.obj에 이미 정의되어 있습니다. 초 정의가 무시됩니다.
     1>TCPServer.obj : warning LNK4006: "public: __thiscall CMyString::operator char *(void)const " (??BCMyString@@QBEPADXZ)이(가) Commucation.obj에 이미 정의되어 있습니다. 초 정의가 무시됩니다.
     1>TCPServer.obj : warning LNK4006: "class std::basic_istream<char,struct std::char_traits<char> > & __cdecl operator>>(class std::basic_istream<char,struct std::char_traits<char> > &,class CMyString &)" (??5@YAAAV?$basic_istream@DU?$char_traits@D@std@@@std@@AAV01@AAVCMyString@@@Z)이(가) Commucation.obj에 이미 정의되어 있습니다. 초 정의가 무시됩니다.
     1>TCPServer.obj : warning LNK4006: "public: void __thiscall CMyString::SetStringSize(void)" (?SetStringSize@CMyString@@QAEXXZ)이(가) Commucation.obj에 이미 정의되어 있습니다. 초 정의가 무시됩니다.
     1>UDP.obj : warning LNK4006: "public: __thiscall CMyString::CMyString(void)" (??0CMyString@@QAE@XZ)이(가) Commucation.obj에 이미 정의되어 있습니다. 초 정의가 무시됩니다.
     1>UDP.obj : warning LNK4006: "public: __thiscall CMyString::CMyString(char *)" (??0CMyString@@QAE@PAD@Z)이(가) Commucation.obj에 이미 정의되어 있습니다. 초 정의가 무시됩니다.
     1>UDP.obj : warning LNK4006: "public: __thiscall CMyString::CMyString(class CMyString &)" (??0CMyString@@QAE@AAV0@@Z)이(가) Commucation.obj에 이미 정의되어 있습니다. 초 정의가 무시됩니다.
     1>UDP.obj : warning LNK4006: "public: __thiscall CMyString::~CMyString(void)" (??1CMyString@@QAE@XZ)이(가) Commucation.obj에 이미 정의되어 있습니다. 초 정의가 무시됩니다.
     1>UDP.obj : warning LNK4006: "public: int __thiscall CMyString::getSize(void)" (?getSize@CMyString@@QAEHXZ)이(가) Commucation.obj에 이미 정의되어 있습니다. 초 정의가 무시됩니다.
     1>UDP.obj : warning LNK4006: "public: int __thiscall CMyString::getSize(char *)" (?getSize@CMyString@@QAEHPAD@Z)이(가) Commucation.obj에 이미 정의되어 있습니다. 초 정의가 무시됩니다.
     1>UDP.obj : warning LNK4006: "public: void __thiscall CMyString::print(void)" (?print@CMyString@@QAEXXZ)이(가) Commucation.obj에 이미 정의되어 있습니다. 초 정의가 무시됩니다.
     1>UDP.obj : warning LNK4006: "class CMyString __cdecl operator+(class CMyString &,class CMyString &)" (??H@YA?AVCMyString@@AAV0@0@Z)이(가) Commucation.obj에 이미 정의되어 있습니다. 초 정의가 무시됩니다.
     1>UDP.obj : warning LNK4006: "class CMyString __cdecl operator+=(class CMyString &,class CMyString &)" (??Y@YA?AVCMyString@@AAV0@0@Z)이(가) Commucation.obj에 이미 정의되어 있습니다. 초 정의가 무시됩니다.
     1>UDP.obj : warning LNK4006: "public: class CMyString __thiscall CMyString::operator=(class CMyString &)" (??4CMyString@@QAE?AV0@AAV0@@Z)이(가) Commucation.obj에 이미 정의되어 있습니다. 초 정의가 무시됩니다.
     1>UDP.obj : warning LNK4006: "public: class CMyString __thiscall CMyString::operator=(char *)" (??4CMyString@@QAE?AV0@PAD@Z)이(가) Commucation.obj에 이미 정의되어 있습니다. 초 정의가 무시됩니다.
     1>UDP.obj : warning LNK4006: "public: class CMyString __thiscall CMyString::operator=(int)" (??4CMyString@@QAE?AV0@H@Z)이(가) Commucation.obj에 이미 정의되어 있습니다. 초 정의가 무시됩니다.
     1>UDP.obj : warning LNK4006: "bool __cdecl operator==(class CMyString &,class CMyString &)" (??8@YA_NAAVCMyString@@0@Z)이(가) Commucation.obj에 이미 정의되어 있습니다. 초 정의가 무시됩니다.
     1>UDP.obj : warning LNK4006: "public: __thiscall CMyString::operator char *(void)const " (??BCMyString@@QBEPADXZ)이(가) Commucation.obj에 이미 정의되어 있습니다. 초 정의가 무시됩니다.
     1>UDP.obj : warning LNK4006: "class std::basic_istream<char,struct std::char_traits<char> > & __cdecl operator>>(class std::basic_istream<char,struct std::char_traits<char> > &,class CMyString &)" (??5@YAAAV?$basic_istream@DU?$char_traits@D@std@@@std@@AAV01@AAVCMyString@@@Z)이(가) Commucation.obj에 이미 정의되어 있습니다. 초 정의가 무시됩니다.
     1>UDP.obj : warning LNK4006: "public: void __thiscall CMyString::SetStringSize(void)" (?SetStringSize@CMyString@@QAEXXZ)이(가) Commucation.obj에 이미 정의되어 있습니다. 초 정의가 무시됩니다.
            C:\Users\daehyun.han\Documents\Visual Studio 2010\Projects\09COMmodule_18040206HanDaeHyun\Debug\Chapter09 dll.lib 라이브러리 및 C:\Users\daehyun.han\Documents\Visual Studio 2010\Projects\09COMmodule_18040206HanDaeHyun\Debug\Chapter09 dll.exp 개체를 생성하고 있습니다.
     1>C:\Users\daehyun.han\Documents\Visual Studio 2010\Projects\09COMmodule_18040206HanDaeHyun\Debug\Chapter09 dll.dll : warning LNK4088: /FORCE 옵션을 사용하여 생성하는 이미지입니다. 이미지가 실행되지 않을 수도 있습니다.
       Manifest:
         "Debug\Chapter09 dll.dll.embed.manifest" 파일을 삭제하고 있습니다.
         C:\Program Files (x86)\Microsoft SDKs\Windows\v7.0A\bin\mt.exe /nologo /verbose /out:"Debug\Chapter09 dll.dll.embed.manifest" /manifest "Debug\Chapter09 dll.dll.intermediate.manifest" "C:\Program Files (x86)\Microsoft Visual Studio 10.0\VC\Include\Manifest\dpiaware.manifest"
         C:\Program Files (x86)\Microsoft SDKs\Windows\v7.0A\bin\rc.exe /nologo /fo"Debug\Chapter09 dll.dll.embed.manifest.res" "Debug\Chapter09 dll_manifest.rc" 
       LinkEmbedManifest:
         C:\Program Files (x86)\Microsoft Visual Studio 10.0\VC\bin\link.exe /ERRORREPORT:PROMPT /OUT:"C:\Users\daehyun.han\Documents\Visual Studio 2010\Projects\09COMmodule_18040206HanDaeHyun\Debug\Chapter09 dll.dll" /INCREMENTAL /NOLOGO ws2_32.lib /MANIFEST /ManifestFile:"Debug\Chapter09 dll.dll.intermediate.manifest" /MANIFESTUAC:"level='asInvoker' uiAccess='false'" /DEBUG /PDB:"C:\Users\daehyun.han\Documents\Visual Studio 2010\Projects\09COMmodule_18040206HanDaeHyun\Debug\Chapter09 dll.pdb" /SUBSYSTEM:WINDOWS /TLBID:1 /DYNAMICBASE /NXCOMPAT /IMPLIB:"C:\Users\daehyun.han\Documents\Visual Studio 2010\Projects\09COMmodule_18040206HanDaeHyun\Debug\Chapter09 dll.lib" /MACHINE:X86 /DLL "Debug\Chapter09 dll.res"
         "Debug\Chapter09 dll.dll.embed.manifest.res"
         "Debug\Chapter09 dll.obj"
         Debug\CMyString.obj
         Debug\Commucation.obj
         Debug\Ethernet.obj
         Debug\Serial.obj
         Debug\stdafx.obj
         Debug\TCPClient.obj
         Debug\TCPServer.obj
         Debug\UDP.obj /FORCE:MULTIPLE 
     1>LINK : warning LNK4075: '/INCREMENTAL'이(가) '/FORCE' 사양으로 인해 무시됩니다.
     1>Ethernet.obj : warning LNK4006: "public: __thiscall CMyString::CMyString(void)" (??0CMyString@@QAE@XZ)이(가) Commucation.obj에 이미 정의되어 있습니다. 초 정의가 무시됩니다.
     1>Ethernet.obj : warning LNK4006: "public: __thiscall CMyString::CMyString(char *)" (??0CMyString@@QAE@PAD@Z)이(가) Commucation.obj에 이미 정의되어 있습니다. 초 정의가 무시됩니다.
     1>Ethernet.obj : warning LNK4006: "public: __thiscall CMyString::CMyString(class CMyString &)" (??0CMyString@@QAE@AAV0@@Z)이(가) Commucation.obj에 이미 정의되어 있습니다. 초 정의가 무시됩니다.
     1>Ethernet.obj : warning LNK4006: "public: __thiscall CMyString::~CMyString(void)" (??1CMyString@@QAE@XZ)이(가) Commucation.obj에 이미 정의되어 있습니다. 초 정의가 무시됩니다.
     1>Ethernet.obj : warning LNK4006: "public: int __thiscall CMyString::getSize(void)" (?getSize@CMyString@@QAEHXZ)이(가) Commucation.obj에 이미 정의되어 있습니다. 초 정의가 무시됩니다.
     1>Ethernet.obj : warning LNK4006: "public: int __thiscall CMyString::getSize(char *)" (?getSize@CMyString@@QAEHPAD@Z)이(가) Commucation.obj에 이미 정의되어 있습니다. 초 정의가 무시됩니다.
     1>Ethernet.obj : warning LNK4006: "public: void __thiscall CMyString::print(void)" (?print@CMyString@@QAEXXZ)이(가) Commucation.obj에 이미 정의되어 있습니다. 초 정의가 무시됩니다.
     1>Ethernet.obj : warning LNK4006: "class CMyString __cdecl operator+(class CMyString &,class CMyString &)" (??H@YA?AVCMyString@@AAV0@0@Z)이(가) Commucation.obj에 이미 정의되어 있습니다. 초 정의가 무시됩니다.
     1>Ethernet.obj : warning LNK4006: "class CMyString __cdecl operator+=(class CMyString &,class CMyString &)" (??Y@YA?AVCMyString@@AAV0@0@Z)이(가) Commucation.obj에 이미 정의되어 있습니다. 초 정의가 무시됩니다.
     1>Ethernet.obj : warning LNK4006: "public: class CMyString __thiscall CMyString::operator=(class CMyString &)" (??4CMyString@@QAE?AV0@AAV0@@Z)이(가) Commucation.obj에 이미 정의되어 있습니다. 초 정의가 무시됩니다.
     1>Ethernet.obj : warning LNK4006: "public: class CMyString __thiscall CMyString::operator=(char *)" (??4CMyString@@QAE?AV0@PAD@Z)이(가) Commucation.obj에 이미 정의되어 있습니다. 초 정의가 무시됩니다.
     1>Ethernet.obj : warning LNK4006: "public: class CMyString __thiscall CMyString::operator=(int)" (??4CMyString@@QAE?AV0@H@Z)이(가) Commucation.obj에 이미 정의되어 있습니다. 초 정의가 무시됩니다.
     1>Ethernet.obj : warning LNK4006: "bool __cdecl operator==(class CMyString &,class CMyString &)" (??8@YA_NAAVCMyString@@0@Z)이(가) Commucation.obj에 이미 정의되어 있습니다. 초 정의가 무시됩니다.
     1>Ethernet.obj : warning LNK4006: "public: __thiscall CMyString::operator char *(void)const " (??BCMyString@@QBEPADXZ)이(가) Commucation.obj에 이미 정의되어 있습니다. 초 정의가 무시됩니다.
     1>Ethernet.obj : warning LNK4006: "class std::basic_istream<char,struct std::char_traits<char> > & __cdecl operator>>(class std::basic_istream<char,struct std::char_traits<char> > &,class CMyString &)" (??5@YAAAV?$basic_istream@DU?$char_traits@D@std@@@std@@AAV01@AAVCMyString@@@Z)이(가) Commucation.obj에 이미 정의되어 있습니다. 초 정의가 무시됩니다.
     1>Ethernet.obj : warning LNK4006: "public: void __thiscall CMyString::SetStringSize(void)" (?SetStringSize@CMyString@@QAEXXZ)이(가) Commucation.obj에 이미 정의되어 있습니다. 초 정의가 무시됩니다.
     1>TCPClient.obj : warning LNK4006: "public: __thiscall CMyString::CMyString(void)" (??0CMyString@@QAE@XZ)이(가) Commucation.obj에 이미 정의되어 있습니다. 초 정의가 무시됩니다.
     1>TCPClient.obj : warning LNK4006: "public: __thiscall CMyString::CMyString(char *)" (??0CMyString@@QAE@PAD@Z)이(가) Commucation.obj에 이미 정의되어 있습니다. 초 정의가 무시됩니다.
     1>TCPClient.obj : warning LNK4006: "public: __thiscall CMyString::CMyString(class CMyString &)" (??0CMyString@@QAE@AAV0@@Z)이(가) Commucation.obj에 이미 정의되어 있습니다. 초 정의가 무시됩니다.
     1>TCPClient.obj : warning LNK4006: "public: __thiscall CMyString::~CMyString(void)" (??1CMyString@@QAE@XZ)이(가) Commucation.obj에 이미 정의되어 있습니다. 초 정의가 무시됩니다.
     1>TCPClient.obj : warning LNK4006: "public: int __thiscall CMyString::getSize(void)" (?getSize@CMyString@@QAEHXZ)이(가) Commucation.obj에 이미 정의되어 있습니다. 초 정의가 무시됩니다.
     1>TCPClient.obj : warning LNK4006: "public: int __thiscall CMyString::getSize(char *)" (?getSize@CMyString@@QAEHPAD@Z)이(가) Commucation.obj에 이미 정의되어 있습니다. 초 정의가 무시됩니다.
     1>TCPClient.obj : warning LNK4006: "public: void __thiscall CMyString::print(void)" (?print@CMyString@@QAEXXZ)이(가) Commucation.obj에 이미 정의되어 있습니다. 초 정의가 무시됩니다.
     1>TCPClient.obj : warning LNK4006: "class CMyString __cdecl operator+(class CMyString &,class CMyString &)" (??H@YA?AVCMyString@@AAV0@0@Z)이(가) Commucation.obj에 이미 정의되어 있습니다. 초 정의가 무시됩니다.
     1>TCPClient.obj : warning LNK4006: "class CMyString __cdecl operator+=(class CMyString &,class CMyString &)" (??Y@YA?AVCMyString@@AAV0@0@Z)이(가) Commucation.obj에 이미 정의되어 있습니다. 초 정의가 무시됩니다.
     1>TCPClient.obj : warning LNK4006: "public: class CMyString __thiscall CMyString::operator=(class CMyString &)" (??4CMyString@@QAE?AV0@AAV0@@Z)이(가) Commucation.obj에 이미 정의되어 있습니다. 초 정의가 무시됩니다.
     1>TCPClient.obj : warning LNK4006: "public: class CMyString __thiscall CMyString::operator=(char *)" (??4CMyString@@QAE?AV0@PAD@Z)이(가) Commucation.obj에 이미 정의되어 있습니다. 초 정의가 무시됩니다.
     1>TCPClient.obj : warning LNK4006: "public: class CMyString __thiscall CMyString::operator=(int)" (??4CMyString@@QAE?AV0@H@Z)이(가) Commucation.obj에 이미 정의되어 있습니다. 초 정의가 무시됩니다.
     1>TCPClient.obj : warning LNK4006: "bool __cdecl operator==(class CMyString &,class CMyString &)" (??8@YA_NAAVCMyString@@0@Z)이(가) Commucation.obj에 이미 정의되어 있습니다. 초 정의가 무시됩니다.
     1>TCPClient.obj : warning LNK4006: "public: __thiscall CMyString::operator char *(void)const " (??BCMyString@@QBEPADXZ)이(가) Commucation.obj에 이미 정의되어 있습니다. 초 정의가 무시됩니다.
     1>TCPClient.obj : warning LNK4006: "class std::basic_istream<char,struct std::char_traits<char> > & __cdecl operator>>(class std::basic_istream<char,struct std::char_traits<char> > &,class CMyString &)" (??5@YAAAV?$basic_istream@DU?$char_traits@D@std@@@std@@AAV01@AAVCMyString@@@Z)이(가) Commucation.obj에 이미 정의되어 있습니다. 초 정의가 무시됩니다.
     1>TCPClient.obj : warning LNK4006: "public: void __thiscall CMyString::SetStringSize(void)" (?SetStringSize@CMyString@@QAEXXZ)이(가) Commucation.obj에 이미 정의되어 있습니다. 초 정의가 무시됩니다.
     1>TCPServer.obj : warning LNK4006: "public: __thiscall CMyString::CMyString(void)" (??0CMyString@@QAE@XZ)이(가) Commucation.obj에 이미 정의되어 있습니다. 초 정의가 무시됩니다.
     1>TCPServer.obj : warning LNK4006: "public: __thiscall CMyString::CMyString(char *)" (??0CMyString@@QAE@PAD@Z)이(가) Commucation.obj에 이미 정의되어 있습니다. 초 정의가 무시됩니다.
     1>TCPServer.obj : warning LNK4006: "public: __thiscall CMyString::CMyString(class CMyString &)" (??0CMyString@@QAE@AAV0@@Z)이(가) Commucation.obj에 이미 정의되어 있습니다. 초 정의가 무시됩니다.
     1>TCPServer.obj : warning LNK4006: "public: __thiscall CMyString::~CMyString(void)" (??1CMyString@@QAE@XZ)이(가) Commucation.obj에 이미 정의되어 있습니다. 초 정의가 무시됩니다.
     1>TCPServer.obj : warning LNK4006: "public: int __thiscall CMyString::getSize(void)" (?getSize@CMyString@@QAEHXZ)이(가) Commucation.obj에 이미 정의되어 있습니다. 초 정의가 무시됩니다.
     1>TCPServer.obj : warning LNK4006: "public: int __thiscall CMyString::getSize(char *)" (?getSize@CMyString@@QAEHPAD@Z)이(가) Commucation.obj에 이미 정의되어 있습니다. 초 정의가 무시됩니다.
     1>TCPServer.obj : warning LNK4006: "public: void __thiscall CMyString::print(void)" (?print@CMyString@@QAEXXZ)이(가) Commucation.obj에 이미 정의되어 있습니다. 초 정의가 무시됩니다.
     1>TCPServer.obj : warning LNK4006: "class CMyString __cdecl operator+(class CMyString &,class CMyString &)" (??H@YA?AVCMyString@@AAV0@0@Z)이(가) Commucation.obj에 이미 정의되어 있습니다. 초 정의가 무시됩니다.
     1>TCPServer.obj : warning LNK4006: "class CMyString __cdecl operator+=(class CMyString &,class CMyString &)" (??Y@YA?AVCMyString@@AAV0@0@Z)이(가) Commucation.obj에 이미 정의되어 있습니다. 초 정의가 무시됩니다.
     1>TCPServer.obj : warning LNK4006: "public: class CMyString __thiscall CMyString::operator=(class CMyString &)" (??4CMyString@@QAE?AV0@AAV0@@Z)이(가) Commucation.obj에 이미 정의되어 있습니다. 초 정의가 무시됩니다.
     1>TCPServer.obj : warning LNK4006: "public: class CMyString __thiscall CMyString::operator=(char *)" (??4CMyString@@QAE?AV0@PAD@Z)이(가) Commucation.obj에 이미 정의되어 있습니다. 초 정의가 무시됩니다.
     1>TCPServer.obj : warning LNK4006: "public: class CMyString __thiscall CMyString::operator=(int)" (??4CMyString@@QAE?AV0@H@Z)이(가) Commucation.obj에 이미 정의되어 있습니다. 초 정의가 무시됩니다.
     1>TCPServer.obj : warning LNK4006: "bool __cdecl operator==(class CMyString &,class CMyString &)" (??8@YA_NAAVCMyString@@0@Z)이(가) Commucation.obj에 이미 정의되어 있습니다. 초 정의가 무시됩니다.
     1>TCPServer.obj : warning LNK4006: "public: __thiscall CMyString::operator char *(void)const " (??BCMyString@@QBEPADXZ)이(가) Commucation.obj에 이미 정의되어 있습니다. 초 정의가 무시됩니다.
     1>TCPServer.obj : warning LNK4006: "class std::basic_istream<char,struct std::char_traits<char> > & __cdecl operator>>(class std::basic_istream<char,struct std::char_traits<char> > &,class CMyString &)" (??5@YAAAV?$basic_istream@DU?$char_traits@D@std@@@std@@AAV01@AAVCMyString@@@Z)이(가) Commucation.obj에 이미 정의되어 있습니다. 초 정의가 무시됩니다.
     1>TCPServer.obj : warning LNK4006: "public: void __thiscall CMyString::SetStringSize(void)" (?SetStringSize@CMyString@@QAEXXZ)이(가) Commucation.obj에 이미 정의되어 있습니다. 초 정의가 무시됩니다.
     1>UDP.obj : warning LNK4006: "public: __thiscall CMyString::CMyString(void)" (??0CMyString@@QAE@XZ)이(가) Commucation.obj에 이미 정의되어 있습니다. 초 정의가 무시됩니다.
     1>UDP.obj : warning LNK4006: "public: __thiscall CMyString::CMyString(char *)" (??0CMyString@@QAE@PAD@Z)이(가) Commucation.obj에 이미 정의되어 있습니다. 초 정의가 무시됩니다.
     1>UDP.obj : warning LNK4006: "public: __thiscall CMyString::CMyString(class CMyString &)" (??0CMyString@@QAE@AAV0@@Z)이(가) Commucation.obj에 이미 정의되어 있습니다. 초 정의가 무시됩니다.
     1>UDP.obj : warning LNK4006: "public: __thiscall CMyString::~CMyString(void)" (??1CMyString@@QAE@XZ)이(가) Commucation.obj에 이미 정의되어 있습니다. 초 정의가 무시됩니다.
     1>UDP.obj : warning LNK4006: "public: int __thiscall CMyString::getSize(void)" (?getSize@CMyString@@QAEHXZ)이(가) Commucation.obj에 이미 정의되어 있습니다. 초 정의가 무시됩니다.
     1>UDP.obj : warning LNK4006: "public: int __thiscall CMyString::getSize(char *)" (?getSize@CMyString@@QAEHPAD@Z)이(가) Commucation.obj에 이미 정의되어 있습니다. 초 정의가 무시됩니다.
     1>UDP.obj : warning LNK4006: "public: void __thiscall CMyString::print(void)" (?print@CMyString@@QAEXXZ)이(가) Commucation.obj에 이미 정의되어 있습니다. 초 정의가 무시됩니다.
     1>UDP.obj : warning LNK4006: "class CMyString __cdecl operator+(class CMyString &,class CMyString &)" (??H@YA?AVCMyString@@AAV0@0@Z)이(가) Commucation.obj에 이미 정의되어 있습니다. 초 정의가 무시됩니다.
     1>UDP.obj : warning LNK4006: "class CMyString __cdecl operator+=(class CMyString &,class CMyString &)" (??Y@YA?AVCMyString@@AAV0@0@Z)이(가) Commucation.obj에 이미 정의되어 있습니다. 초 정의가 무시됩니다.
     1>UDP.obj : warning LNK4006: "public: class CMyString __thiscall CMyString::operator=(class CMyString &)" (??4CMyString@@QAE?AV0@AAV0@@Z)이(가) Commucation.obj에 이미 정의되어 있습니다. 초 정의가 무시됩니다.
     1>UDP.obj : warning LNK4006: "public: class CMyString __thiscall CMyString::operator=(char *)" (??4CMyString@@QAE?AV0@PAD@Z)이(가) Commucation.obj에 이미 정의되어 있습니다. 초 정의가 무시됩니다.
     1>UDP.obj : warning LNK4006: "public: class CMyString __thiscall CMyString::operator=(int)" (??4CMyString@@QAE?AV0@H@Z)이(가) Commucation.obj에 이미 정의되어 있습니다. 초 정의가 무시됩니다.
     1>UDP.obj : warning LNK4006: "bool __cdecl operator==(class CMyString &,class CMyString &)" (??8@YA_NAAVCMyString@@0@Z)이(가) Commucation.obj에 이미 정의되어 있습니다. 초 정의가 무시됩니다.
     1>UDP.obj : warning LNK4006: "public: __thiscall CMyString::operator char *(void)const " (??BCMyString@@QBEPADXZ)이(가) Commucation.obj에 이미 정의되어 있습니다. 초 정의가 무시됩니다.
     1>UDP.obj : warning LNK4006: "class std::basic_istream<char,struct std::char_traits<char> > & __cdecl operator>>(class std::basic_istream<char,struct std::char_traits<char> > &,class CMyString &)" (??5@YAAAV?$basic_istream@DU?$char_traits@D@std@@@std@@AAV01@AAVCMyString@@@Z)이(가) Commucation.obj에 이미 정의되어 있습니다. 초 정의가 무시됩니다.
     1>UDP.obj : warning LNK4006: "public: void __thiscall CMyString::SetStringSize(void)" (?SetStringSize@CMyString@@QAEXXZ)이(가) Commucation.obj에 이미 정의되어 있습니다. 초 정의가 무시됩니다.
            C:\Users\daehyun.han\Documents\Visual Studio 2010\Projects\09COMmodule_18040206HanDaeHyun\Debug\Chapter09 dll.lib 라이브러리 및 C:\Users\daehyun.han\Documents\Visual Studio 2010\Projects\09COMmodule_18040206HanDaeHyun\Debug\Chapter09 dll.exp 개체를 생성하고 있습니다.
     1>C:\Users\daehyun.han\Documents\Visual Studio 2010\Projects\09COMmodule_18040206HanDaeHyun\Debug\Chapter09 dll.dll : warning LNK4088: /FORCE 옵션을 사용하여 생성하는 이미지입니다. 이미지가 실행되지 않을 수도 있습니다.
         Chapter09 dll.vcxproj -> C:\Users\daehyun.han\Documents\Visual Studio 2010\Projects\09COMmodule_18040206HanDaeHyun\Debug\Chapter09 dll.dll
       FinalizeBuildStatus:
         "Debug\Chapter09 dll.unsuccessfulbuild" 파일을 삭제하고 있습니다.
         "Debug\Chapter09 dll.lastbuildstate"에 연결(touching)하고 있습니다.
     1>"C:\Users\daehyun.han\Documents\Visual Studio 2010\Projects\09COMmodule_18040206HanDaeHyun\Chapter09 dll\Chapter09 dll.vcxproj" 프로젝트를 빌드했습니다(rebuild 대상).

빌드했습니다.

경과 시간: 00:00:04.86
