빌드 시작: 2018-04-13 오후 4:13:04
     1>4 노드의 "C:\Users\daehyun.han\Documents\Visual Studio 2010\Projects\08LIB_18040206HanDaeHyun\Chapter(8-1)\Chapter(8-1).vcxproj" 프로젝트(build 대상)입니다.
     1>InitializeBuildStatus:
         "AlwaysCreate"이(가) 지정되었기 때문에 "Release\Chapter(8-1 Static Library).unsuccessfulbuild"을(를) 만들고 있습니다.
       ClCompile:
         C:\Program Files (x86)\Microsoft Visual Studio 10.0\VC\bin\CL.exe /c /Zi /nologo /W3 /WX- /O2 /Oi /Oy- /GL /D WIN32 /D NDEBUG /D _CONSOLE /D _UNICODE /D UNICODE /Gm- /EHsc /MD /GS /Gy /fp:precise /Zc:wchar_t /Zc:forScope /Fo"Release\\" /Fd"Release\vc100.pdb" /Gd /TP /analyze- /errorReport:prompt "Chap(8-1).cpp"
         Chap(8-1).cpp
     1>c:\users\daehyun.han\documents\visual studio 2010\projects\08lib_18040206handaehyun\chapter(8-1)\CTimer.h(3): warning C4005: 'TRUE' : 매크로 재정의
                 C:\Program Files (x86)\Microsoft SDKs\Windows\v7.0A\include\windef.h(72) : 'TRUE'의 이전 정의를 참조하십시오.
     1>c:\users\daehyun.han\documents\visual studio 2010\projects\08lib_18040206handaehyun\chapter(8-1)\CTimer.h(4): warning C4005: 'FALSE' : 매크로 재정의
                 C:\Program Files (x86)\Microsoft SDKs\Windows\v7.0A\include\windef.h(68) : 'FALSE'의 이전 정의를 참조하십시오.
       Link:
         C:\Program Files (x86)\Microsoft Visual Studio 10.0\VC\bin\link.exe /ERRORREPORT:PROMPT /OUT:"C:\Users\daehyun.han\Documents\Visual Studio 2010\Projects\08LIB_18040206HanDaeHyun\Release\Chapter(8-1 Static Library).exe" /INCREMENTAL:NO /NOLOGO kernel32.lib user32.lib gdi32.lib winspool.lib comdlg32.lib advapi32.lib shell32.lib ole32.lib oleaut32.lib uuid.lib odbc32.lib odbccp32.lib /MANIFEST /ManifestFile:"Release\Chapter(8-1 Static Library).exe.intermediate.manifest" /MANIFESTUAC:"level='asInvoker' uiAccess='false'" /DEBUG /PDB:"C:\Users\daehyun.han\Documents\Visual Studio 2010\Projects\08LIB_18040206HanDaeHyun\Release\Chapter(8-1 Static Library).pdb" /SUBSYSTEM:CONSOLE /OPT:REF /OPT:ICF /LTCG /TLBID:1 /DYNAMICBASE /NXCOMPAT /IMPLIB:"C:\Users\daehyun.han\Documents\Visual Studio 2010\Projects\08LIB_18040206HanDaeHyun\Release\Chapter(8-1 Static Library).lib" /MACHINE:X86 "Release\Chap(8-1).obj"
     1>Chapter(8-1 HDH_SLIB_CHANGER).lib(CConversion.obj) : error LNK2038: '_ITERATOR_DEBUG_LEVEL'에 대해 불일치가 검색되었습니다. '2' 값이 '0'(Chap(8-1).obj에 위치) 값과 일치하지 않습니다.
     1>Chapter(8-1 HDH_SLIB_CHANGER).lib(CConversion.obj) : warning LNK4075: '/EDITANDCONTINUE'이(가) '/OPT:ICF' 사양으로 인해 무시됩니다.
     1>Chapter(8-1 HDH_SLIB_CHANGER).lib(CMyString.obj) : error LNK2038: '_ITERATOR_DEBUG_LEVEL'에 대해 불일치가 검색되었습니다. '2' 값이 '0'(Chap(8-1).obj에 위치) 값과 일치하지 않습니다.
     1>LINK : warning LNK4098: 'MSVCRTD' defaultlib가 다른 라이브러리와 충돌합니다. /NODEFAULTLIB:library를 사용하십시오.
     1>C:\Users\daehyun.han\Documents\Visual Studio 2010\Projects\08LIB_18040206HanDaeHyun\Release\Chapter(8-1 Static Library).exe : fatal error LNK1319: 2개의 불일치가 검색되었습니다.
     1>"C:\Users\daehyun.han\Documents\Visual Studio 2010\Projects\08LIB_18040206HanDaeHyun\Chapter(8-1)\Chapter(8-1).vcxproj" 프로젝트를 빌드했습니다(build 대상). - 실패

빌드하지 못했습니다.

경과 시간: 00:00:01.48
