C:\USERS\DAEHYUN.HAN\DOCUMENTS\VISUAL STUDIO 2010\PROJECTS\08LIB_18040206HANDAEHYUN\CHAPTER(8-1 HDH_DLIB_CHANGER)\DEBUG\CCONVERSION.OBJ
C:\USERS\DAEHYUN.HAN\DOCUMENTS\VISUAL STUDIO 2010\PROJECTS\08LIB_18040206HANDAEHYUN\CHAPTER(8-1 HDH_DLIB_CHANGER)\DEBUG\CHAPTER(8-1 HDH_DLIB_CHANGER).DLL.EMBED.MANIFEST
C:\USERS\DAEHYUN.HAN\DOCUMENTS\VISUAL STUDIO 2010\PROJECTS\08LIB_18040206HANDAEHYUN\CHAPTER(8-1 HDH_DLIB_CHANGER)\DEBUG\CHAPTER(8-1 HDH_DLIB_CHANGER).DLL.EMBED.MANIFEST.RES
C:\USERS\DAEHYUN.HAN\DOCUMENTS\VISUAL STUDIO 2010\PROJECTS\08LIB_18040206HANDAEHYUN\CHAPTER(8-1 HDH_DLIB_CHANGER)\DEBUG\CHAPTER(8-1 HDH_DLIB_CHANGER).DLL.INTERMEDIATE.MANIFEST
C:\USERS\DAEHYUN.HAN\DOCUMENTS\VISUAL STUDIO 2010\PROJECTS\08LIB_18040206HANDAEHYUN\CHAPTER(8-1 HDH_DLIB_CHANGER)\DEBUG\CHAPTER(8-1 HDH_DLIB_CHANGER).PCH
C:\USERS\DAEHYUN.HAN\DOCUMENTS\VISUAL STUDIO 2010\PROJECTS\08LIB_18040206HANDAEHYUN\CHAPTER(8-1 HDH_DLIB_CHANGER)\DEBUG\CHAPTER(8-1 HDH_DLIB_CHANGER).RES
C:\Users\daehyun.han\Documents\Visual Studio 2010\Projects\08LIB_18040206HanDaeHyun\Chapter(8-1 HDH_DLIB_Changer)\Debug\Chapter(8-1 HDH_DLIB_Changer).write.1.tlog
C:\Users\daehyun.han\Documents\Visual Studio 2010\Projects\08LIB_18040206HanDaeHyun\Chapter(8-1 HDH_DLIB_Changer)\Debug\Chapter(8-1 HDH_DLIB_Changer)_manifest.rc
C:\Users\daehyun.han\Documents\Visual Studio 2010\Projects\08LIB_18040206HanDaeHyun\Chapter(8-1 HDH_DLIB_Changer)\Debug\cl.command.1.tlog
C:\Users\daehyun.han\Documents\Visual Studio 2010\Projects\08LIB_18040206HanDaeHyun\Chapter(8-1 HDH_DLIB_Changer)\Debug\CL.read.1.tlog
C:\Users\daehyun.han\Documents\Visual Studio 2010\Projects\08LIB_18040206HanDaeHyun\Chapter(8-1 HDH_DLIB_Changer)\Debug\CL.write.1.tlog
C:\USERS\DAEHYUN.HAN\DOCUMENTS\VISUAL STUDIO 2010\PROJECTS\08LIB_18040206HANDAEHYUN\CHAPTER(8-1 HDH_DLIB_CHANGER)\DEBUG\CLOGGER.OBJ
C:\USERS\DAEHYUN.HAN\DOCUMENTS\VISUAL STUDIO 2010\PROJECTS\08LIB_18040206HANDAEHYUN\CHAPTER(8-1 HDH_DLIB_CHANGER)\DEBUG\CMYSTRING.OBJ
C:\USERS\DAEHYUN.HAN\DOCUMENTS\VISUAL STUDIO 2010\PROJECTS\08LIB_18040206HANDAEHYUN\CHAPTER(8-1 HDH_DLIB_CHANGER)\DEBUG\CTIMER.OBJ
C:\Users\daehyun.han\Documents\Visual Studio 2010\Projects\08LIB_18040206HanDaeHyun\Chapter(8-1 HDH_DLIB_Changer)\Debug\link.9716.read.1.tlog
C:\Users\daehyun.han\Documents\Visual Studio 2010\Projects\08LIB_18040206HanDaeHyun\Chapter(8-1 HDH_DLIB_Changer)\Debug\link.9716.write.1.tlog
C:\Users\daehyun.han\Documents\Visual Studio 2010\Projects\08LIB_18040206HanDaeHyun\Chapter(8-1 HDH_DLIB_Changer)\Debug\link.9716-cvtres.read.1.tlog
C:\Users\daehyun.han\Documents\Visual Studio 2010\Projects\08LIB_18040206HanDaeHyun\Chapter(8-1 HDH_DLIB_Changer)\Debug\link.9716-cvtres.write.1.tlog
C:\Users\daehyun.han\Documents\Visual Studio 2010\Projects\08LIB_18040206HanDaeHyun\Chapter(8-1 HDH_DLIB_Changer)\Debug\link.command.1.tlog
C:\Users\daehyun.han\Documents\Visual Studio 2010\Projects\08LIB_18040206HanDaeHyun\Chapter(8-1 HDH_DLIB_Changer)\Debug\link.read.1.tlog
C:\Users\daehyun.han\Documents\Visual Studio 2010\Projects\08LIB_18040206HanDaeHyun\Chapter(8-1 HDH_DLIB_Changer)\Debug\link.write.1.tlog
C:\Users\daehyun.han\Documents\Visual Studio 2010\Projects\08LIB_18040206HanDaeHyun\Chapter(8-1 HDH_DLIB_Changer)\Debug\link-cvtres.read.1.tlog
C:\Users\daehyun.han\Documents\Visual Studio 2010\Projects\08LIB_18040206HanDaeHyun\Chapter(8-1 HDH_DLIB_Changer)\Debug\link-cvtres.write.1.tlog
C:\Users\daehyun.han\Documents\Visual Studio 2010\Projects\08LIB_18040206HanDaeHyun\Chapter(8-1 HDH_DLIB_Changer)\Debug\mt.command.1.tlog
C:\Users\daehyun.han\Documents\Visual Studio 2010\Projects\08LIB_18040206HanDaeHyun\Chapter(8-1 HDH_DLIB_Changer)\Debug\mt.read.1.tlog
C:\Users\daehyun.han\Documents\Visual Studio 2010\Projects\08LIB_18040206HanDaeHyun\Chapter(8-1 HDH_DLIB_Changer)\Debug\mt.write.1.tlog
C:\Users\daehyun.han\Documents\Visual Studio 2010\Projects\08LIB_18040206HanDaeHyun\Chapter(8-1 HDH_DLIB_Changer)\Debug\rc.command.1.tlog
C:\Users\daehyun.han\Documents\Visual Studio 2010\Projects\08LIB_18040206HanDaeHyun\Chapter(8-1 HDH_DLIB_Changer)\Debug\rc.read.1.tlog
C:\Users\daehyun.han\Documents\Visual Studio 2010\Projects\08LIB_18040206HanDaeHyun\Chapter(8-1 HDH_DLIB_Changer)\Debug\rc.write.1.tlog
C:\USERS\DAEHYUN.HAN\DOCUMENTS\VISUAL STUDIO 2010\PROJECTS\08LIB_18040206HANDAEHYUN\CHAPTER(8-1 HDH_DLIB_CHANGER)\DEBUG\STDAFX.OBJ
C:\Users\daehyun.han\Documents\Visual Studio 2010\Projects\08LIB_18040206HanDaeHyun\Chapter(8-1 HDH_DLIB_Changer)\Debug\vc100.idb
C:\USERS\DAEHYUN.HAN\DOCUMENTS\VISUAL STUDIO 2010\PROJECTS\08LIB_18040206HANDAEHYUN\CHAPTER(8-1 HDH_DLIB_CHANGER)\DEBUG\VC100.PDB
C:\USERS\DAEHYUN.HAN\DOCUMENTS\VISUAL STUDIO 2010\PROJECTS\08LIB_18040206HANDAEHYUN\DEBUG\CHAPTER(8-1 HDH_DLIB_CHANGER).DLL
C:\Users\daehyun.han\Documents\Visual Studio 2010\Projects\08LIB_18040206HanDaeHyun\Debug\Chapter(8-1 HDH_DLIB_Changer).exp
C:\USERS\DAEHYUN.HAN\DOCUMENTS\VISUAL STUDIO 2010\PROJECTS\08LIB_18040206HANDAEHYUN\DEBUG\CHAPTER(8-1 HDH_DLIB_CHANGER).ILK
C:\Users\daehyun.han\Documents\Visual Studio 2010\Projects\08LIB_18040206HanDaeHyun\Debug\Chapter(8-1 HDH_DLIB_Changer).lib
C:\USERS\DAEHYUN.HAN\DOCUMENTS\VISUAL STUDIO 2010\PROJECTS\08LIB_18040206HANDAEHYUN\DEBUG\CHAPTER(8-1 HDH_DLIB_CHANGER).PDB
