빌드 시작: 2018-04-17 오후 7:09:22
     1>2 노드의 "c:\Users\daehyun.han\documents\visual studio 2010\Projects\09COMmodule_18040206HanDaeHyun\09COMmodule_18040206HanDaeHyun\09COMmodule_18040206HanDaeHyun.vcxproj" 프로젝트(build 대상)입니다.
     1>InitializeBuildStatus:
         "AlwaysCreate"이(가) 지정되었기 때문에 "Debug\09COMmodule_18040206HanDaeHyun.unsuccessfulbuild"을(를) 만들고 있습니다.
       ClCompile:
         모든 출력이 최신 상태입니다.
         C:\Program Files (x86)\Microsoft Visual Studio 10.0\VC\bin\CL.exe /c /ZI /nologo /W3 /WX- /Od /Oy- /D WIN32 /D _WINDOWS /D _DEBUG /D _MBCS /D _AFXDLL /Gm /EHsc /RTC1 /MDd /GS /fp:precise /Zc:wchar_t /Zc:forScope /Yu"StdAfx.h" /Fp"Debug\09COMmodule_18040206HanDaeHyun.pch" /Fo"Debug\\" /Fd"Debug\vc100.pdb" /Gd /TP /analyze- /errorReport:prompt 09COMmodule_18040206HanDaeHyun.cpp CChapter91Dlg.cpp CSerialCommunicationDoc.cpp
         CSerialCommunicationDoc.cpp
         CChapter91Dlg.cpp
     1>c:\users\daehyun.han\documents\visual studio 2010\projects\09commodule_18040206handaehyun\09commodule_18040206handaehyun\cchapter91dlg.cpp(34): error C2594: 'static_cast' : 'void (__thiscall CChapter91Dlg::* )(void)'에서 'AFX_PMSG'(으)로의 변환이 모호합니다.
     1>c:\users\daehyun.han\documents\visual studio 2010\projects\09commodule_18040206handaehyun\09commodule_18040206handaehyun\cchapter91dlg.cpp(35): error C2594: 'static_cast' : 'void (__thiscall CChapter91Dlg::* )(void)'에서 'AFX_PMSG'(으)로의 변환이 모호합니다.
     1>c:\users\daehyun.han\documents\visual studio 2010\projects\09commodule_18040206handaehyun\09commodule_18040206handaehyun\cchapter91dlg.cpp(36): error C2594: 'static_cast' : 'void (__thiscall CChapter91Dlg::* )(void)'에서 'AFX_PMSG'(으)로의 변환이 모호합니다.
     1>c:\users\daehyun.han\documents\visual studio 2010\projects\09commodule_18040206handaehyun\09commodule_18040206handaehyun\cchapter91dlg.cpp(37): error C2594: 'static_cast' : 'void (__thiscall CChapter91Dlg::* )(void)'에서 'AFX_PMSG'(으)로의 변환이 모호합니다.
     1>c:\users\daehyun.han\documents\visual studio 2010\projects\09commodule_18040206handaehyun\09commodule_18040206handaehyun\cchapter91dlg.cpp(137): fatal error C1075: 왼쪽 중괄호 '{'(위치: 'c:\users\daehyun.han\documents\visual studio 2010\projects\09commodule_18040206handaehyun\09commodule_18040206handaehyun\cchapter91dlg.cpp(127)')이(가) 짝이 되기 전에 파일의 끝이 나타났습니다.
         코드를 생성하고 있습니다...
         컴파일하고 있습니다...
         09COMmodule_18040206HanDaeHyun.cpp
         코드를 생성하고 있습니다...
     1>"c:\Users\daehyun.han\documents\visual studio 2010\Projects\09COMmodule_18040206HanDaeHyun\09COMmodule_18040206HanDaeHyun\09COMmodule_18040206HanDaeHyun.vcxproj" 프로젝트를 빌드했습니다(build 대상). - 실패

빌드하지 못했습니다.

경과 시간: 00:00:00.68
