빌드 시작: 2018-04-16 오전 9:37:47
     1>2 노드의 "C:\Users\daehyun.han\documents\visual studio 2010\Projects\08LIB_18040206HanDaeHyun\Chapter(8-1 Explicit Dynamic Library)\Chapter(8-1 Explicit Dynamic Library).vcxproj" 프로젝트(build 대상)입니다.
     1>InitializeBuildStatus:
         "AlwaysCreate"이(가) 지정되었기 때문에 "Debug\Chapter(8-1 Explicit Dynamic Library).unsuccessfulbuild"을(를) 만들고 있습니다.
       ClCompile:
         C:\Program Files (x86)\Microsoft Visual Studio 10.0\VC\bin\CL.exe /c /ZI /nologo /W3 /WX- /Od /Oy- /D WIN32 /D _DEBUG /D _CONSOLE /D _UNICODE /D UNICODE /D _AFXDLL /Gm /EHsc /RTC1 /MDd /GS /fp:precise /Zc:wchar_t /Zc:forScope /Fo"Debug\\" /Fd"Debug\vc100.pdb" /Gd /TP /analyze- /errorReport:prompt "Chapter(8-1 Explicit Dynamic Library).cpp"
         Chapter(8-1 Explicit Dynamic Library).cpp
     1>c:\users\daehyun.han\documents\visual studio 2010\projects\08lib_18040206handaehyun\chapter(8-1 explicit dynamic library)\ctimer.h(4): warning C4005: 'TRUE' : 매크로 재정의
                 c:\program files (x86)\microsoft visual studio 10.0\vc\atlmfc\include\afx.h(235) : 'TRUE'의 이전 정의를 참조하십시오.
     1>c:\users\daehyun.han\documents\visual studio 2010\projects\08lib_18040206handaehyun\chapter(8-1 explicit dynamic library)\ctimer.h(5): warning C4005: 'FALSE' : 매크로 재정의
                 c:\program files (x86)\microsoft visual studio 10.0\vc\atlmfc\include\afx.h(234) : 'FALSE'의 이전 정의를 참조하십시오.
       ManifestResourceCompile:
         모든 출력이 최신 상태입니다.
       Link:
         C:\Program Files (x86)\Microsoft Visual Studio 10.0\VC\bin\link.exe /ERRORREPORT:PROMPT /OUT:"C:\Users\daehyun.han\documents\visual studio 2010\Projects\08LIB_18040206HanDaeHyun\Debug\Chapter(8-1 Explicit Dynamic Library).exe" /INCREMENTAL /NOLOGO /MANIFEST /ManifestFile:"Debug\Chapter(8-1 Explicit Dynamic Library).exe.intermediate.manifest" /MANIFESTUAC:"level='asInvoker' uiAccess='false'" /DEBUG /PDB:"C:\Users\daehyun.han\documents\visual studio 2010\Projects\08LIB_18040206HanDaeHyun\Debug\Chapter(8-1 Explicit Dynamic Library).pdb" /SUBSYSTEM:CONSOLE /TLBID:1 /DYNAMICBASE /NXCOMPAT /IMPLIB:"C:\Users\daehyun.han\documents\visual studio 2010\Projects\08LIB_18040206HanDaeHyun\Debug\Chapter(8-1 Explicit Dynamic Library).lib" /MACHINE:X86 "Debug\Chapter(8-1 Explicit Dynamic Library).exe.embed.manifest.res"
         "Debug\Chapter(8-1 Explicit Dynamic Library).obj"
       Manifest:
         C:\Program Files (x86)\Microsoft SDKs\Windows\v7.0A\bin\mt.exe /nologo /verbose /out:"Debug\Chapter(8-1 Explicit Dynamic Library).exe.embed.manifest" /manifest "Debug\Chapter(8-1 Explicit Dynamic Library).exe.intermediate.manifest" "C:\Program Files (x86)\Microsoft Visual Studio 10.0\VC\Include\Manifest\dpiaware.manifest"
         모든 출력이 최신 상태입니다.
       LinkEmbedManifest:
         모든 출력이 최신 상태입니다.
         Chapter(8-1 Explicit Dynamic Library).vcxproj -> C:\Users\daehyun.han\documents\visual studio 2010\Projects\08LIB_18040206HanDaeHyun\Debug\Chapter(8-1 Explicit Dynamic Library).exe
       FinalizeBuildStatus:
         "Debug\Chapter(8-1 Explicit Dynamic Library).unsuccessfulbuild" 파일을 삭제하고 있습니다.
         "Debug\Chapter(8-1 Explicit Dynamic Library).lastbuildstate"에 연결(touching)하고 있습니다.
     1>"C:\Users\daehyun.han\documents\visual studio 2010\Projects\08LIB_18040206HanDaeHyun\Chapter(8-1 Explicit Dynamic Library)\Chapter(8-1 Explicit Dynamic Library).vcxproj" 프로젝트를 빌드했습니다(build 대상).

빌드했습니다.

경과 시간: 00:00:02.61
